Starting Dynare (version 5.0).
Calling Dynare with arguments: none
Starting preprocessing of the model file ...
Ramsey Problem: added 32 Multipliers.
Found 32 equation(s).
Found 65 FOC equation(s) for Ramsey Problem.
Evaluating expressions...done
Computing static model derivatives (order 1).
Computing dynamic model derivatives (order 2).
Computing dynamic model derivatives (order 2).
Computing static model derivatives (order 3).
Processing outputs ...
done
Preprocessing completed.


OPTIMAL SIMPLE RULE


OSR: Initial value of the objective function: 4.02885 

  n=8: (5,10)-CMA-ES(w=[46 27 16 9 3]%, mu_eff=3.2) on function osr_obj
Iterat, #Fevals:   Function Value    (median,worst) |Axis Ratio|idx:Min SD idx:Max SD
    1 ,     11 : 4.1640460350794e+00 +(4e+00,1e+01) | 1.06e+00 |  4:3.5e+00  8:3.5e+00
    2 ,     21 : 2.7578744685175e+00 +(3e+00,1e+01) | 1.14e+00 |  4:3.4e+00  5:3.5e+00
   10 ,    101 : 1.6385527835140e+00 +(6e-01,6e+00) | 1.49e+00 |  8:2.3e+00  1:2.6e+00
   20 ,    201 : 1.2507947976561e+00 +(7e-01,1e+00) | 1.85e+00 |  6:2.0e+00  4:2.6e+00
   30 ,    301 : 1.0600421240754e+00 +(1e-01,6e-01) | 1.98e+00 |  2:1.2e+00  4:1.5e+00
   40 ,    401 : 8.6939358882751e-01 +(5e-02,1e-01) | 2.15e+00 |  2:5.5e-01  4:7.1e-01
   50 ,    501 : 8.7601102028229e-01 +(1e-02,5e-02) | 2.69e+00 |  3:2.7e-01  4:3.7e-01
   60 ,    601 : 8.5449328355503e-01 +(8e-03,2e-02) | 3.09e+00 |  8:2.1e-01  4:3.6e-01
   70 ,    701 : 8.3279892632772e-01 +(2e-02,4e-02) | 4.61e+00 |  8:2.0e-01  3:4.5e-01
   80 ,    801 : 8.2310141325881e-01 +(7e-03,2e-02) | 4.96e+00 |  8:1.5e-01  2:3.5e-01
   90 ,    901 : 8.0914571637850e-01 +(9e-03,2e-02) | 6.26e+00 |  8:1.4e-01  4:4.1e-01
Iterat, #Fevals:   Function Value    (median,worst) |Axis Ratio|idx:Min SD idx:Max SD
  100 ,   1001 : 7.8397808391517e-01 +(6e-03,1e-02) | 1.13e+01 |  8:1.5e-01  1:6.9e-01
  110 ,   1101 : 7.4693817487763e-01 +(2e-02,4e-02) | 1.48e+01 |  8:1.2e-01  1:8.1e-01
  120 ,   1201 : 7.3968891984749e-01 +(9e-03,2e-02) | 1.57e+01 |  7:1.0e-01  1:6.6e-01
  130 ,   1301 : 7.3079714093581e-01 +(2e-03,4e-03) | 1.40e+01 |  7:5.2e-02  2:3.2e-01
  140 ,   1401 : 7.2991369805159e-01 +(9e-04,3e-03) | 1.23e+01 |  7:2.2e-02  2:1.3e-01
  150 ,   1501 : 7.2966295650250e-01 +(4e-04,1e-03) | 1.11e+01 |  7:1.1e-02  4:5.5e-02
  160 ,   1601 : 7.2959606477903e-01 +(6e-05,3e-04) | 9.65e+00 |  7:7.3e-03  4:3.5e-02
  170 ,   1701 : 7.2956698403818e-01 +(9e-05,5e-04) | 8.76e+00 |  7:7.1e-03  4:3.4e-02
  180 ,   1801 : 7.2950203454670e-01 +(2e-05,1e-04) | 7.72e+00 |  7:3.7e-03  3:1.6e-02
  190 ,   1901 : 7.2948788049228e-01 +(2e-05,2e-04) | 7.66e+00 |  7:2.1e-03  3:1.0e-02
Iterat, #Fevals:   Function Value    (median,worst) |Axis Ratio|idx:Min SD idx:Max SD
  200 ,   2001 : 7.2946160483464e-01 +(4e-05,1e-04) | 7.48e+00 |  7:2.7e-03  3:1.5e-02
  210 ,   2101 : 7.2943721584505e-01 +(4e-05,9e-05) | 8.16e+00 |  7:3.9e-03  3:2.6e-02
  220 ,   2201 : 7.2935199386596e-01 +(6e-05,2e-04) | 1.21e+01 |  7:4.4e-03  3:4.4e-02
  230 ,   2301 : 7.2926562383544e-01 +(5e-05,2e-04) | 1.45e+01 |  7:5.8e-03  3:7.4e-02
  240 ,   2401 : 7.2923371839616e-01 +(3e-05,4e-05) | 1.40e+01 |  7:3.5e-03  3:4.6e-02
  250 ,   2501 : 7.2921256137989e-01 +(1e-05,3e-05) | 1.31e+01 |  7:2.5e-03  3:3.0e-02
  260 ,   2601 : 7.2921114052107e-01 +(9e-06,2e-05) | 1.21e+01 |  7:1.8e-03  3:1.8e-02
  270 ,   2701 : 7.2919936883768e-01 +(5e-06,3e-05) | 1.21e+01 |  7:1.7e-03  4:1.5e-02
  280 ,   2801 : 7.2919323567220e-01 +(2e-06,1e-05) | 1.13e+01 |  7:1.2e-03  4:1.1e-02
  290 ,   2901 : 7.2918900013087e-01 +(6e-06,4e-05) | 1.42e+01 |  7:7.6e-04  4:8.9e-03
Iterat, #Fevals:   Function Value    (median,worst) |Axis Ratio|idx:Min SD idx:Max SD
  300 ,   3001 : 7.2918413529867e-01 +(4e-06,1e-05) | 1.89e+01 |  7:7.5e-04  4:1.1e-02
  310 ,   3101 : 7.2917962409732e-01 +(7e-06,9e-05) | 2.55e+01 |  7:8.1e-04  4:1.7e-02
  320 ,   3201 : 7.2917642945440e-01 +(7e-07,1e-05) | 2.74e+01 |  7:4.0e-04  4:9.3e-03
  330 ,   3301 : 7.2917519754592e-01 +(2e-07,2e-06) | 3.24e+01 |  7:3.1e-04  4:8.8e-03
  340 ,   3401 : 7.2917515491969e-01 +(5e-07,1e-05) | 3.08e+01 |  7:2.2e-04  4:5.6e-03
  350 ,   3501 : 7.2917516565369e-01 +(8e-08,6e-07) | 3.20e+01 |  7:1.6e-04  4:3.6e-03
  360 ,   3601 : 7.2917514668214e-01 +(5e-08,2e-06) | 3.26e+01 |  7:1.6e-04  4:3.3e-03
  370 ,   3701 : 7.2917513621816e-01 +(3e-08,1e-06) | 3.97e+01 |  8:1.0e-04  4:2.2e-03
  380 ,   3801 : 7.2917513584201e-01 +(6e-09,1e-06) | 3.80e+01 |  7:6.9e-05  4:1.4e-03
  388 ,   3881 : 7.2917513443923e-01 +(1e-09,8e-08) | 4.22e+01 |  7:4.8e-05  4:1.2e-03
#Fevals:   f(returned x)   |    bestever.f     | stopflag (saved to variablescmaes.mat)
   3882: 7.29175134439e-01 | 7.29175134439e-01 | tolfun
mean solution: -1.0e+01 -8.5e+00 +1.0e+01 -4.4e+00 -3.4e+00 -1.0e+01 -1.0e+01 +1.0e+01
std deviation:  5.3e-05  8.9e-05  1.1e-04  1.2e-03  1.0e-04  6.4e-05  4.8e-05  5.1e-05
use plotcmaesdat.m for plotting the output at any time (option LogModulo must not be zero)

OPTIMAL VALUE OF THE PARAMETERS:

     COEF_y_gapH              -10

     COEF_y_gapF         -8.52708

       COEF_pieH               10

       COEF_pieF         -4.37855

COEF_y_gapH_starr         -3.39442

COEF_y_gapF_starr              -10

 COEF_pieH_starr              -10

 COEF_pieF_starr               10

Objective function :         0.729175



MODEL SUMMARY

  Number of variables:         65
  Number of stochastic shocks: 4
  Number of state variables:   8
  Number of jumpers:           11
  Number of static variables:  46


MATRIX OF COVARIANCE OF EXOGENOUS SHOCKS
Variables              eps_a        eps_xi   eps_a_starr  eps_xi_starr
eps_a               0.000000      0.000000      0.000000      0.000000
eps_xi              0.000000      0.000000      0.000000      0.000000
eps_a_starr         0.000000      0.000000      1.000000      0.000000
eps_xi_starr        0.000000      0.000000      0.000000      0.000000

POLICY AND TRANSITION FUNCTIONS
                                 pie               y               c               g       pie_starr         y_starr         c_starr         g_starr               s          pie_cu            y_cu            g_cu
a(-1)                      -0.015400        0.831596        0.604070        0.254524        0.017407        0.053416        0.335167       -1.122787        0.336128        0.001003        0.442506       -0.434132
xi(-1)                      0.058354       -0.095299       -0.006394       -2.814699       -0.009685       -0.027495       -0.001135       -1.035002       -0.006575        0.024334       -0.061397       -1.924851
a_starr(-1)                 0.016649        0.065323        0.318753       -0.189281       -0.016157        0.843369        0.587854        1.165396       -0.336377        0.000246        0.454346        0.488058
xi_starr(-1)               -0.006739       -0.036164        0.036128       -2.857244        0.058793       -0.095581        0.019737       -3.340559        0.020490        0.026027       -0.065873       -3.098902
MULT_1(-1)                  0.050480        0.718825        1.068326      -12.351343        0.028359        0.650131        1.008346       -9.162508        0.074974        0.039420        0.684478      -10.756926
MULT_2(-1)                  0.007657        0.041968        0.042139       -0.399582        0.001779        0.005709        0.027361       -0.258331        0.018473        0.004718        0.023839       -0.328956
MULT_3(-1)                  0.027148        0.562330        1.008898      -12.311336        0.051023        0.789966        1.061954       -9.569692       -0.066320        0.039085        0.676148      -10.940514
MULT_4(-1)                  0.001779        0.002874        0.028537       -0.408475        0.007691        0.042670        0.042719       -0.377331       -0.017727        0.004735        0.022772       -0.392903
eps_a                      -0.017111        0.923995        0.671189        0.282804        0.019341        0.059351        0.372408       -1.247541        0.373476        0.001115        0.491673       -0.482368
eps_xi                      0.064838       -0.105888       -0.007105       -3.127444       -0.010761       -0.030550       -0.001261       -1.150003       -0.007305        0.027038       -0.068219       -2.138723
eps_a_starr                 0.018499        0.072581        0.354170       -0.210312       -0.017952        0.937077        0.653172        1.294885       -0.373752        0.000273        0.504829        0.542286
eps_xi_starr               -0.007487       -0.040182        0.040143       -3.174716        0.065326       -0.106201        0.021930       -3.711732        0.022766        0.028919       -0.073192       -3.443224


THEORETICAL MOMENTS
VARIABLE          MEAN  STD. DEV.   VARIANCE
pie             0.0000     0.0411     0.0017
y               0.0000     0.3287     0.1081
c               0.0000     0.6855     0.4699
g               0.0000     0.4699     0.2208
pie_starr       0.0000     0.0411     0.0017
y_starr         0.0000     2.4965     6.2323
c_starr         0.0000     1.6347     2.6724
g_starr         0.0000     2.0918     4.3757
s               0.0000     1.2150     1.4762
pie_cu          0.0000     0.0004     0.0000
y_cu            0.0000     1.1430     1.3064
g_cu            0.0000     0.8370     0.7006



VARIANCE DECOMPOSITION (in percent)
                    eps_a        eps_xi   eps_a_starr  eps_xi_starr
pie                  0.00          0.00        100.00          0.00
y                    0.00          0.00        100.00          0.00
c                    0.00          0.00        100.00          0.00
g                    0.00          0.00        100.00          0.00
pie_starr            0.00          0.00        100.00          0.00
y_starr              0.00          0.00        100.00          0.00
c_starr              0.00          0.00        100.00          0.00
g_starr              0.00          0.00        100.00          0.00
s                    0.00          0.00        100.00          0.00
pie_cu               0.00          0.00        100.00          0.00
y_cu                 0.00          0.00        100.00          0.00
g_cu                 0.00          0.00        100.00          0.00



MATRIX OF CORRELATIONS
Variables          pie          y          c          g  pie_starr    y_starr    c_starr    g_starr          s     pie_cu       y_cu       g_cu
pie             1.0000     0.9413    -0.1667     0.3372    -0.9998    -0.3915    -0.3570     0.0672     0.4829     0.0246    -0.2922     0.1786
y               0.9413     1.0000    -0.4898     0.6344    -0.9437    -0.6792    -0.6514    -0.2736     0.7502    -0.1209    -0.5980    -0.1638
c              -0.1667    -0.4898     1.0000    -0.9819     0.1741     0.9726     0.9805     0.9724    -0.9439     0.4167     0.9917     0.9395
g               0.3372     0.6344    -0.9819     1.0000    -0.3454    -0.9958    -0.9973    -0.9126     0.9849    -0.4552    -0.9963    -0.8597
pie_starr      -0.9998    -0.9437     0.1741    -0.3454     1.0000     0.3984     0.3641    -0.0599    -0.4895    -0.0068     0.2994    -0.1718
y_starr        -0.3915    -0.6792     0.9726    -0.9958     0.3984     1.0000     0.9993     0.8917    -0.9948     0.3819     0.9944     0.8347
c_starr        -0.3570    -0.6514     0.9805    -0.9973     0.3641     0.9993     1.0000     0.9079    -0.9904     0.3892     0.9977     0.8545
g_starr         0.0672    -0.2736     0.9724    -0.9126    -0.0599     0.8917     0.9079     1.0000    -0.8411     0.4103     0.9344     0.9934
s               0.4829     0.7502    -0.9439     0.9849    -0.4895    -0.9948    -0.9904    -0.8411     1.0000    -0.3608    -0.9786    -0.7746
pie_cu          0.0246    -0.1209     0.4167    -0.4552    -0.0068     0.3819     0.3892     0.4103    -0.3608     1.0000     0.3996     0.3849
y_cu           -0.2922    -0.5980     0.9917    -0.9963     0.2994     0.9944     0.9977     0.9344    -0.9786     0.3996     1.0000     0.8880
g_cu            0.1786    -0.1638     0.9395    -0.8597    -0.1718     0.8347     0.8545     0.9934    -0.7746     0.3849     0.8880     1.0000



COEFFICIENTS OF AUTOCORRELATION
Order             1       2       3       4       5
pie          0.8357  0.7052  0.6003  0.5152  0.4452
y            0.9386  0.8733  0.8072  0.7423  0.6797
c            0.8560  0.7386  0.6418  0.5609  0.4927
g            0.8935  0.8122  0.7451  0.6862  0.6323
pie_starr    0.8452  0.7193  0.6162  0.5312  0.4605
y_starr      0.9267  0.8540  0.7834  0.7162  0.6528
c_starr      0.9167  0.8377  0.7635  0.6943  0.6303
g_starr      0.7853  0.6189  0.4901  0.3904  0.3131
s            0.9506  0.8930  0.8315  0.7689  0.7073
pie_cu       0.4677  0.2185  0.1209  0.0990  0.1105
y_cu         0.8972  0.8057  0.7240  0.6509  0.5853
g_cu         0.7617  0.5747  0.4299  0.3189  0.2345

ans = 

  <a href="matlab:helpPopup struct" style="font-weight:bold">struct</a> with fields:

          COEF_y_gapH: -10
          COEF_y_gapF: -8.5271
            COEF_pieH: 10
            COEF_pieF: -4.3786
    COEF_y_gapH_starr: -3.3944
    COEF_y_gapF_starr: -10
      COEF_pieH_starr: -10
      COEF_pieF_starr: 10

Total computing time : 0h00m24s
