Starting Dynare (version 5.0).
Calling Dynare with arguments: none
Starting preprocessing of the model file ...
WARNING: in the 'steady_state_model' block, variable 'pie_cu' is not assigned a value
WARNING: in the 'steady_state_model' block, variable 'y_cu' is not assigned a value
Ramsey Problem: added 13 Multipliers.
Found 13 equation(s).
Found 27 FOC equation(s) for Ramsey Problem.
Evaluating expressions...done
Computing static model derivatives (order 1).
Computing dynamic model derivatives (order 2).
Computing dynamic model derivatives (order 2).
Computing static model derivatives (order 3).
Processing outputs ...
done
Preprocessing completed.


OPTIMAL SIMPLE RULE


OSR: Initial value of the objective function: 3.20912 

  n=12: (5,11)-CMA-ES(w=[46 27 16 9 3]%, mu_eff=3.2) on function osr_obj
Iterat, #Fevals:   Function Value    (median,worst) |Axis Ratio|idx:Min SD idx:Max SD
    1 ,     12 : 3.1680596636810e+00 +(6e-02,1e-01) | 1.14e+00 |  7:1.0e-02  2:1.1e-02
    2 ,     23 : 3.0812428307997e+00 +(8e-02,2e-01) | 1.21e+00 |  3:1.1e-02  2:1.2e-02
   10 ,    111 : 2.5942306905056e+00 +(1e-01,2e-01) | 1.60e+00 |  5:2.1e-02  3:2.6e-02
   20 ,    221 : 1.3017464969119e+00 +(1e-01,4e-01) | 1.85e+00 | 12:1.1e-01  3:1.4e-01
   30 ,    331 : 5.9904429826846e-01 +(2e-01,8e-01) | 1.89e+00 | 12:2.7e-01  3:3.4e-01
   40 ,    441 : 1.5901826633142e-01 +(1e+00,1e+00) | 2.14e+00 | 12:7.3e-01 10:9.5e-01
   50 ,    551 : 2.5298157975899e-01 +(1e-01,7e-01) | 2.16e+00 |  4:5.1e-01 10:6.7e-01
   60 ,    661 : 1.6818727293807e-01 +(2e-01,7e-01) | 2.48e+00 |  4:4.2e-01 11:5.8e-01
   70 ,    771 : 1.1113713559069e-01 +(3e-02,2e-01) | 2.69e+00 |  2:3.6e-01  6:5.0e-01
   80 ,    881 : 9.1753134801636e-02 +(9e-02,4e-01) | 2.94e+00 |  2:3.8e-01  6:5.9e-01
   90 ,    991 : 8.5449631156639e-02 +(4e-02,1e-01) | 3.12e+00 |  2:2.8e-01 11:4.5e-01
Iterat, #Fevals:   Function Value    (median,worst) |Axis Ratio|idx:Min SD idx:Max SD
  100 ,   1101 : 6.4374053834088e-02 +(2e-02,1e-01) | 3.58e+00 |  2:2.6e-01 11:4.5e-01
  110 ,   1211 : 5.7522694024065e-02 +(3e-03,1e-02) | 3.83e+00 |  2:1.4e-01 11:2.5e-01
  120 ,   1321 : 5.3285726312080e-02 +(1e-03,5e-03) | 4.31e+00 |  2:8.1e-02 11:1.6e-01
  130 ,   1431 : 5.1691121328018e-02 +(1e-03,7e-03) | 5.06e+00 |  2:7.2e-02 11:1.7e-01
  140 ,   1541 : 5.1123521865146e-02 +(4e-04,4e-03) | 6.20e+00 |  2:4.8e-02 11:1.3e-01
  150 ,   1651 : 5.0915539498622e-02 +(3e-04,9e-04) | 6.83e+00 |  2:3.1e-02 11:9.1e-02
  160 ,   1761 : 5.0914146161720e-02 +(2e-04,2e-03) | 8.41e+00 |  2:3.5e-02 11:1.2e-01
  170 ,   1871 : 5.0783607629336e-02 +(4e-04,2e-03) | 9.06e+00 |  2:4.0e-02 11:1.4e-01
  180 ,   1981 : 5.0695073653893e-02 +(2e-04,3e-03) | 9.95e+00 |  2:4.0e-02 11:1.4e-01
  190 ,   2091 : 5.0624195009056e-02 +(1e-04,8e-04) | 1.14e+01 |  2:2.1e-02 11:7.7e-02
Iterat, #Fevals:   Function Value    (median,worst) |Axis Ratio|idx:Min SD idx:Max SD
  200 ,   2201 : 5.0609409802621e-02 +(3e-05,1e-04) | 1.22e+01 |  5:1.4e-02 11:5.3e-02
  210 ,   2311 : 5.0575715094331e-02 +(3e-05,6e-05) | 1.31e+01 |  5:1.3e-02 11:5.0e-02
  220 ,   2421 : 5.0550347117759e-02 +(2e-05,9e-05) | 1.55e+01 |  5:1.4e-02 11:6.1e-02
  230 ,   2531 : 5.0530703030923e-02 +(3e-05,2e-04) | 1.95e+01 |  5:1.9e-02  9:9.5e-02
  240 ,   2641 : 5.0492810134718e-02 +(3e-05,1e-04) | 2.12e+01 |  5:1.2e-02  9:6.7e-02
  250 ,   2751 : 5.0476102885701e-02 +(8e-06,1e-04) | 2.33e+01 |  5:8.6e-03  9:4.8e-02
  260 ,   2861 : 5.0466363108185e-02 +(4e-06,9e-06) | 2.44e+01 |  5:5.7e-03  9:3.1e-02
  270 ,   2971 : 5.0462964568432e-02 +(1e-06,1e-05) | 2.50e+01 |  5:3.3e-03  9:1.8e-02
  280 ,   3081 : 5.0457079747090e-02 +(4e-06,2e-05) | 2.64e+01 |  5:4.6e-03  9:3.1e-02
  290 ,   3191 : 5.0445273134455e-02 +(2e-05,3e-05) | 3.16e+01 |  5:8.3e-03  9:6.6e-02
Iterat, #Fevals:   Function Value    (median,worst) |Axis Ratio|idx:Min SD idx:Max SD
  300 ,   3301 : 5.0432800453858e-02 +(2e-05,5e-05) | 4.11e+01 |  5:9.3e-03  9:8.1e-02
  310 ,   3411 : 5.0417821701691e-02 +(2e-05,5e-05) | 5.52e+01 |  5:1.2e-02  9:1.2e-01
  320 ,   3521 : 5.0402053366832e-02 +(7e-06,3e-05) | 7.03e+01 |  5:1.0e-02  8:1.3e-01
  330 ,   3631 : 5.0379831652710e-02 +(2e-05,4e-05) | 8.16e+01 |  5:9.4e-03  8:1.3e-01
  340 ,   3741 : 5.0376586432859e-02 +(7e-06,5e-05) | 9.38e+01 |  5:9.7e-03  8:1.4e-01
  350 ,   3851 : 5.0362755256850e-02 +(5e-05,1e-04) | 1.15e+02 |  5:1.8e-02  8:3.4e-01
  360 ,   3961 : 5.0355559945829e-02 +(1e-05,9e-05) | 1.30e+02 |  5:1.8e-02  8:3.8e-01
  370 ,   4071 : 5.0340816415673e-02 +(4e-05,7e-05) | 1.37e+02 |  5:1.5e-02  8:3.3e-01
  380 ,   4181 : 5.0337352130360e-02 +(4e-06,1e-05) | 1.53e+02 |  5:7.9e-03  8:1.9e-01
  390 ,   4291 : 5.0332897826599e-02 +(3e-06,9e-06) | 1.67e+02 |  5:5.4e-03  8:1.4e-01
Iterat, #Fevals:   Function Value    (median,worst) |Axis Ratio|idx:Min SD idx:Max SD
  400 ,   4401 : 5.0331152531893e-02 +(9e-07,9e-06) | 2.17e+02 |  5:4.1e-03  8:1.4e-01
  410 ,   4511 : 5.0330821462681e-02 +(5e-07,7e-06) | 2.31e+02 |  5:3.2e-03  8:1.1e-01
  420 ,   4621 : 5.0330483199091e-02 +(9e-07,4e-06) | 2.62e+02 |  5:2.6e-03  8:1.0e-01
  430 ,   4731 : 5.0330042256236e-02 +(2e-07,4e-07) | 2.98e+02 |  5:1.4e-03  8:5.8e-02
  440 ,   4841 : 5.0329996854894e-02 +(2e-07,3e-07) | 4.09e+02 |  5:1.7e-03  8:9.6e-02
  450 ,   4951 : 5.0329944592839e-02 +(4e-08,2e-07) | 4.52e+02 |  5:8.3e-04  8:5.1e-02
  460 ,   5061 : 5.0329914947440e-02 +(2e-08,5e-08) | 5.05e+02 |  5:4.7e-04  8:3.0e-02
  470 ,   5171 : 5.0329913096510e-02 +(3e-09,1e-08) | 5.23e+02 |  5:2.6e-04  8:1.7e-02
  480 ,   5281 : 5.0329910623270e-02 +(1e-09,2e-09) | 5.47e+02 |  5:1.5e-04  8:9.9e-03
  486 ,   5347 : 5.0329911466590e-02 +(7e-10,8e-09) | 5.61e+02 |  5:1.3e-04  8:9.0e-03
#Fevals:   f(returned x)   |    bestever.f     | stopflag (saved to variablescmaes.mat)
   5348: 5.03299111447e-02 | 5.03299101718e-02 | tolfun
mean solution: -5.0e+00 +3.8e+00 +1.5e+00 +1.5e+00 -3.5e+00 -7.4e+00 -1.1e+00 +1.2e+01 +1.3e+01 +1.3e+01 -4.3e+00 +2.1e-01
std deviation:  4.0e-03  1.0e-03  7.2e-04  7.9e-04  1.3e-04  3.4e-03  7.0e-04  9.0e-03  5.9e-03  6.2e-03  7.9e-04  6.7e-04
use plotcmaesdat.m for plotting the output at any time (option LogModulo must not be zero)

OPTIMAL VALUE OF THE PARAMETERS:

         COEF_yH         -5.00445

         COEF_yF          3.78733

       COEF_pieH          1.45856

       COEF_pieF          1.47199

         COEF_aH         -3.46004

         COEF_aF         -7.43189

   COEF_yH_starr         -1.13186

   COEF_yF_starr          11.6428

 COEF_pieH_starr            12.63

 COEF_pieF_starr          12.9131

   COEF_aH_starr          -4.3093

   COEF_aF_starr         0.206718

Objective function :        0.0503299



MODEL SUMMARY

  Number of variables:         27
  Number of stochastic shocks: 4
  Number of state variables:   8
  Number of jumpers:           11
  Number of static variables:  8


MATRIX OF COVARIANCE OF EXOGENOUS SHOCKS
Variables              eps_a        eps_xi   eps_a_starr  eps_xi_starr
eps_a               1.000000      0.000000      0.000000      0.000000
eps_xi              0.000000      0.000000      0.000000      0.000000
eps_a_starr         0.000000      0.000000      0.000000      0.000000
eps_xi_starr        0.000000      0.000000      0.000000      0.000000

POLICY AND TRANSITION FUNCTIONS
                                   a              xi               y             pie               g         a_starr        xi_starr         y_starr       pie_starr         g_starr              ii               s          pie_cu            y_cu
a(-1)                       0.800000               0        0.005584       -0.036558       -2.879592               0               0       -0.022171        0.036467       -3.702713       -0.279245       -3.421727       -0.000045       -0.008293
xi(-1)                             0        0.800000       -0.050067        0.030443        0.341967               0               0        0.004569        0.020178        0.754923        0.077028        0.698882        0.025311       -0.022749
a_starr(-1)                        0               0       -0.226168       -0.279062       -2.614322        0.800000               0        0.798177       -0.283011        2.535259       -0.341549        0.139287       -0.281037        0.286005
xi_starr(-1)                       0               0       -0.066233        0.007325        0.356812               0        0.800000       -0.006652        0.027081        0.439737        0.054240       -1.074892        0.017203       -0.036442
MULT_1(-1)                         0               0       -0.001265        2.309946       -0.000855               0               0       -0.012801       -2.260824       -0.167237       -0.056664       -0.543513        0.024561       -0.007033
MULT_2(-1)                         0               0       -0.002234        4.111166       -0.133201               0               0       -0.062244       -4.011604       -0.600409       -0.102847       -0.835789        0.049781       -0.032239
MULT_3(-1)                         0               0        0.001337       -2.176588       -1.057463               0               0       -0.304476        2.226288       -2.288491       -0.308632        1.490181        0.024850       -0.151570
MULT_4(-1)                         0               0        0.002212       -4.011604       -0.101642               0               0       -0.008546        3.935472        0.050593        0.023350        1.030114       -0.038066       -0.003167
eps_a                       1.000000               0        0.006980       -0.045697       -3.599491               0               0       -0.027714        0.045584       -4.628391       -0.349056       -4.277158       -0.000057       -0.010367
eps_xi                             0        1.000000       -0.062584        0.038054        0.427459               0               0        0.005711        0.025222        0.943654        0.096285        0.873603        0.031638       -0.028437
eps_a_starr                        0               0       -0.282710       -0.348828       -3.267903        1.000000               0        0.997721       -0.353764        3.169074       -0.426936        0.174108       -0.351296        0.357506
eps_xi_starr                       0               0       -0.082791        0.009156        0.446015               0        1.000000       -0.008315        0.033852        0.549671        0.067800       -1.343615        0.021504       -0.045553


THEORETICAL MOMENTS
VARIABLE          MEAN  STD. DEV.   VARIANCE
a               0.0000     1.6667     2.7778
xi              0.0000     0.0000     0.0000
y               0.0000     0.0113     0.0001
pie             0.0000     0.6263     0.3923
g               0.0000     5.8749    34.5139
a_starr         0.0000     0.0000     0.0000
xi_starr        0.0000     0.0000     0.0000
y_starr         0.0000     0.0292     0.0009
pie_starr       0.0000     0.6263     0.3922
g_starr         0.0000     7.4664    55.7469
ii              0.0000     0.5523     0.3050
s               0.0000     7.3750    54.3908
pie_cu          0.0000     0.0004     0.0000
y_cu            0.0000     0.0132     0.0002



VARIANCE DECOMPOSITION (in percent)
                    eps_a        eps_xi   eps_a_starr  eps_xi_starr
a                  100.00          0.00          0.00          0.00
xi                   0.00        100.00          0.00          0.00
y                  100.00          0.00          0.00          0.00
pie                100.00          0.00          0.00          0.00
g                  100.00          0.00          0.00          0.00
a_starr              0.00          0.00        100.00          0.00
xi_starr             0.00          0.00          0.00        100.00
y_starr            100.00          0.00          0.00          0.00
pie_starr          100.00          0.00          0.00          0.00
g_starr            100.00          0.00          0.00          0.00
ii                 100.00          0.00          0.00          0.00
s                  100.00          0.00          0.00          0.00
pie_cu             100.00          0.00          0.00          0.00
y_cu               100.00          0.00          0.00          0.00



MATRIX OF CORRELATIONS
Variables            a          y        pie          g    y_starr  pie_starr    g_starr         ii          s     pie_cu       y_cu
a               1.0000     0.9998     0.7494    -0.9999    -0.4024    -0.7494    -0.9997    -0.9991    -0.9997     0.0679    -0.0158
y               0.9998     1.0000     0.7352    -1.0000    -0.4217    -0.7352    -1.0000    -0.9998    -0.9989     0.0663    -0.0370
pie             0.7494     0.7352     1.0000    -0.7385     0.3020    -1.0000    -0.7320    -0.7210    -0.7660     0.1047     0.6473
g              -0.9999    -1.0000    -0.7385     1.0000     0.4174     0.7385     1.0000     0.9997     0.9991    -0.0680     0.0323
y_starr        -0.4024    -0.4217     0.3020     0.4174     1.0000    -0.3021     0.4261     0.4407     0.3791    -0.0364     0.9217
pie_starr      -0.7494    -0.7352    -1.0000     0.7385    -0.3021     1.0000     0.7320     0.7210     0.7660    -0.1035    -0.6474
g_starr        -0.9997    -1.0000    -0.7320     1.0000     0.4261     0.7320     1.0000     0.9999     0.9987    -0.0683     0.0418
ii             -0.9991    -0.9998    -0.7210     0.9997     0.4407     0.7210     0.9999     1.0000     0.9977    -0.0688     0.0580
s              -0.9997    -0.9989    -0.7660     0.9991     0.3791     0.7660     0.9987     0.9977     1.0000    -0.0689    -0.0095
pie_cu          0.0679     0.0663     0.1047    -0.0680    -0.0364    -0.1035    -0.0683    -0.0688    -0.0689     1.0000    -0.0118
y_cu           -0.0158    -0.0370     0.6473     0.0323     0.9217    -0.6474     0.0418     0.0580    -0.0095    -0.0118     1.0000



COEFFICIENTS OF AUTOCORRELATION
Order             1       2       3       4       5
a            0.8000  0.6400  0.5120  0.4096  0.3277
y            0.7872  0.6276  0.5017  0.4012  0.3210
pie          0.8143  0.6561  0.5260  0.4210  0.3369
g            0.7903  0.6298  0.5033  0.4025  0.3220
y_starr      0.1267 -0.0740 -0.0992 -0.0881 -0.0724
pie_starr    0.8150  0.6568  0.5265  0.4215  0.3372
g_starr      0.7846  0.6236  0.4980  0.3982  0.3185
ii           0.7746  0.6130  0.4888  0.3907  0.3125
s            0.8145  0.6545  0.5243  0.4195  0.3357
pie_cu       0.0462 -0.0313 -0.0337 -0.0285 -0.0232
y_cu         0.2435  0.0476  0.0044 -0.0039 -0.0047
Total computing time : 0h00m25s
Note: 2 warning(s) encountered in the preprocessor
