Starting Dynare (version 5.0).
Calling Dynare with arguments: none
Starting preprocessing of the model file ...
Found 10 equation(s).
Evaluating expressions...done
Computing static model derivatives (order 1).
Computing dynamic model derivatives (order 2).
Processing outputs ...
done
Preprocessing completed.





Residuals of the static equations:

Equation number 1 : 0 : 1
Equation number 2 : 0 : 2
Equation number 3 : 0 : y_nat
Equation number 4 : 0 : y_nat_starr
Equation number 5 : 0 : 5
Equation number 6 : 0 : 6
Equation number 7 : 0 : Home TFP process
Equation number 8 : 0 : Home Labor disutility shifter
Equation number 9 : 0 : Foreign TFP process
Equation number 10 : 0 : Foreign Labor disutility shifter


[Warning: Some of the parameters have no value (end) when using
stoch_simul. If these parameters are not initialized in a
steadystate file or a steady_state_model-block, Dynare may not be
able to solve the model. Note that simul,
perfect_foresight_setup, and perfect_foresight_solver do not
automatically call the steady state file.] 

MODEL SUMMARY

  Number of variables:         10
  Number of stochastic shocks: 4
  Number of state variables:   4
  Number of jumpers:           0
  Number of static variables:  6


MATRIX OF COVARIANCE OF EXOGENOUS SHOCKS
Variables              eps_a        eps_xi   eps_a_starr  eps_xi_starr
eps_a               0.000000      0.000000      0.000000      0.000000
eps_xi              0.000000      0.000000      0.000000      0.000000
eps_a_starr         0.000000      0.000000      1.000000      0.000000
eps_xi_starr        0.000000      0.000000      0.000000      0.000000

POLICY AND TRANSITION FUNCTIONS
                                   a              xi           y_nat           g_nat           c_nat         a_starr        xi_starr     y_nat_starr     g_nat_starr     c_nat_starr
a(-1)                       0.850000               0        0.220696        1.479304        0.195724               0               0        0.018860       -0.018860        0.007757
xi(-1)                             0        0.850000       -0.018595       -0.831405        0.005783               0               0        0.000557       -0.000557        0.000229
a_starr(-1)                        0               0        0.018860       -0.018860        0.007757        0.850000               0        0.220696        1.479304        0.195724
xi_starr(-1)                       0               0        0.000557       -0.000557        0.000229               0        0.850000       -0.018595       -0.831405        0.005783
eps_a                       1.000000               0        0.259642        1.740358        0.230264               0               0        0.022188       -0.022188        0.009126
eps_xi                             0        1.000000       -0.021876       -0.978124        0.006804               0               0        0.000656       -0.000656        0.000270
eps_a_starr                        0               0        0.022188       -0.022188        0.009126        1.000000               0        0.259642        1.740358        0.230264
eps_xi_starr                       0               0        0.000656       -0.000656        0.000270               0        1.000000       -0.021876       -0.978124        0.006804


THEORETICAL MOMENTS
VARIABLE            MEAN  STD. DEV.   VARIANCE
a                 0.0000     0.0000     0.0000
xi                0.0000     0.0000     0.0000
y_nat             0.0000     0.0421     0.0018
g_nat             0.0000     0.0421     0.0018
c_nat             0.0000     0.0173     0.0003
a_starr           0.0000     1.8983     3.6036
xi_starr          0.0000     0.0000     0.0000
y_nat_starr       0.0000     0.4929     0.2429
g_nat_starr       0.0000     3.3037    10.9148
c_nat_starr       0.0000     0.4371     0.1911



VARIANCE DECOMPOSITION (in percent)
                      eps_a        eps_xi   eps_a_starr  eps_xi_starr
a                    100.00          0.00          0.00          0.00
xi                     0.00        100.00          0.00          0.00
y_nat                  0.00          0.00        100.00          0.00
g_nat                  0.00          0.00        100.00          0.00
c_nat                  0.00          0.00        100.00          0.00
a_starr                0.00          0.00        100.00          0.00
xi_starr               0.00          0.00          0.00        100.00
y_nat_starr            0.00          0.00        100.00          0.00
g_nat_starr            0.00          0.00        100.00          0.00
c_nat_starr            0.00          0.00        100.00          0.00



MATRIX OF CORRELATIONS
Variables            y_nat        g_nat        c_nat      a_starr  y_nat_starr  g_nat_starr  c_nat_starr
y_nat               1.0000      -1.0000       1.0000       1.0000       1.0000       1.0000       1.0000
g_nat              -1.0000       1.0000      -1.0000      -1.0000      -1.0000      -1.0000      -1.0000
c_nat               1.0000      -1.0000       1.0000       1.0000       1.0000       1.0000       1.0000
a_starr             1.0000      -1.0000       1.0000       1.0000       1.0000       1.0000       1.0000
y_nat_starr         1.0000      -1.0000       1.0000       1.0000       1.0000       1.0000       1.0000
g_nat_starr         1.0000      -1.0000       1.0000       1.0000       1.0000       1.0000       1.0000
c_nat_starr         1.0000      -1.0000       1.0000       1.0000       1.0000       1.0000       1.0000



COEFFICIENTS OF AUTOCORRELATION
Order               1       2       3       4       5
y_nat          0.8500  0.7225  0.6141  0.5220  0.4437
g_nat          0.8500  0.7225  0.6141  0.5220  0.4437
c_nat          0.8500  0.7225  0.6141  0.5220  0.4437
a_starr        0.8500  0.7225  0.6141  0.5220  0.4437
y_nat_starr    0.8500  0.7225  0.6141  0.5220  0.4437
g_nat_starr    0.8500  0.7225  0.6141  0.5220  0.4437
c_nat_starr    0.8500  0.7225  0.6141  0.5220  0.4437
Total computing time : 0h00m01s
Note: warning(s) encountered in MATLAB/Octave code
