Starting Dynare (version 5.0).
Calling Dynare with arguments: none
Starting preprocessing of the model file ...
WARNING: in the 'steady_state_model' block, variable 'a_cu' is not assigned a value
Ramsey Problem: added 72 Multipliers.
Found 72 equation(s).
Found 146 FOC equation(s) for Ramsey Problem.
Evaluating expressions...done
Computing static model derivatives (order 1).
Computing dynamic model derivatives (order 2).
Computing dynamic model derivatives (order 2).
Computing static model derivatives (order 3).
Processing outputs ...
done
Preprocessing completed.


STEADY-STATE RESULTS:

a             		 0
a_starr       		 0
a_cu          		 0
y_nat         		 0
g_nat         		 0
c_nat         		 0
c_H_nat       		 0
c_F_nat       		 0
n_nat         		 0
f_nat         		 0
s_nat         		 0
r_nat         		 0
y_nat_starr   		 0
g_nat_starr   		 0
c_nat_starr   		 0
c_H_nat_starr 		 0
c_F_nat_starr 		 0
n_nat_starr   		 0
f_nat_starr   		 0
s_nat_starr   		 0
r_nat_starr   		 0
y_nat_cu      		 0
g_nat_cu      		 0
c_nat_cu      		 0
r_nat_cu      		 0
y             		 0
pie           		 0
g             		 0
n             		 0
c             		 0
c_H           		 0
c_F           		 0
f             		 0
s             		 0
ii            		 0
y_starr       		 0
pie_starr     		 0
g_starr       		 0
n_starr       		 0
c_starr       		 0
c_H_starr     		 0
c_F_starr     		 0
f_starr       		 0
ii_starr      		 0
s_starr       		 0
y_cu          		 0
g_cu          		 0
c_cu          		 0
ii_cu         		 0
pie_cu        		 0
y_gap         		 0
g_gap         		 0
c_gap         		 0
c_H_gap       		 0
c_F_gap       		 0
f_gap         		 0
n_gap         		 0
s_gap         		 0
ii_gap        		 0
y_gap_starr   		 0
g_gap_starr   		 0
c_gap_starr   		 0
c_H_gap_starr 		 0
c_F_gap_starr 		 0
f_gap_starr   		 0
n_gap_starr   		 0
s_gap_starr   		 0
ii_gap_starr  		 0
y_gap_cu      		 0
g_gap_cu      		 0
c_gap_cu      		 0
ii_gap_cu     		 0
n_gap_cu      		 0
g_gap_r       		 0

EIGENVALUES:
         Modulus             Real        Imaginary

        2.61e-16        -2.61e-16                0
       1.419e-15       -1.419e-15                0
          0.5704           0.5704                0
          0.6099           0.6099                0
             0.7              0.7                0
          0.7704           0.7704                0
           0.839            0.839                0
            0.97             0.97                0
            0.97             0.97                0
           1.052            1.052                0
           1.052            1.052                0
           1.216            1.216                0
           1.325            1.325                0
           1.458            1.458                0
           1.673            1.673                0
           1.789            1.789                0
        3.92e+16         3.92e+16                0
       5.678e+16        5.678e+16                0
        1.41e+18         1.41e+18                0
       1.576e+18        1.576e+18                0
       7.741e+18        7.741e+18                0
             Inf              Inf                0


There are 13 eigenvalue(s) larger than 1 in modulus 
for 13 forward-looking variable(s)

The rank condition is verified.


MODEL SUMMARY

  Number of variables:         146
  Number of stochastic shocks: 2
  Number of state variables:   9
  Number of jumpers:           13
  Number of static variables:  126


MATRIX OF COVARIANCE OF EXOGENOUS SHOCKS
Variables            eps_a  eps_a_starr
eps_a             1.000000     0.000000
eps_a_starr       0.000000     1.000000

POLICY AND TRANSITION FUNCTIONS
                                   a         a_starr            a_cu           y_nat           g_nat           c_nat         c_H_nat         c_F_nat           n_nat           f_nat           s_nat           r_nat     y_nat_starr     g_nat_starr     c_nat_starr   c_H_nat_starr   c_F_nat_starr     n_nat_starr     f_nat_starr     s_nat_starr     r_nat_starr        y_nat_cu        g_nat_cu        c_nat_cu        r_nat_cu               y             pie               g               n               c             c_H             c_F               f               s              ii         y_starr       pie_starr         g_starr         n_starr         c_starr       c_H_starr       c_F_starr         f_starr        ii_starr         s_starr            y_cu            g_cu            c_cu           ii_cu          pie_cu           y_gap           g_gap           c_gap         c_H_gap         c_F_gap           f_gap           n_gap           s_gap          ii_gap     y_gap_starr     g_gap_starr     c_gap_starr   c_H_gap_starr   c_F_gap_starr     f_gap_starr     n_gap_starr     s_gap_starr    ii_gap_starr        y_gap_cu        g_gap_cu        c_gap_cu       ii_gap_cu        n_gap_cu         g_gap_r
ii_cu(-1)                          0               0               0               0               0               0               0               0               0               0               0               0               0               0               0               0               0               0               0               0               0               0               0               0               0        0.077805       -0.127801        1.822326        0.077805       -0.503701       -0.503701       -0.503701        1.744520               0        0.700000        0.077805       -0.127801        1.822326        0.077805       -0.503701       -0.503701       -0.503701        1.744520        0.700000               0        0.077805        1.822326       -0.503701        0.700000       -0.127801        0.077805        1.822326       -0.503701       -0.503701       -0.503701        1.744520        0.077805               0        0.700000        0.077805        1.822326       -0.503701       -0.503701       -0.503701        1.744520        0.077805               0        0.700000        0.077805        1.822326       -0.503701        0.700000        0.077805               0
MULT_23(-1)                        0               0               0               0               0               0               0               0               0               0               0               0               0               0               0               0               0               0               0               0               0               0               0               0               0        0.014309        0.007506        0.022839        0.014309        0.005290        0.008659       -0.058722        0.008530        0.014973               0       -0.004420       -0.000264       -0.001543       -0.004420        0.000798        0.064809       -0.002572        0.002877               0       -0.014973        0.004945        0.010648        0.003044               0        0.003621        0.014309        0.022839        0.005290        0.008659       -0.058722        0.008530        0.014309        0.014973               0       -0.004420       -0.001543        0.000798        0.064809       -0.002572        0.002877       -0.004420       -0.014973               0        0.004945        0.010648        0.003044               0        0.004945        0.024382
MULT_24(-1)                        0               0               0               0               0               0               0               0               0               0               0               0               0               0               0               0               0               0               0               0               0               0               0               0               0       -0.004420       -0.000264       -0.001543       -0.004420        0.000798       -0.002572        0.064809        0.002877       -0.014973               0        0.014309        0.007506        0.022839        0.014309        0.005290       -0.058722        0.008659        0.008530               0        0.014973        0.004945        0.010648        0.003044               0        0.003621       -0.004420       -0.001543        0.000798       -0.002572        0.064809        0.002877       -0.004420       -0.014973               0        0.014309        0.022839        0.005290       -0.058722        0.008659        0.008530        0.014309        0.014973               0        0.004945        0.010648        0.003044               0        0.004945       -0.024382
MULT_25(-1)                        0               0               0               0               0               0               0               0               0               0               0               0               0               0               0               0               0               0               0               0               0               0               0               0               0        0.004093        0.009495       -0.038517        0.004093        0.009199        0.014162       -0.085083       -0.042610        0.022054               0       -0.007418        0.000543       -0.010129       -0.007418        0.002583        0.096866       -0.002379       -0.002711               0       -0.022054       -0.001662       -0.024323        0.005891               0        0.005019        0.004093       -0.038517        0.009199        0.014162       -0.085083       -0.042610        0.004093        0.022054               0       -0.007418       -0.010129        0.002583        0.096866       -0.002379       -0.002711       -0.007418       -0.022054               0       -0.001662       -0.024323        0.005891               0       -0.001662       -0.028388
MULT_26(-1)                        0               0               0               0               0               0               0               0               0               0               0               0               0               0               0               0               0               0               0               0               0               0               0               0               0       -0.007418        0.000543       -0.010129       -0.007418        0.002583       -0.002379        0.096866       -0.002711       -0.022054               0        0.004093        0.009495       -0.038517        0.004093        0.009199       -0.085083        0.014162       -0.042610               0        0.022054       -0.001662       -0.024323        0.005891               0        0.005019       -0.007418       -0.010129        0.002583       -0.002379        0.096866       -0.002711       -0.007418       -0.022054               0        0.004093       -0.038517        0.009199       -0.085083        0.014162       -0.042610        0.004093        0.022054               0       -0.001662       -0.024323        0.005891               0       -0.001662        0.028388
a(-1)                       0.970000               0        0.485000        0.830050        1.109950        0.354541        0.563018       -3.606534       -0.139950        0.279900        0.926567       -0.033299       -0.183383        0.183383        0.076570        4.037645       -0.131907       -0.183383        0.366766       -0.926567       -0.005501        0.323333        0.646667        0.215556       -0.019400        0.814363       -0.016253        1.287465       -0.155637        0.310874        0.499486       -3.272753        0.473102        0.838275               0       -0.152156       -0.004303        0.250566       -0.152156        0.059391        3.643019       -0.129221        0.402722               0       -0.838275        0.331103        0.769015        0.185133               0       -0.010278       -0.015687        0.177515       -0.043667       -0.063532        0.333781        0.193201       -0.015687       -0.088292        0.033299        0.031227        0.067183       -0.017179       -0.394626        0.002687        0.035956        0.031227        0.088292        0.005501        0.007770        0.122349       -0.030423        0.019400        0.007770        0.110332
a_starr(-1)                        0        0.970000        0.485000       -0.183383        0.183383        0.076570       -0.131907        4.037645       -0.183383        0.366766       -0.926567       -0.005501        0.830050        1.109950        0.354541       -3.606534        0.563018       -0.139950        0.279900        0.926567       -0.033299        0.323333        0.646667        0.215556       -0.019400       -0.152156       -0.004303        0.250566       -0.152156        0.059391       -0.129221        3.643019        0.402722       -0.838275               0        0.814363       -0.016253        1.287465       -0.155637        0.310874       -3.272753        0.499486        0.473102               0        0.838275        0.331103        0.769015        0.185133               0       -0.010278        0.031227        0.067183       -0.017179        0.002687       -0.394626        0.035956        0.031227        0.088292        0.005501       -0.015687        0.177515       -0.043667        0.333781       -0.063532        0.193201       -0.015687       -0.088292        0.033299        0.007770        0.122349       -0.030423        0.019400        0.007770       -0.110332
eps_a                      -1.000000               0       -0.500000       -0.855721       -1.144279       -0.365506       -0.580431        3.718076        0.144279       -0.288557       -0.955224        0.034328        0.189055       -0.189055       -0.078939       -4.162521        0.135987        0.189055       -0.378109        0.955224        0.005672       -0.333333       -0.666667       -0.222222        0.020000       -0.839550        0.016755       -1.327283        0.160450       -0.320489       -0.514934        3.373972       -0.487734       -0.864201               0        0.156862        0.004436       -0.258315        0.156862       -0.061228       -3.755689        0.133217       -0.415178               0        0.864201       -0.341344       -0.792799       -0.190859               0        0.010596        0.016172       -0.183005        0.045017        0.065497       -0.344104       -0.199176        0.016172        0.091022       -0.034328       -0.032193       -0.069261        0.017710        0.406831       -0.002770       -0.037068       -0.032193       -0.091022       -0.005672       -0.008010       -0.126133        0.031364       -0.020000       -0.008010       -0.113744
eps_a_starr                        0       -1.000000       -0.500000        0.189055       -0.189055       -0.078939        0.135987       -4.162521        0.189055       -0.378109        0.955224        0.005672       -0.855721       -1.144279       -0.365506        3.718076       -0.580431        0.144279       -0.288557       -0.955224        0.034328       -0.333333       -0.666667       -0.222222        0.020000        0.156862        0.004436       -0.258315        0.156862       -0.061228        0.133217       -3.755689       -0.415178        0.864201               0       -0.839550        0.016755       -1.327283        0.160450       -0.320489        3.373972       -0.514934       -0.487734               0       -0.864201       -0.341344       -0.792799       -0.190859               0        0.010596       -0.032193       -0.069261        0.017710       -0.002770        0.406831       -0.037068       -0.032193       -0.091022       -0.005672        0.016172       -0.183005        0.045017       -0.344104        0.065497       -0.199176        0.016172        0.091022       -0.034328       -0.008010       -0.126133        0.031364       -0.020000       -0.008010        0.113744

pol_name = 

    "RAMSEY - POP_WEIGHT"


calibration_name = 

    "h_50 - ALPHA_bar_10 - THETA_75 - DELTA_25"


folder_name = 

    "OUTPUT/h_50 - ALPHA_bar_10 - THETA_75 - DELTA_25/POP_WEIGHT/RAMSEY"

[Warning: Directory already exists.] 
[> In <a href="matlab:matlab.internal.language.introspective.errorDocCallback('MODEL_MAIN_7.driver', 'C:\Users\33689\Documents\GitHub\Master-Thesis\MAIN\+MODEL_MAIN_7\driver.m', 1241)" style="font-weight:bold">MODEL_MAIN_7.driver</a> (<a href="matlab: opentoline('C:\Users\33689\Documents\GitHub\Master-Thesis\MAIN\+MODEL_MAIN_7\driver.m',1241,0)">line 1241</a>)
In <a href="matlab:matlab.internal.language.introspective.errorDocCallback('dynare', 'C:\dynare\5.0\matlab\dynare.m', 281)" style="font-weight:bold">dynare</a> (<a href="matlab: opentoline('C:\dynare\5.0\matlab\dynare.m',281,0)">line 281</a>)] 

T_irf =

   200


T_plot =

   100


figure_name = 

    "National_gaps"


figure_name = 

    "Union_gaps"


figure_name = 

    "y_c_g"


figure_name = 

    "n_y_c_g"

Total computing time : 0h00m07s
Note: 1 warning(s) encountered in the preprocessor
Note: warning(s) encountered in MATLAB/Octave code
