Starting Dynare (version 5.0).
Calling Dynare with arguments: none
Starting preprocessing of the model file ...
Ramsey Problem: added 69 Multipliers.
Found 69 equation(s).
Found 141 FOC equation(s) for Ramsey Problem.
Evaluating expressions...done
Computing static model derivatives (order 1).
Computing dynamic model derivatives (order 2).
Computing dynamic model derivatives (order 2).
Computing static model derivatives (order 3).
Processing outputs ...
done
Preprocessing completed.


STEADY-STATE RESULTS:

a             		 0
a_starr       		 0
y_nat         		 0
g_nat         		 0
c_nat         		 0
c_H_nat       		 0
c_F_nat       		 0
n_nat         		 0
f_nat         		 0
s_nat         		 0
r_nat         		 0
y_nat_starr   		 0
g_nat_starr   		 0
c_nat_starr   		 0
c_H_nat_starr 		 0
c_F_nat_starr 		 0
n_nat_starr   		 0
f_nat_starr   		 0
s_nat_starr   		 0
r_nat_starr   		 0
y_nat_cu      		 0
g_nat_cu      		 0
c_nat_cu      		 0
r_nat_cu      		 0
y             		 0
pie           		 0
g             		 0
n             		 0
c             		 0
c_H           		 0
c_F           		 0
f             		 0
s             		 0
ii            		 0
y_starr       		 0
pie_starr     		 0
g_starr       		 0
n_starr       		 0
c_starr       		 0
c_H_starr     		 0
c_F_starr     		 0
f_starr       		 0
ii_starr      		 0
s_starr       		 0
y_cu          		 0
g_cu          		 0
c_cu          		 0
ii_cu         		 0
pie_cu        		 0
y_gap         		 0
g_gap         		 0
c_gap         		 0
c_H_gap       		 0
c_F_gap       		 0
f_gap         		 0
n_gap         		 0
s_gap         		 0
ii_gap        		 0
y_gap_starr   		 0
g_gap_starr   		 0
c_gap_starr   		 0
c_H_gap_starr 		 0
c_F_gap_starr 		 0
f_gap_starr   		 0
n_gap_starr   		 0
s_gap_starr   		 0
ii_gap_starr  		 0
y_gap_cu      		 0
g_gap_cu      		 0
c_gap_cu      		 0
ii_gap_cu     		 0
g_gap_r       		 0

EIGENVALUES:
         Modulus             Real        Imaginary

       4.741e-17        4.741e-17                0
       1.017e-16        1.017e-16                0
       2.104e-16        2.104e-16                0
          0.5168           0.5168                0
          0.6134           0.6125          0.03427
          0.6134           0.6125         -0.03427
            0.97             0.97                0
            0.97             0.97                0
           1.052            1.052                0
           1.052            1.052                0
           1.663            1.661          0.09295
           1.663            1.661         -0.09295
           1.975            1.975                0
        2.04e+16         2.04e+16                0
       1.184e+17       -1.184e+17                0
       1.295e+17       -1.295e+17                0
           5e+17            5e+17                0
       6.123e+17        6.123e+17                0
             Inf              Inf                0
             Inf              Inf                0


There are 12 eigenvalue(s) larger than 1 in modulus 
for 12 forward-looking variable(s)

The rank condition is verified.


MODEL SUMMARY

  Number of variables:         141
  Number of stochastic shocks: 2
  Number of state variables:   8
  Number of jumpers:           12
  Number of static variables:  123


MATRIX OF COVARIANCE OF EXOGENOUS SHOCKS
Variables            eps_a  eps_a_starr
eps_a             1.000000     0.000000
eps_a_starr       0.000000     1.000000

POLICY AND TRANSITION FUNCTIONS
                                   a         a_starr           y_nat           g_nat           c_nat         c_H_nat         c_F_nat           n_nat           f_nat           s_nat           r_nat     y_nat_starr     g_nat_starr     c_nat_starr   c_H_nat_starr   c_F_nat_starr     n_nat_starr     f_nat_starr     s_nat_starr     r_nat_starr        y_nat_cu        g_nat_cu        c_nat_cu        r_nat_cu               y             pie               g               n               c             c_H             c_F               f               s              ii         y_starr       pie_starr         g_starr         n_starr         c_starr       c_H_starr       c_F_starr         f_starr        ii_starr         s_starr            y_cu            g_cu            c_cu           ii_cu          pie_cu           y_gap           g_gap           c_gap         c_H_gap         c_F_gap           f_gap           n_gap           s_gap          ii_gap     y_gap_starr     g_gap_starr     c_gap_starr   c_H_gap_starr   c_F_gap_starr     f_gap_starr     n_gap_starr     s_gap_starr    ii_gap_starr        y_gap_cu        g_gap_cu        c_gap_cu       ii_gap_cu         g_gap_r
MULT_23(-1)                        0               0               0               0               0               0               0               0               0               0               0               0               0               0               0               0               0               0               0               0               0               0               0               0        0.138029        0.166073       -0.081138        0.138029        0.153132        0.184743       -0.447472       -0.219167        0.140492       -0.129006        0.047830        0.075533        0.032227        0.047830        0.110984        0.711588        0.079374       -0.015603       -0.129006       -0.140492        0.092930       -0.024455        0.132058       -0.129006        0.120803        0.138029       -0.081138        0.153132        0.184743       -0.447472       -0.219167        0.138029        0.140492       -0.129006        0.047830        0.032227        0.110984        0.711588        0.079374       -0.015603        0.047830       -0.140492       -0.129006        0.092930       -0.024455        0.132058       -0.129006       -0.113365
MULT_24(-1)                        0               0               0               0               0               0               0               0               0               0               0               0               0               0               0               0               0               0               0               0               0               0               0               0        0.047830        0.075533        0.032227        0.047830        0.110984        0.079374        0.711588       -0.015603       -0.140492       -0.129006        0.138029        0.166073       -0.081138        0.138029        0.153132       -0.447472        0.184743       -0.219167       -0.129006        0.140492        0.092930       -0.024455        0.132058       -0.129006        0.120803        0.047830        0.032227        0.110984        0.079374        0.711588       -0.015603        0.047830       -0.140492       -0.129006        0.138029       -0.081138        0.153132       -0.447472        0.184743       -0.219167        0.138029        0.140492       -0.129006        0.092930       -0.024455        0.132058       -0.129006        0.113365
MULT_25(-1)                        0               0               0               0               0               0               0               0               0               0               0               0               0               0               0               0               0               0               0               0               0               0               0               0        0.432063        0.248940       -0.217533        0.432063        0.588989        0.621501       -0.028751       -0.649597        0.144501       -1.919234        0.344513        0.158009       -0.080046        0.344513        0.545639        1.163379        0.513126       -0.424559       -1.919234       -0.144501        0.388288       -0.148790        0.567314       -1.919234        0.203475        0.432063       -0.217533        0.588989        0.621501       -0.028751       -0.649597        0.432063        0.144501       -1.919234        0.344513       -0.080046        0.545639        1.163379        0.513126       -0.424559        0.344513       -0.144501       -1.919234        0.388288       -0.148790        0.567314       -1.919234       -0.137487
MULT_26(-1)                        0               0               0               0               0               0               0               0               0               0               0               0               0               0               0               0               0               0               0               0               0               0               0               0        0.344513        0.158009       -0.080046        0.344513        0.545639        0.513126        1.163379       -0.424559       -0.144501       -1.919234        0.432063        0.248940       -0.217533        0.432063        0.588989       -0.028751        0.621501       -0.649597       -1.919234        0.144501        0.388288       -0.148790        0.567314       -1.919234        0.203475        0.344513       -0.080046        0.545639        0.513126        1.163379       -0.424559        0.344513       -0.144501       -1.919234        0.432063       -0.217533        0.588989       -0.028751        0.621501       -0.649597        0.432063        0.144501       -1.919234        0.388288       -0.148790        0.567314       -1.919234        0.137487
a(-1)                       0.970000               0        0.883620        1.229139        0.394608        0.598521       -3.479727       -0.086380        0.345518        0.906277       -0.036874       -0.107620        0.322861        0.122725        3.997061       -0.081187       -0.107620        0.430482       -0.906277       -0.009686        0.388000        0.776000        0.258667       -0.023280        0.877675        0.006177        1.238571       -0.092325        0.391656        0.591140       -3.398536        0.360896        0.886595       -0.023280       -0.101675       -0.006177        0.313429       -0.101675        0.125677        3.915869       -0.073806        0.415104       -0.023280       -0.886595        0.388000        0.776000        0.258667       -0.023280               0       -0.005946        0.009432       -0.002952       -0.007381        0.081192        0.015378       -0.005946       -0.019683        0.013594        0.005946       -0.009432        0.002952       -0.081192        0.007381       -0.015378        0.005946        0.019683       -0.013594               0               0               0               0        0.018864
a_starr(-1)                        0        0.970000       -0.107620        0.322861        0.122725       -0.081187        3.997061       -0.107620        0.430482       -0.906277       -0.009686        0.883620        1.229139        0.394608       -3.479727        0.598521       -0.086380        0.345518        0.906277       -0.036874        0.388000        0.776000        0.258667       -0.023280       -0.101675       -0.006177        0.313429       -0.101675        0.125677       -0.073806        3.915869        0.415104       -0.886595       -0.023280        0.877675        0.006177        1.238571       -0.092325        0.391656       -3.398536        0.591140        0.360896       -0.023280        0.886595        0.388000        0.776000        0.258667       -0.023280               0        0.005946       -0.009432        0.002952        0.007381       -0.081192       -0.015378        0.005946        0.019683       -0.013594       -0.005946        0.009432       -0.002952        0.081192       -0.007381        0.015378       -0.005946       -0.019683        0.013594               0               0               0               0       -0.018864
eps_a                      -1.000000               0       -0.910949       -1.267153       -0.406813       -0.617032        3.587348        0.089051       -0.356204       -0.934307        0.038015        0.110949       -0.332847       -0.126521       -4.120681        0.083698        0.110949       -0.443796        0.934307        0.009985       -0.400000       -0.800000       -0.266667        0.024000       -0.904819       -0.006368       -1.276877        0.095181       -0.403769       -0.609422        3.503645       -0.372058       -0.914015        0.024000        0.104819        0.006368       -0.323123        0.104819       -0.129564       -4.036978        0.076089       -0.427942        0.024000        0.914015       -0.400000       -0.800000       -0.266667        0.024000               0        0.006130       -0.009724        0.003044        0.007609       -0.083703       -0.015853        0.006130        0.020292       -0.014015       -0.006130        0.009724       -0.003044        0.083703       -0.007609        0.015853       -0.006130       -0.020292        0.014015               0               0               0               0       -0.019448
eps_a_starr                        0       -1.000000        0.110949       -0.332847       -0.126521        0.083698       -4.120681        0.110949       -0.443796        0.934307        0.009985       -0.910949       -1.267153       -0.406813        3.587348       -0.617032        0.089051       -0.356204       -0.934307        0.038015       -0.400000       -0.800000       -0.266667        0.024000        0.104819        0.006368       -0.323123        0.104819       -0.129564        0.076089       -4.036978       -0.427942        0.914015        0.024000       -0.904819       -0.006368       -1.276877        0.095181       -0.403769        3.503645       -0.609422       -0.372058        0.024000       -0.914015       -0.400000       -0.800000       -0.266667        0.024000               0       -0.006130        0.009724       -0.003044       -0.007609        0.083703        0.015853       -0.006130       -0.020292        0.014015        0.006130       -0.009724        0.003044       -0.083703        0.007609       -0.015853        0.006130        0.020292       -0.014015               0               0               0               0        0.019448
[Warning: Aggregate variance and sum of variances by shocks differ by more
than 0.01 %] 
[> In <a href="matlab:matlab.internal.language.introspective.errorDocCallback('th_autocovariances', 'C:\dynare\5.0\matlab\th_autocovariances.m', 206)" style="font-weight:bold">th_autocovariances</a> (<a href="matlab: opentoline('C:\dynare\5.0\matlab\th_autocovariances.m',206,0)">line 206</a>)
In <a href="matlab:matlab.internal.language.introspective.errorDocCallback('disp_th_moments', 'C:\dynare\5.0\matlab\disp_th_moments.m', 40)" style="font-weight:bold">disp_th_moments</a> (<a href="matlab: opentoline('C:\dynare\5.0\matlab\disp_th_moments.m',40,0)">line 40</a>)
In <a href="matlab:matlab.internal.language.introspective.errorDocCallback('stoch_simul', 'C:\dynare\5.0\matlab\stoch_simul.m', 210)" style="font-weight:bold">stoch_simul</a> (<a href="matlab: opentoline('C:\dynare\5.0\matlab\stoch_simul.m',210,0)">line 210</a>)
In <a href="matlab:matlab.internal.language.introspective.errorDocCallback('MOdel_main_5.driver', 'C:\Users\33689\Documents\GitHub\Master-Thesis\MAIN\+MOdel_main_5\driver.m', 1195)" style="font-weight:bold">MOdel_main_5.driver</a> (<a href="matlab: opentoline('C:\Users\33689\Documents\GitHub\Master-Thesis\MAIN\+MOdel_main_5\driver.m',1195,0)">line 1195</a>)
In <a href="matlab:matlab.internal.language.introspective.errorDocCallback('dynare', 'C:\dynare\5.0\matlab\dynare.m', 281)" style="font-weight:bold">dynare</a> (<a href="matlab: opentoline('C:\dynare\5.0\matlab\dynare.m',281,0)">line 281</a>)] 


THEORETICAL MOMENTS
VARIABLE              MEAN  STD. DEV.   VARIANCE
a                   0.0000     4.1135    16.9205
a_starr             0.0000     4.1135    16.9205
y_nat               0.0000     3.7748    14.2494
g_nat               0.0000     5.3892    29.0434
c_nat               0.0000     1.7525     3.0711
c_H_nat             0.0000     2.5614     6.5606
c_F_nat             0.0000    22.4736   505.0606
n_nat               0.0000     0.5852     0.3425
f_nat               0.0000     2.3408     5.4795
s_nat               0.0000     5.4351    29.5407
r_nat               0.0000     0.1617     0.0261
y_nat_starr         0.0000     3.7748    14.2494
g_nat_starr         0.0000     5.3892    29.0434
c_nat_starr         0.0000     1.7525     3.0711
c_H_nat_starr       0.0000    22.4736   505.0606
c_F_nat_starr       0.0000     2.5614     6.5606
n_nat_starr         0.0000     0.5852     0.3425
f_nat_starr         0.0000     2.3408     5.4795
s_nat_starr         0.0000     5.4351    29.5407
r_nat_starr         0.0000     0.1617     0.0261
y_nat_cu            0.0000     2.3269     5.4146
g_nat_cu            0.0000     4.6538    21.6582
c_nat_cu            0.0000     1.5513     2.4065
r_nat_cu            0.0000     0.1396     0.0195
y                   0.0000     3.7777    14.2707
pie                 0.0000     0.0787     0.0062
g                   0.0000     5.3874    29.0239
n                   0.0000     0.5857     0.3431
c                   0.0000     1.7532     3.0738
c_H                 0.0000     2.5646     6.5771
c_F                 0.0000    22.5178   507.0518
f                   0.0000     2.3418     5.4842
s                   0.0000     5.4459    29.6578
ii                  0.0000     0.1396     0.0195
y_starr             0.0000     3.7777    14.2707
pie_starr           0.0000     0.0787     0.0062
g_starr             0.0000     5.3874    29.0239
n_starr             0.0000     0.5857     0.3431
c_starr             0.0000     1.7532     3.0738
c_H_starr           0.0000    22.5178   507.0518
c_F_starr           0.0000     2.5646     6.5771
f_starr             0.0000     2.3418     5.4842
ii_starr            0.0000     0.1396     0.0195
s_starr             0.0000     5.4459    29.6578
y_cu                0.0000     2.3269     5.4146
g_cu                0.0000     4.6538    21.6582
c_cu                0.0000     1.5513     2.4065
ii_cu               0.0000     0.1396     0.0195
pie_cu              0.0000     0.0000     0.0000
y_gap               0.0000     0.0130     0.0002
g_gap               0.0000     0.0188     0.0004
c_gap               0.0000     0.0063     0.0000
c_H_gap             0.0000     0.0158     0.0002
c_F_gap             0.0000     0.1735     0.0301
f_gap               0.0000     0.0318     0.0010
n_gap               0.0000     0.0130     0.0002
s_gap               0.0000     0.0421     0.0018
ii_gap              0.0000     0.0815     0.0066
y_gap_starr         0.0000     0.0130     0.0002
g_gap_starr         0.0000     0.0188     0.0004
c_gap_starr         0.0000     0.0063     0.0000
c_H_gap_starr       0.0000     0.1735     0.0301
c_F_gap_starr       0.0000     0.0158     0.0002
f_gap_starr         0.0000     0.0318     0.0010
n_gap_starr         0.0000     0.0130     0.0002
s_gap_starr         0.0000     0.0421     0.0018
ii_gap_starr        0.0000     0.0815     0.0066
y_gap_cu            0.0000     0.0000     0.0000
g_gap_cu            0.0000     0.0000     0.0000
c_gap_cu            0.0000     0.0000     0.0000
ii_gap_cu           0.0000     0.0000     0.0000
g_gap_r             0.0000     0.0377     0.0014



VARIANCE DECOMPOSITION (in percent)
                       eps_a  eps_a_starr
a                     100.00         0.00
a_starr                 0.00       100.00
y_nat                  98.54         1.46
g_nat                  93.55         6.45
c_nat                  91.18         8.82
c_H_nat                98.19         1.81
c_F_nat                43.11        56.89
n_nat                  39.18        60.82
f_nat                  39.18        60.82
s_nat                  50.00        50.00
r_nat                  93.55         6.45
y_nat_starr             1.46        98.54
g_nat_starr             6.45        93.55
c_nat_starr             8.82        91.18
c_H_nat_starr          56.89        43.11
c_F_nat_starr           1.81        98.19
n_nat_starr            60.82        39.18
f_nat_starr            60.82        39.18
s_nat_starr            50.00        50.00
r_nat_starr             6.45        93.55
y_nat_cu               50.00        50.00
g_nat_cu               50.00        50.00
c_nat_cu               50.00        50.00
r_nat_cu               50.00        50.00
y                      98.52         1.48
pie                    50.00        50.00
g                      93.52         6.48
n                      38.60        61.40
c                      91.23         8.77
c_H                    98.17         1.83
c_F                    43.13        56.87
f                      38.88        61.12
s                      50.00        50.00
ii                     50.00        50.00
y_starr                 1.48        98.52
pie_starr              50.00        50.00
g_starr                 6.48        93.52
n_starr                61.40        38.60
c_starr                 8.77        91.23
c_H_starr              56.87        43.13
c_F_starr               1.83        98.17
f_starr                61.12        38.88
ii_starr               50.00        50.00
s_starr                50.00        50.00
y_cu                   50.00        50.00
g_cu                   50.00        50.00
c_cu                   50.00        50.00
ii_cu                  50.00        50.00
pie_cu                  9.55        90.45
y_gap                  50.00        50.00
g_gap                  50.00        50.00
c_gap                  50.00        50.00
c_H_gap                50.00        50.00
c_F_gap                50.00        50.00
f_gap                  50.00        50.00
n_gap                  50.00        50.00
s_gap                  50.00        50.00
ii_gap                 50.00        50.00
y_gap_starr            50.00        50.00
g_gap_starr            50.00        50.00
c_gap_starr            50.00        50.00
c_H_gap_starr          50.00        50.00
c_F_gap_starr          50.00        50.00
f_gap_starr            50.00        50.00
n_gap_starr            50.00        50.00
s_gap_starr            50.00        50.00
ii_gap_starr           50.00        50.00
y_gap_cu                0.00       100.00
g_gap_cu                2.19        97.81
c_gap_cu                0.00       100.00
ii_gap_cu               0.00       100.00
g_gap_r                50.00        50.00



MATRIX OF CORRELATIONS
Variables                    a        a_starr          y_nat          g_nat          c_nat        c_H_nat        c_F_nat          n_nat          f_nat          s_nat          r_nat    y_nat_starr    g_nat_starr    c_nat_starr  c_H_nat_starr  c_F_nat_starr    n_nat_starr    f_nat_starr    s_nat_starr    r_nat_starr       y_nat_cu       g_nat_cu       c_nat_cu       r_nat_cu              y            pie              g              n              c            c_H            c_F              f              s             ii        y_starr      pie_starr        g_starr        n_starr        c_starr      c_H_starr      c_F_starr        f_starr       ii_starr        s_starr           y_cu           g_cu           c_cu          ii_cu          y_gap          g_gap          c_gap        c_H_gap        c_F_gap          f_gap          n_gap          s_gap         ii_gap    y_gap_starr    g_gap_starr    c_gap_starr  c_H_gap_starr  c_F_gap_starr    f_gap_starr    n_gap_starr    s_gap_starr   ii_gap_starr        g_gap_r
a                       1.0000         0.0000         0.9927         0.9672         0.9549         0.9909        -0.6566        -0.6259         0.6259         0.7071        -0.9672        -0.1209         0.2541         0.2970         0.7542        -0.1344        -0.7799         0.7799        -0.7071        -0.2541         0.7071         0.7071         0.7071        -0.7071         0.9926         0.6975         0.9670        -0.6211         0.9551         0.9908        -0.6567         0.6235         0.7071        -0.7071        -0.1215        -0.6975         0.2546        -0.7835         0.2962         0.7541        -0.1353         0.7817        -0.7071        -0.7071         0.7071         0.7071         0.7071        -0.7071         0.1929        -0.1371         0.1783         0.1783        -0.1783        -0.1602         0.1929         0.1783         0.7071        -0.1929         0.1371        -0.1783         0.1783        -0.1783         0.1602        -0.1929        -0.1783        -0.7071        -0.1371
a_starr                 0.0000         1.0000        -0.1209         0.2541         0.2970        -0.1344         0.7542        -0.7799         0.7799        -0.7071        -0.2541         0.9927         0.9672         0.9549        -0.6566         0.9909        -0.6259         0.6259         0.7071        -0.9672         0.7071         0.7071         0.7071        -0.7071        -0.1215        -0.6975         0.2546        -0.7835         0.2962        -0.1353         0.7541         0.7817        -0.7071        -0.7071         0.9926         0.6975         0.9670        -0.6211         0.9551        -0.6567         0.9908         0.6235        -0.7071         0.7071         0.7071         0.7071         0.7071        -0.7071        -0.1929         0.1371        -0.1783        -0.1783         0.1783         0.1602        -0.1929        -0.1783        -0.7071         0.1929        -0.1371         0.1783        -0.1783         0.1783        -0.1602         0.1929         0.1783         0.7071         0.1371
y_nat                   0.9927        -0.1209         1.0000         0.9294         0.9120         0.9999        -0.7430        -0.5271         0.5271         0.7874        -0.9294        -0.2400         0.1353         0.1793         0.8281        -0.2532        -0.6985         0.6985        -0.7874        -0.1353         0.6164         0.6164         0.6164        -0.6164         1.0000         0.7768         0.9292        -0.5218         0.9123         0.9999        -0.7431         0.5244         0.7874        -0.6164        -0.2406        -0.7768         0.1358        -0.7026         0.1786         0.8280        -0.2541         0.7006        -0.6164        -0.7874         0.6164         0.6164         0.6164        -0.6164         0.2148        -0.1527         0.1985         0.1985        -0.1985        -0.1783         0.2148         0.1985         0.7874        -0.2148         0.1527        -0.1985         0.1985        -0.1985         0.1783        -0.2148        -0.1985        -0.7874        -0.1527
g_nat                   0.9672         0.2541         0.9294         1.0000         0.9990         0.9243        -0.4435        -0.8035         0.8035         0.5043        -1.0000         0.1353         0.4914         0.5298         0.5627         0.1217        -0.9133         0.9133        -0.5043        -0.4914         0.8636         0.8636         0.8636        -0.8636         0.9292         0.4974         1.0000        -0.7997         0.9990         0.9239        -0.4436         0.8016         0.5042        -0.8636         0.1347        -0.4974         0.4919        -0.9155         0.5291         0.5625         0.1208         0.9145        -0.8636        -0.5042         0.8636         0.8636         0.8636        -0.8636         0.1376        -0.0978         0.1271         0.1271        -0.1271        -0.1142         0.1376         0.1271         0.5043        -0.1376         0.0978        -0.1271         0.1271        -0.1271         0.1142        -0.1376        -0.1271        -0.5043        -0.0978
c_nat                   0.9549         0.2970         0.9120         0.9990         1.0000         0.9063        -0.4030        -0.8293         0.8293         0.4652        -0.9990         0.1793         0.5298         0.5672         0.5252         0.1659        -0.9306         0.9306        -0.4652        -0.5298         0.8852         0.8852         0.8852        -0.8852         0.9117         0.4589         0.9990        -0.8257         1.0000         0.9059        -0.4031         0.8275         0.4652        -0.8852         0.1788        -0.4589         0.5303        -0.9326         0.5665         0.5251         0.1650         0.9316        -0.8852        -0.4652         0.8852         0.8852         0.8852        -0.8852         0.1269        -0.0902         0.1173         0.1173        -0.1173        -0.1054         0.1269         0.1173         0.4652        -0.1269         0.0902        -0.1173         0.1173        -0.1173         0.1054        -0.1269        -0.1173        -0.4652        -0.0902
c_H_nat                 0.9909        -0.1344         0.9999         0.9243         0.9063         1.0000        -0.7520        -0.5154         0.5154         0.7957        -0.9243        -0.2532         0.1217         0.1659         0.8356        -0.2664        -0.6887         0.6887        -0.7957        -0.1217         0.6056         0.6056         0.6056        -0.6056         0.9999         0.7850         0.9240        -0.5101         0.9066         1.0000        -0.7521         0.5128         0.7957        -0.6056        -0.2538        -0.7850         0.1223        -0.6929         0.1651         0.8355        -0.2673         0.6908        -0.6056        -0.7957         0.6056         0.6056         0.6056        -0.6056         0.2171        -0.1543         0.2006         0.2006        -0.2006        -0.1802         0.2171         0.2006         0.7957        -0.2171         0.1543        -0.2006         0.2006        -0.2006         0.1802        -0.2171        -0.2006        -0.7957        -0.1543
c_F_nat                -0.6566         0.7542        -0.7430        -0.4435        -0.4030        -0.7520         1.0000        -0.1772         0.1772        -0.9976         0.4435         0.8281         0.5627         0.5252        -0.9905         0.8356         0.0400        -0.0400         0.9976        -0.5627         0.0690         0.0690         0.0690        -0.0690        -0.7434        -0.9841        -0.4429        -0.1831        -0.4037        -0.7526         1.0000         0.1802        -0.9976        -0.0690         0.8284         0.9841         0.5622         0.0460         0.5259        -0.9905         0.8361        -0.0430        -0.0690         0.9976         0.0690         0.0690         0.0690        -0.0690        -0.2721         0.1935        -0.2515        -0.2515         0.2515         0.2260        -0.2721        -0.2515        -0.9976         0.2721        -0.1935         0.2515        -0.2515         0.2515        -0.2260         0.2721         0.2515         0.9976         0.1935
n_nat                  -0.6259        -0.7799        -0.5271        -0.8035        -0.8293        -0.5154        -0.1772         1.0000        -1.0000         0.1088         0.8035        -0.6985        -0.9133        -0.9306         0.0400        -0.6887         0.9763        -0.9763        -0.1088         0.9133        -0.9941        -0.9941        -0.9941         0.9941        -0.5266         0.1074        -0.8039         0.9998        -0.8289        -0.5146        -0.1771        -0.9999         0.1088         0.9941        -0.6980        -0.1074        -0.9135         0.9748        -0.9303         0.0401        -0.6880        -0.9756         0.9941        -0.1088        -0.9941        -0.9941        -0.9941         0.9941         0.0297        -0.0211         0.0274         0.0274        -0.0274        -0.0247         0.0297         0.0274         0.1088        -0.0297         0.0211        -0.0274         0.0274        -0.0274         0.0247        -0.0297        -0.0274        -0.1088        -0.0211
f_nat                   0.6259         0.7799         0.5271         0.8035         0.8293         0.5154         0.1772        -1.0000         1.0000        -0.1088        -0.8035         0.6985         0.9133         0.9306        -0.0400         0.6887        -0.9763         0.9763         0.1088        -0.9133         0.9941         0.9941         0.9941        -0.9941         0.5266        -0.1074         0.8039        -0.9998         0.8289         0.5146         0.1771         0.9999        -0.1088        -0.9941         0.6980         0.1074         0.9135        -0.9748         0.9303        -0.0401         0.6880         0.9756        -0.9941         0.1088         0.9941         0.9941         0.9941        -0.9941        -0.0297         0.0211        -0.0274        -0.0274         0.0274         0.0247        -0.0297        -0.0274        -0.1088         0.0297        -0.0211         0.0274        -0.0274         0.0274        -0.0247         0.0297         0.0274         0.1088         0.0211
s_nat                   0.7071        -0.7071         0.7874         0.5043         0.4652         0.7957        -0.9976         0.1088        -0.1088         1.0000        -0.5043        -0.7874        -0.5043        -0.4652         0.9976        -0.7957        -0.1088         0.1088        -1.0000         0.5043         0.0000         0.0000         0.0000         0.0000         0.7878         0.9865         0.5038         0.1148         0.4659         0.7963        -0.9976        -0.1119         1.0000         0.0000        -0.7878        -0.9865        -0.5038        -0.1148        -0.4659         0.9976        -0.7963         0.1119         0.0000        -1.0000         0.0000         0.0000         0.0000         0.0000         0.2728        -0.1939         0.2521         0.2521        -0.2521        -0.2265         0.2728         0.2521         1.0000        -0.2728         0.1939        -0.2521         0.2521        -0.2521         0.2265        -0.2728        -0.2521        -1.0000        -0.1939
r_nat                  -0.9672        -0.2541        -0.9294        -1.0000        -0.9990        -0.9243         0.4435         0.8035        -0.8035        -0.5043         1.0000        -0.1353        -0.4914        -0.5298        -0.5627        -0.1217         0.9133        -0.9133         0.5043         0.4914        -0.8636        -0.8636        -0.8636         0.8636        -0.9292        -0.4974        -1.0000         0.7997        -0.9990        -0.9239         0.4436        -0.8016        -0.5042         0.8636        -0.1347         0.4974        -0.4919         0.9155        -0.5291        -0.5625        -0.1208        -0.9145         0.8636         0.5042        -0.8636        -0.8636        -0.8636         0.8636        -0.1376         0.0978        -0.1271        -0.1271         0.1271         0.1142        -0.1376        -0.1271        -0.5043         0.1376        -0.0978         0.1271        -0.1271         0.1271        -0.1142         0.1376         0.1271         0.5043         0.0978
y_nat_starr            -0.1209         0.9927        -0.2400         0.1353         0.1793        -0.2532         0.8281        -0.6985         0.6985        -0.7874        -0.1353         1.0000         0.9294         0.9120        -0.7430         0.9999        -0.5271         0.5271         0.7874        -0.9294         0.6164         0.6164         0.6164        -0.6164        -0.2406        -0.7768         0.1358        -0.7026         0.1786        -0.2541         0.8280         0.7006        -0.7874        -0.6164         1.0000         0.7768         0.9292        -0.5218         0.9123        -0.7431         0.9999         0.5244        -0.6164         0.7874         0.6164         0.6164         0.6164        -0.6164        -0.2148         0.1527        -0.1985        -0.1985         0.1985         0.1783        -0.2148        -0.1985        -0.7874         0.2148        -0.1527         0.1985        -0.1985         0.1985        -0.1783         0.2148         0.1985         0.7874         0.1527
g_nat_starr             0.2541         0.9672         0.1353         0.4914         0.5298         0.1217         0.5627        -0.9133         0.9133        -0.5043        -0.4914         0.9294         1.0000         0.9990        -0.4435         0.9243        -0.8035         0.8035         0.5043        -1.0000         0.8636         0.8636         0.8636        -0.8636         0.1347        -0.4974         0.4919        -0.9155         0.5291         0.1208         0.5625         0.9145        -0.5042        -0.8636         0.9292         0.4974         1.0000        -0.7997         0.9990        -0.4436         0.9239         0.8016        -0.8636         0.5042         0.8636         0.8636         0.8636        -0.8636        -0.1376         0.0978        -0.1271        -0.1271         0.1271         0.1142        -0.1376        -0.1271        -0.5043         0.1376        -0.0978         0.1271        -0.1271         0.1271        -0.1142         0.1376         0.1271         0.5043         0.0978
c_nat_starr             0.2970         0.9549         0.1793         0.5298         0.5672         0.1659         0.5252        -0.9306         0.9306        -0.4652        -0.5298         0.9120         0.9990         1.0000        -0.4030         0.9063        -0.8293         0.8293         0.4652        -0.9990         0.8852         0.8852         0.8852        -0.8852         0.1788        -0.4589         0.5303        -0.9326         0.5665         0.1650         0.5251         0.9316        -0.4652        -0.8852         0.9117         0.4589         0.9990        -0.8257         1.0000        -0.4031         0.9059         0.8275        -0.8852         0.4652         0.8852         0.8852         0.8852        -0.8852        -0.1269         0.0902        -0.1173        -0.1173         0.1173         0.1054        -0.1269        -0.1173        -0.4652         0.1269        -0.0902         0.1173        -0.1173         0.1173        -0.1054         0.1269         0.1173         0.4652         0.0902
c_H_nat_starr           0.7542        -0.6566         0.8281         0.5627         0.5252         0.8356        -0.9905         0.0400        -0.0400         0.9976        -0.5627        -0.7430        -0.4435        -0.4030         1.0000        -0.7520        -0.1772         0.1772        -0.9976         0.4435         0.0690         0.0690         0.0690        -0.0690         0.8284         0.9841         0.5622         0.0460         0.5259         0.8361        -0.9905        -0.0430         0.9976        -0.0690        -0.7434        -0.9841        -0.4429        -0.1831        -0.4037         1.0000        -0.7526         0.1802        -0.0690        -0.9976         0.0690         0.0690         0.0690        -0.0690         0.2721        -0.1935         0.2515         0.2515        -0.2515        -0.2260         0.2721         0.2515         0.9976        -0.2721         0.1935        -0.2515         0.2515        -0.2515         0.2260        -0.2721        -0.2515        -0.9976        -0.1935
c_F_nat_starr          -0.1344         0.9909        -0.2532         0.1217         0.1659        -0.2664         0.8356        -0.6887         0.6887        -0.7957        -0.1217         0.9999         0.9243         0.9063        -0.7520         1.0000        -0.5154         0.5154         0.7957        -0.9243         0.6056         0.6056         0.6056        -0.6056        -0.2538        -0.7850         0.1223        -0.6929         0.1651        -0.2673         0.8355         0.6908        -0.7957        -0.6056         0.9999         0.7850         0.9240        -0.5101         0.9066        -0.7521         1.0000         0.5128        -0.6056         0.7957         0.6056         0.6056         0.6056        -0.6056        -0.2171         0.1543        -0.2006        -0.2006         0.2006         0.1802        -0.2171        -0.2006        -0.7957         0.2171        -0.1543         0.2006        -0.2006         0.2006        -0.1802         0.2171         0.2006         0.7957         0.1543
n_nat_starr            -0.7799        -0.6259        -0.6985        -0.9133        -0.9306        -0.6887         0.0400         0.9763        -0.9763        -0.1088         0.9133        -0.5271        -0.8035        -0.8293        -0.1772        -0.5154         1.0000        -1.0000         0.1088         0.8035        -0.9941        -0.9941        -0.9941         0.9941        -0.6980        -0.1074        -0.9135         0.9748        -0.9303        -0.6880         0.0401        -0.9756        -0.1088         0.9941        -0.5266         0.1074        -0.8039         0.9998        -0.8289        -0.1771        -0.5146        -0.9999         0.9941         0.1088        -0.9941        -0.9941        -0.9941         0.9941        -0.0297         0.0211        -0.0274        -0.0274         0.0274         0.0247        -0.0297        -0.0274        -0.1088         0.0297        -0.0211         0.0274        -0.0274         0.0274        -0.0247         0.0297         0.0274         0.1088         0.0211
f_nat_starr             0.7799         0.6259         0.6985         0.9133         0.9306         0.6887        -0.0400        -0.9763         0.9763         0.1088        -0.9133         0.5271         0.8035         0.8293         0.1772         0.5154        -1.0000         1.0000        -0.1088        -0.8035         0.9941         0.9941         0.9941        -0.9941         0.6980         0.1074         0.9135        -0.9748         0.9303         0.6880        -0.0401         0.9756         0.1088        -0.9941         0.5266        -0.1074         0.8039        -0.9998         0.8289         0.1771         0.5146         0.9999        -0.9941        -0.1088         0.9941         0.9941         0.9941        -0.9941         0.0297        -0.0211         0.0274         0.0274        -0.0274        -0.0247         0.0297         0.0274         0.1088        -0.0297         0.0211        -0.0274         0.0274        -0.0274         0.0247        -0.0297        -0.0274        -0.1088        -0.0211
s_nat_starr            -0.7071         0.7071        -0.7874        -0.5043        -0.4652        -0.7957         0.9976        -0.1088         0.1088        -1.0000         0.5043         0.7874         0.5043         0.4652        -0.9976         0.7957         0.1088        -0.1088         1.0000        -0.5043         0.0000         0.0000         0.0000         0.0000        -0.7878        -0.9865        -0.5038        -0.1148        -0.4659        -0.7963         0.9976         0.1119        -1.0000         0.0000         0.7878         0.9865         0.5038         0.1148         0.4659        -0.9976         0.7963        -0.1119         0.0000         1.0000         0.0000         0.0000         0.0000         0.0000        -0.2728         0.1939        -0.2521        -0.2521         0.2521         0.2265        -0.2728        -0.2521        -1.0000         0.2728        -0.1939         0.2521        -0.2521         0.2521        -0.2265         0.2728         0.2521         1.0000         0.1939
r_nat_starr            -0.2541        -0.9672        -0.1353        -0.4914        -0.5298        -0.1217        -0.5627         0.9133        -0.9133         0.5043         0.4914        -0.9294        -1.0000        -0.9990         0.4435        -0.9243         0.8035        -0.8035        -0.5043         1.0000        -0.8636        -0.8636        -0.8636         0.8636        -0.1347         0.4974        -0.4919         0.9155        -0.5291        -0.1208        -0.5625        -0.9145         0.5042         0.8636        -0.9292        -0.4974        -1.0000         0.7997        -0.9990         0.4436        -0.9239        -0.8016         0.8636        -0.5042        -0.8636        -0.8636        -0.8636         0.8636         0.1376        -0.0978         0.1271         0.1271        -0.1271        -0.1142         0.1376         0.1271         0.5043        -0.1376         0.0978        -0.1271         0.1271        -0.1271         0.1142        -0.1376        -0.1271        -0.5043        -0.0978
y_nat_cu                0.7071         0.7071         0.6164         0.8636         0.8852         0.6056         0.0690        -0.9941         0.9941         0.0000        -0.8636         0.6164         0.8636         0.8852         0.0690         0.6056        -0.9941         0.9941         0.0000        -0.8636         1.0000         1.0000         1.0000        -1.0000         0.6160         0.0000         0.8638        -0.9932         0.8848         0.6049         0.0689         0.9936         0.0000        -1.0000         0.6160         0.0000         0.8638        -0.9932         0.8848         0.0689         0.6049         0.9936        -1.0000         0.0000         1.0000         1.0000         1.0000        -1.0000         0.0000         0.0000         0.0000         0.0000         0.0000         0.0000         0.0000         0.0000         0.0000         0.0000         0.0000         0.0000         0.0000         0.0000         0.0000         0.0000         0.0000         0.0000         0.0000
g_nat_cu                0.7071         0.7071         0.6164         0.8636         0.8852         0.6056         0.0690        -0.9941         0.9941         0.0000        -0.8636         0.6164         0.8636         0.8852         0.0690         0.6056        -0.9941         0.9941         0.0000        -0.8636         1.0000         1.0000         1.0000        -1.0000         0.6160         0.0000         0.8638        -0.9932         0.8848         0.6049         0.0689         0.9936         0.0000        -1.0000         0.6160         0.0000         0.8638        -0.9932         0.8848         0.0689         0.6049         0.9936        -1.0000         0.0000         1.0000         1.0000         1.0000        -1.0000         0.0000         0.0000         0.0000         0.0000         0.0000         0.0000         0.0000         0.0000         0.0000         0.0000         0.0000         0.0000         0.0000         0.0000         0.0000         0.0000         0.0000         0.0000         0.0000
c_nat_cu                0.7071         0.7071         0.6164         0.8636         0.8852         0.6056         0.0690        -0.9941         0.9941         0.0000        -0.8636         0.6164         0.8636         0.8852         0.0690         0.6056        -0.9941         0.9941         0.0000        -0.8636         1.0000         1.0000         1.0000        -1.0000         0.6160         0.0000         0.8638        -0.9932         0.8848         0.6049         0.0689         0.9936         0.0000        -1.0000         0.6160         0.0000         0.8638        -0.9932         0.8848         0.0689         0.6049         0.9936        -1.0000         0.0000         1.0000         1.0000         1.0000        -1.0000         0.0000         0.0000         0.0000         0.0000         0.0000         0.0000         0.0000         0.0000         0.0000         0.0000         0.0000         0.0000         0.0000         0.0000         0.0000         0.0000         0.0000         0.0000         0.0000
r_nat_cu               -0.7071        -0.7071        -0.6164        -0.8636        -0.8852        -0.6056        -0.0690         0.9941        -0.9941         0.0000         0.8636        -0.6164        -0.8636        -0.8852        -0.0690        -0.6056         0.9941        -0.9941         0.0000         0.8636        -1.0000        -1.0000        -1.0000         1.0000        -0.6160         0.0000        -0.8638         0.9932        -0.8848        -0.6049        -0.0689        -0.9936         0.0000         1.0000        -0.6160         0.0000        -0.8638         0.9932        -0.8848        -0.0689        -0.6049        -0.9936         1.0000         0.0000        -1.0000        -1.0000        -1.0000         1.0000         0.0000         0.0000         0.0000         0.0000         0.0000         0.0000         0.0000         0.0000         0.0000         0.0000         0.0000         0.0000         0.0000         0.0000         0.0000         0.0000         0.0000         0.0000         0.0000
y                       0.9926        -0.1215         1.0000         0.9292         0.9117         0.9999        -0.7434        -0.5266         0.5266         0.7878        -0.9292        -0.2406         0.1347         0.1788         0.8284        -0.2538        -0.6980         0.6980        -0.7878        -0.1347         0.6160         0.6160         0.6160        -0.6160         1.0000         0.7777         0.9289        -0.5212         0.9121         0.9999        -0.7435         0.5239         0.7878        -0.6160        -0.2412        -0.7777         0.1353        -0.7023         0.1780         0.8283        -0.2547         0.7002        -0.6160        -0.7878         0.6160         0.6160         0.6160        -0.6160         0.2181        -0.1560         0.2018         0.2018        -0.2018        -0.1817         0.2181         0.2018         0.7878        -0.2181         0.1560        -0.2018         0.2018        -0.2018         0.1817        -0.2181        -0.2018        -0.7878        -0.1560
pie                     0.6975        -0.6975         0.7768         0.4974         0.4589         0.7850        -0.9841         0.1074        -0.1074         0.9865        -0.4974        -0.7768        -0.4974        -0.4589         0.9841        -0.7850        -0.1074         0.1074        -0.9865         0.4974         0.0000         0.0000         0.0000         0.0000         0.7777         1.0000         0.4964         0.1168         0.4602         0.7865        -0.9853        -0.1125         0.9877         0.0000        -0.7777        -1.0000        -0.4964        -0.1168        -0.4602         0.9853        -0.7865         0.1125         0.0000        -0.9877         0.0000         0.0000         0.0000         0.0000         0.4268        -0.3518         0.4074         0.4074        -0.4074        -0.3830         0.4268         0.4074         0.9865        -0.4268         0.3518        -0.4074         0.4074        -0.4074         0.3830        -0.4268        -0.4074        -0.9865        -0.3518
g                       0.9670         0.2546         0.9292         1.0000         0.9990         0.9240        -0.4429        -0.8039         0.8039         0.5038        -1.0000         0.1358         0.4919         0.5303         0.5622         0.1223        -0.9135         0.9135        -0.5038        -0.4919         0.8638         0.8638         0.8638        -0.8638         0.9289         0.4964         1.0000        -0.8002         0.9990         0.9236        -0.4430         0.8020         0.5037        -0.8638         0.1353        -0.4964         0.4924        -0.9157         0.5296         0.5620         0.1214         0.9147        -0.8638        -0.5037         0.8638         0.8638         0.8638        -0.8638         0.1341        -0.0943         0.1237         0.1237        -0.1237        -0.1108         0.1341         0.1237         0.5038        -0.1341         0.0943        -0.1237         0.1237        -0.1237         0.1108        -0.1341        -0.1237        -0.5038        -0.0943
n                      -0.6211        -0.7835        -0.5218        -0.7997        -0.8257        -0.5101        -0.1831         0.9998        -0.9998         0.1148         0.7997        -0.7026        -0.9155        -0.9326         0.0460        -0.6929         0.9748        -0.9748        -0.1148         0.9155        -0.9932        -0.9932        -0.9932         0.9932        -0.5212         0.1168        -0.8002         1.0000        -0.8252        -0.5092        -0.1831        -1.0000         0.1150         0.9932        -0.7023        -0.1168        -0.9157         0.9727        -0.9323         0.0463        -0.6923        -0.9737         0.9932        -0.1150        -0.9932        -0.9932        -0.9932         0.9932         0.0519        -0.0432         0.0497         0.0497        -0.0497        -0.0469         0.0519         0.0497         0.1148        -0.0519         0.0432        -0.0497         0.0497        -0.0497         0.0469        -0.0519        -0.0497        -0.1148        -0.0432
c                       0.9551         0.2962         0.9123         0.9990         1.0000         0.9066        -0.4037        -0.8289         0.8289         0.4659        -0.9990         0.1786         0.5291         0.5665         0.5259         0.1651        -0.9303         0.9303        -0.4659        -0.5291         0.8848         0.8848         0.8848        -0.8848         0.9121         0.4602         0.9990        -0.8252         1.0000         0.9062        -0.4039         0.8270         0.4659        -0.8848         0.1780        -0.4602         0.5296        -0.9323         0.5658         0.5258         0.1642         0.9314        -0.8848        -0.4659         0.8848         0.8848         0.8848        -0.8848         0.1304        -0.0938         0.1208         0.1208        -0.1208        -0.1089         0.1304         0.1208         0.4659        -0.1304         0.0938        -0.1208         0.1208        -0.1208         0.1089        -0.1304        -0.1208        -0.4659        -0.0938
c_H                     0.9908        -0.1353         0.9999         0.9239         0.9059         1.0000        -0.7526        -0.5146         0.5146         0.7963        -0.9239        -0.2541         0.1208         0.1650         0.8361        -0.2673        -0.6880         0.6880        -0.7963        -0.1208         0.6049         0.6049         0.6049        -0.6049         0.9999         0.7865         0.9236        -0.5092         0.9062         1.0000        -0.7527         0.5119         0.7963        -0.6049        -0.2547        -0.7865         0.1214        -0.6923         0.1642         0.8361        -0.2682         0.6902        -0.6049        -0.7963         0.6049         0.6049         0.6049        -0.6049         0.2229        -0.1602         0.2065         0.2065        -0.2065        -0.1862         0.2229         0.2065         0.7963        -0.2229         0.1602        -0.2065         0.2065        -0.2065         0.1862        -0.2229        -0.2065        -0.7963        -0.1602
c_F                    -0.6567         0.7541        -0.7431        -0.4436        -0.4031        -0.7521         1.0000        -0.1771         0.1771        -0.9976         0.4436         0.8280         0.5625         0.5251        -0.9905         0.8355         0.0401        -0.0401         0.9976        -0.5625         0.0689         0.0689         0.0689        -0.0689        -0.7435        -0.9853        -0.4430        -0.1831        -0.4039        -0.7527         1.0000         0.1802        -0.9976        -0.0689         0.8283         0.9853         0.5620         0.0463         0.5258        -0.9905         0.8361        -0.0432        -0.0689         0.9976         0.0689         0.0689         0.0689        -0.0689        -0.2793         0.2008        -0.2588        -0.2588         0.2588         0.2332        -0.2793        -0.2588        -0.9976         0.2793        -0.2008         0.2588        -0.2588         0.2588        -0.2332         0.2793         0.2588         0.9976         0.2008
f                       0.6235         0.7817         0.5244         0.8016         0.8275         0.5128         0.1802        -0.9999         0.9999        -0.1119        -0.8016         0.7006         0.9145         0.9316        -0.0430         0.6908        -0.9756         0.9756         0.1119        -0.9145         0.9936         0.9936         0.9936        -0.9936         0.5239        -0.1125         0.8020        -1.0000         0.8270         0.5119         0.1802         1.0000        -0.1120        -0.9936         0.7002         0.1125         0.9147        -0.9737         0.9314        -0.0432         0.6902         0.9746        -0.9936         0.1120         0.9936         0.9936         0.9936        -0.9936        -0.0432         0.0347        -0.0410        -0.0410         0.0410         0.0382        -0.0432        -0.0410        -0.1119         0.0432        -0.0347         0.0410        -0.0410         0.0410        -0.0382         0.0432         0.0410         0.1119         0.0347
s                       0.7071        -0.7071         0.7874         0.5042         0.4652         0.7957        -0.9976         0.1088        -0.1088         1.0000        -0.5042        -0.7874        -0.5042        -0.4652         0.9976        -0.7957        -0.1088         0.1088        -1.0000         0.5042         0.0000         0.0000         0.0000         0.0000         0.7878         0.9877         0.5037         0.1150         0.4659         0.7963        -0.9976        -0.1120         1.0000         0.0000        -0.7878        -0.9877        -0.5037        -0.1150        -0.4659         0.9976        -0.7963         0.1120         0.0000        -1.0000         0.0000         0.0000         0.0000         0.0000         0.2800        -0.2012         0.2594         0.2594        -0.2594        -0.2338         0.2800         0.2594         1.0000        -0.2800         0.2012        -0.2594         0.2594        -0.2594         0.2338        -0.2800        -0.2594        -1.0000        -0.2012
ii                     -0.7071        -0.7071        -0.6164        -0.8636        -0.8852        -0.6056        -0.0690         0.9941        -0.9941         0.0000         0.8636        -0.6164        -0.8636        -0.8852        -0.0690        -0.6056         0.9941        -0.9941         0.0000         0.8636        -1.0000        -1.0000        -1.0000         1.0000        -0.6160         0.0000        -0.8638         0.9932        -0.8848        -0.6049        -0.0689        -0.9936         0.0000         1.0000        -0.6160         0.0000        -0.8638         0.9932        -0.8848        -0.0689        -0.6049        -0.9936         1.0000         0.0000        -1.0000        -1.0000        -1.0000         1.0000         0.0000         0.0000         0.0000         0.0000         0.0000         0.0000         0.0000         0.0000         0.0000         0.0000         0.0000         0.0000         0.0000         0.0000         0.0000         0.0000         0.0000         0.0000         0.0000
y_starr                -0.1215         0.9926        -0.2406         0.1347         0.1788        -0.2538         0.8284        -0.6980         0.6980        -0.7878        -0.1347         1.0000         0.9292         0.9117        -0.7434         0.9999        -0.5266         0.5266         0.7878        -0.9292         0.6160         0.6160         0.6160        -0.6160        -0.2412        -0.7777         0.1353        -0.7023         0.1780        -0.2547         0.8283         0.7002        -0.7878        -0.6160         1.0000         0.7777         0.9289        -0.5212         0.9121        -0.7435         0.9999         0.5239        -0.6160         0.7878         0.6160         0.6160         0.6160        -0.6160        -0.2181         0.1560        -0.2018        -0.2018         0.2018         0.1817        -0.2181        -0.2018        -0.7878         0.2181        -0.1560         0.2018        -0.2018         0.2018        -0.1817         0.2181         0.2018         0.7878         0.1560
pie_starr              -0.6975         0.6975        -0.7768        -0.4974        -0.4589        -0.7850         0.9841        -0.1074         0.1074        -0.9865         0.4974         0.7768         0.4974         0.4589        -0.9841         0.7850         0.1074        -0.1074         0.9865        -0.4974         0.0000         0.0000         0.0000         0.0000        -0.7777        -1.0000        -0.4964        -0.1168        -0.4602        -0.7865         0.9853         0.1125        -0.9877         0.0000         0.7777         1.0000         0.4964         0.1168         0.4602        -0.9853         0.7865        -0.1125         0.0000         0.9877         0.0000         0.0000         0.0000         0.0000        -0.4268         0.3518        -0.4074        -0.4074         0.4074         0.3830        -0.4268        -0.4074        -0.9865         0.4268        -0.3518         0.4074        -0.4074         0.4074        -0.3830         0.4268         0.4074         0.9865         0.3518
g_starr                 0.2546         0.9670         0.1358         0.4919         0.5303         0.1223         0.5622        -0.9135         0.9135        -0.5038        -0.4919         0.9292         1.0000         0.9990        -0.4429         0.9240        -0.8039         0.8039         0.5038        -1.0000         0.8638         0.8638         0.8638        -0.8638         0.1353        -0.4964         0.4924        -0.9157         0.5296         0.1214         0.5620         0.9147        -0.5037        -0.8638         0.9289         0.4964         1.0000        -0.8002         0.9990        -0.4430         0.9236         0.8020        -0.8638         0.5037         0.8638         0.8638         0.8638        -0.8638        -0.1341         0.0943        -0.1237        -0.1237         0.1237         0.1108        -0.1341        -0.1237        -0.5038         0.1341        -0.0943         0.1237        -0.1237         0.1237        -0.1108         0.1341         0.1237         0.5038         0.0943
n_starr                -0.7835        -0.6211        -0.7026        -0.9155        -0.9326        -0.6929         0.0460         0.9748        -0.9748        -0.1148         0.9155        -0.5218        -0.7997        -0.8257        -0.1831        -0.5101         0.9998        -0.9998         0.1148         0.7997        -0.9932        -0.9932        -0.9932         0.9932        -0.7023        -0.1168        -0.9157         0.9727        -0.9323        -0.6923         0.0463        -0.9737        -0.1150         0.9932        -0.5212         0.1168        -0.8002         1.0000        -0.8252        -0.1831        -0.5092        -1.0000         0.9932         0.1150        -0.9932        -0.9932        -0.9932         0.9932        -0.0519         0.0432        -0.0497        -0.0497         0.0497         0.0469        -0.0519        -0.0497        -0.1148         0.0519        -0.0432         0.0497        -0.0497         0.0497        -0.0469         0.0519         0.0497         0.1148         0.0432
c_starr                 0.2962         0.9551         0.1786         0.5291         0.5665         0.1651         0.5259        -0.9303         0.9303        -0.4659        -0.5291         0.9123         0.9990         1.0000        -0.4037         0.9066        -0.8289         0.8289         0.4659        -0.9990         0.8848         0.8848         0.8848        -0.8848         0.1780        -0.4602         0.5296        -0.9323         0.5658         0.1642         0.5258         0.9314        -0.4659        -0.8848         0.9121         0.4602         0.9990        -0.8252         1.0000        -0.4039         0.9062         0.8270        -0.8848         0.4659         0.8848         0.8848         0.8848        -0.8848        -0.1304         0.0938        -0.1208        -0.1208         0.1208         0.1089        -0.1304        -0.1208        -0.4659         0.1304        -0.0938         0.1208        -0.1208         0.1208        -0.1089         0.1304         0.1208         0.4659         0.0938
c_H_starr               0.7541        -0.6567         0.8280         0.5625         0.5251         0.8355        -0.9905         0.0401        -0.0401         0.9976        -0.5625        -0.7431        -0.4436        -0.4031         1.0000        -0.7521        -0.1771         0.1771        -0.9976         0.4436         0.0689         0.0689         0.0689        -0.0689         0.8283         0.9853         0.5620         0.0463         0.5258         0.8361        -0.9905        -0.0432         0.9976        -0.0689        -0.7435        -0.9853        -0.4430        -0.1831        -0.4039         1.0000        -0.7527         0.1802        -0.0689        -0.9976         0.0689         0.0689         0.0689        -0.0689         0.2793        -0.2008         0.2588         0.2588        -0.2588        -0.2332         0.2793         0.2588         0.9976        -0.2793         0.2008        -0.2588         0.2588        -0.2588         0.2332        -0.2793        -0.2588        -0.9976        -0.2008
c_F_starr              -0.1353         0.9908        -0.2541         0.1208         0.1650        -0.2673         0.8361        -0.6880         0.6880        -0.7963        -0.1208         0.9999         0.9239         0.9059        -0.7526         1.0000        -0.5146         0.5146         0.7963        -0.9239         0.6049         0.6049         0.6049        -0.6049        -0.2547        -0.7865         0.1214        -0.6923         0.1642        -0.2682         0.8361         0.6902        -0.7963        -0.6049         0.9999         0.7865         0.9236        -0.5092         0.9062        -0.7527         1.0000         0.5119        -0.6049         0.7963         0.6049         0.6049         0.6049        -0.6049        -0.2229         0.1602        -0.2065        -0.2065         0.2065         0.1862        -0.2229        -0.2065        -0.7963         0.2229        -0.1602         0.2065        -0.2065         0.2065        -0.1862         0.2229         0.2065         0.7963         0.1602
f_starr                 0.7817         0.6235         0.7006         0.9145         0.9316         0.6908        -0.0430        -0.9756         0.9756         0.1119        -0.9145         0.5244         0.8016         0.8275         0.1802         0.5128        -0.9999         0.9999        -0.1119        -0.8016         0.9936         0.9936         0.9936        -0.9936         0.7002         0.1125         0.9147        -0.9737         0.9314         0.6902        -0.0432         0.9746         0.1120        -0.9936         0.5239        -0.1125         0.8020        -1.0000         0.8270         0.1802         0.5119         1.0000        -0.9936        -0.1120         0.9936         0.9936         0.9936        -0.9936         0.0432        -0.0347         0.0410         0.0410        -0.0410        -0.0382         0.0432         0.0410         0.1119        -0.0432         0.0347        -0.0410         0.0410        -0.0410         0.0382        -0.0432        -0.0410        -0.1119        -0.0347
ii_starr               -0.7071        -0.7071        -0.6164        -0.8636        -0.8852        -0.6056        -0.0690         0.9941        -0.9941         0.0000         0.8636        -0.6164        -0.8636        -0.8852        -0.0690        -0.6056         0.9941        -0.9941         0.0000         0.8636        -1.0000        -1.0000        -1.0000         1.0000        -0.6160         0.0000        -0.8638         0.9932        -0.8848        -0.6049        -0.0689        -0.9936         0.0000         1.0000        -0.6160         0.0000        -0.8638         0.9932        -0.8848        -0.0689        -0.6049        -0.9936         1.0000         0.0000        -1.0000        -1.0000        -1.0000         1.0000         0.0000         0.0000         0.0000         0.0000         0.0000         0.0000         0.0000         0.0000         0.0000         0.0000         0.0000         0.0000         0.0000         0.0000         0.0000         0.0000         0.0000         0.0000         0.0000
s_starr                -0.7071         0.7071        -0.7874        -0.5042        -0.4652        -0.7957         0.9976        -0.1088         0.1088        -1.0000         0.5042         0.7874         0.5042         0.4652        -0.9976         0.7957         0.1088        -0.1088         1.0000        -0.5042         0.0000         0.0000         0.0000         0.0000        -0.7878        -0.9877        -0.5037        -0.1150        -0.4659        -0.7963         0.9976         0.1120        -1.0000         0.0000         0.7878         0.9877         0.5037         0.1150         0.4659        -0.9976         0.7963        -0.1120         0.0000         1.0000         0.0000         0.0000         0.0000         0.0000        -0.2800         0.2012        -0.2594        -0.2594         0.2594         0.2338        -0.2800        -0.2594        -1.0000         0.2800        -0.2012         0.2594        -0.2594         0.2594        -0.2338         0.2800         0.2594         1.0000         0.2012
y_cu                    0.7071         0.7071         0.6164         0.8636         0.8852         0.6056         0.0690        -0.9941         0.9941         0.0000        -0.8636         0.6164         0.8636         0.8852         0.0690         0.6056        -0.9941         0.9941         0.0000        -0.8636         1.0000         1.0000         1.0000        -1.0000         0.6160         0.0000         0.8638        -0.9932         0.8848         0.6049         0.0689         0.9936         0.0000        -1.0000         0.6160         0.0000         0.8638        -0.9932         0.8848         0.0689         0.6049         0.9936        -1.0000         0.0000         1.0000         1.0000         1.0000        -1.0000         0.0000         0.0000         0.0000         0.0000         0.0000         0.0000         0.0000         0.0000         0.0000         0.0000         0.0000         0.0000         0.0000         0.0000         0.0000         0.0000         0.0000         0.0000         0.0000
g_cu                    0.7071         0.7071         0.6164         0.8636         0.8852         0.6056         0.0690        -0.9941         0.9941         0.0000        -0.8636         0.6164         0.8636         0.8852         0.0690         0.6056        -0.9941         0.9941         0.0000        -0.8636         1.0000         1.0000         1.0000        -1.0000         0.6160         0.0000         0.8638        -0.9932         0.8848         0.6049         0.0689         0.9936         0.0000        -1.0000         0.6160         0.0000         0.8638        -0.9932         0.8848         0.0689         0.6049         0.9936        -1.0000         0.0000         1.0000         1.0000         1.0000        -1.0000         0.0000         0.0000         0.0000         0.0000         0.0000         0.0000         0.0000         0.0000         0.0000         0.0000         0.0000         0.0000         0.0000         0.0000         0.0000         0.0000         0.0000         0.0000         0.0000
c_cu                    0.7071         0.7071         0.6164         0.8636         0.8852         0.6056         0.0690        -0.9941         0.9941         0.0000        -0.8636         0.6164         0.8636         0.8852         0.0690         0.6056        -0.9941         0.9941         0.0000        -0.8636         1.0000         1.0000         1.0000        -1.0000         0.6160         0.0000         0.8638        -0.9932         0.8848         0.6049         0.0689         0.9936         0.0000        -1.0000         0.6160         0.0000         0.8638        -0.9932         0.8848         0.0689         0.6049         0.9936        -1.0000         0.0000         1.0000         1.0000         1.0000        -1.0000         0.0000         0.0000         0.0000         0.0000         0.0000         0.0000         0.0000         0.0000         0.0000         0.0000         0.0000         0.0000         0.0000         0.0000         0.0000         0.0000         0.0000         0.0000         0.0000
ii_cu                  -0.7071        -0.7071        -0.6164        -0.8636        -0.8852        -0.6056        -0.0690         0.9941        -0.9941         0.0000         0.8636        -0.6164        -0.8636        -0.8852        -0.0690        -0.6056         0.9941        -0.9941         0.0000         0.8636        -1.0000        -1.0000        -1.0000         1.0000        -0.6160         0.0000        -0.8638         0.9932        -0.8848        -0.6049        -0.0689        -0.9936         0.0000         1.0000        -0.6160         0.0000        -0.8638         0.9932        -0.8848        -0.0689        -0.6049        -0.9936         1.0000         0.0000        -1.0000        -1.0000        -1.0000         1.0000         0.0000         0.0000         0.0000         0.0000         0.0000         0.0000         0.0000         0.0000         0.0000         0.0000         0.0000         0.0000         0.0000         0.0000         0.0000         0.0000         0.0000         0.0000         0.0000
y_gap                   0.1929        -0.1929         0.2148         0.1376         0.1269         0.2171        -0.2721         0.0297        -0.0297         0.2728        -0.1376        -0.2148        -0.1376        -0.1269         0.2721        -0.2171        -0.0297         0.0297        -0.2728         0.1376         0.0000         0.0000         0.0000         0.0000         0.2181         0.4268         0.1341         0.0519         0.1304         0.2229        -0.2793        -0.0432         0.2800         0.0000        -0.2181        -0.4268        -0.1341        -0.0519        -0.1304         0.2793        -0.2229         0.0432         0.0000        -0.2800         0.0000         0.0000         0.0000         0.0000         1.0000        -0.9943         0.9996         0.9996        -0.9996        -0.9980         1.0000         0.9996         0.2728        -1.0000         0.9943        -0.9996         0.9996        -0.9996         0.9980        -1.0000        -0.9996        -0.2728        -0.9943
g_gap                  -0.1371         0.1371        -0.1527        -0.0978        -0.0902        -0.1543         0.1935        -0.0211         0.0211        -0.1939         0.0978         0.1527         0.0978         0.0902        -0.1935         0.1543         0.0211        -0.0211         0.1939        -0.0978         0.0000         0.0000         0.0000         0.0000        -0.1560        -0.3518        -0.0943        -0.0432        -0.0938        -0.1602         0.2008         0.0347        -0.2012         0.0000         0.1560         0.3518         0.0943         0.0432         0.0938        -0.2008         0.1602        -0.0347         0.0000         0.2012         0.0000         0.0000         0.0000         0.0000        -0.9943         1.0000        -0.9969        -0.9969         0.9969         0.9990        -0.9943        -0.9969        -0.1939         0.9943        -1.0000         0.9969        -0.9969         0.9969        -0.9990         0.9943         0.9969         0.1939         1.0000
c_gap                   0.1783        -0.1783         0.1985         0.1271         0.1173         0.2006        -0.2515         0.0274        -0.0274         0.2521        -0.1271        -0.1985        -0.1271        -0.1173         0.2515        -0.2006        -0.0274         0.0274        -0.2521         0.1271         0.0000         0.0000         0.0000         0.0000         0.2018         0.4074         0.1237         0.0497         0.1208         0.2065        -0.2588        -0.0410         0.2594         0.0000        -0.2018        -0.4074        -0.1237        -0.0497        -0.1208         0.2588        -0.2065         0.0410         0.0000        -0.2594         0.0000         0.0000         0.0000         0.0000         0.9996        -0.9969         1.0000         1.0000        -1.0000        -0.9994         0.9996         1.0000         0.2521        -0.9996         0.9969        -1.0000         1.0000        -1.0000         0.9994        -0.9996        -1.0000        -0.2521        -0.9969
c_H_gap                 0.1783        -0.1783         0.1985         0.1271         0.1173         0.2006        -0.2515         0.0274        -0.0274         0.2521        -0.1271        -0.1985        -0.1271        -0.1173         0.2515        -0.2006        -0.0274         0.0274        -0.2521         0.1271         0.0000         0.0000         0.0000         0.0000         0.2018         0.4074         0.1237         0.0497         0.1208         0.2065        -0.2588        -0.0410         0.2594         0.0000        -0.2018        -0.4074        -0.1237        -0.0497        -0.1208         0.2588        -0.2065         0.0410         0.0000        -0.2594         0.0000         0.0000         0.0000         0.0000         0.9996        -0.9969         1.0000         1.0000        -1.0000        -0.9994         0.9996         1.0000         0.2521        -0.9996         0.9969        -1.0000         1.0000        -1.0000         0.9994        -0.9996        -1.0000        -0.2521        -0.9969
c_F_gap                -0.1783         0.1783        -0.1985        -0.1271        -0.1173        -0.2006         0.2515        -0.0274         0.0274        -0.2521         0.1271         0.1985         0.1271         0.1173        -0.2515         0.2006         0.0274        -0.0274         0.2521        -0.1271         0.0000         0.0000         0.0000         0.0000        -0.2018        -0.4074        -0.1237        -0.0497        -0.1208        -0.2065         0.2588         0.0410        -0.2594         0.0000         0.2018         0.4074         0.1237         0.0497         0.1208        -0.2588         0.2065        -0.0410         0.0000         0.2594         0.0000         0.0000         0.0000         0.0000        -0.9996         0.9969        -1.0000        -1.0000         1.0000         0.9994        -0.9996        -1.0000        -0.2521         0.9996        -0.9969         1.0000        -1.0000         1.0000        -0.9994         0.9996         1.0000         0.2521         0.9969
f_gap                  -0.1602         0.1602        -0.1783        -0.1142        -0.1054        -0.1802         0.2260        -0.0247         0.0247        -0.2265         0.1142         0.1783         0.1142         0.1054        -0.2260         0.1802         0.0247        -0.0247         0.2265        -0.1142         0.0000         0.0000         0.0000         0.0000        -0.1817        -0.3830        -0.1108        -0.0469        -0.1089        -0.1862         0.2332         0.0382        -0.2338         0.0000         0.1817         0.3830         0.1108         0.0469         0.1089        -0.2332         0.1862        -0.0382         0.0000         0.2338         0.0000         0.0000         0.0000         0.0000        -0.9980         0.9990        -0.9994        -0.9994         0.9994         1.0000        -0.9980        -0.9994        -0.2265         0.9980        -0.9990         0.9994        -0.9994         0.9994        -1.0000         0.9980         0.9994         0.2265         0.9990
n_gap                   0.1929        -0.1929         0.2148         0.1376         0.1269         0.2171        -0.2721         0.0297        -0.0297         0.2728        -0.1376        -0.2148        -0.1376        -0.1269         0.2721        -0.2171        -0.0297         0.0297        -0.2728         0.1376         0.0000         0.0000         0.0000         0.0000         0.2181         0.4268         0.1341         0.0519         0.1304         0.2229        -0.2793        -0.0432         0.2800         0.0000        -0.2181        -0.4268        -0.1341        -0.0519        -0.1304         0.2793        -0.2229         0.0432         0.0000        -0.2800         0.0000         0.0000         0.0000         0.0000         1.0000        -0.9943         0.9996         0.9996        -0.9996        -0.9980         1.0000         0.9996         0.2728        -1.0000         0.9943        -0.9996         0.9996        -0.9996         0.9980        -1.0000        -0.9996        -0.2728        -0.9943
s_gap                   0.1783        -0.1783         0.1985         0.1271         0.1173         0.2006        -0.2515         0.0274        -0.0274         0.2521        -0.1271        -0.1985        -0.1271        -0.1173         0.2515        -0.2006        -0.0274         0.0274        -0.2521         0.1271         0.0000         0.0000         0.0000         0.0000         0.2018         0.4074         0.1237         0.0497         0.1208         0.2065        -0.2588        -0.0410         0.2594         0.0000        -0.2018        -0.4074        -0.1237        -0.0497        -0.1208         0.2588        -0.2065         0.0410         0.0000        -0.2594         0.0000         0.0000         0.0000         0.0000         0.9996        -0.9969         1.0000         1.0000        -1.0000        -0.9994         0.9996         1.0000         0.2521        -0.9996         0.9969        -1.0000         1.0000        -1.0000         0.9994        -0.9996        -1.0000        -0.2521        -0.9969
ii_gap                  0.7071        -0.7071         0.7874         0.5043         0.4652         0.7957        -0.9976         0.1088        -0.1088         1.0000        -0.5043        -0.7874        -0.5043        -0.4652         0.9976        -0.7957        -0.1088         0.1088        -1.0000         0.5043         0.0000         0.0000         0.0000         0.0000         0.7878         0.9865         0.5038         0.1148         0.4659         0.7963        -0.9976        -0.1119         1.0000         0.0000        -0.7878        -0.9865        -0.5038        -0.1148        -0.4659         0.9976        -0.7963         0.1119         0.0000        -1.0000         0.0000         0.0000         0.0000         0.0000         0.2728        -0.1939         0.2521         0.2521        -0.2521        -0.2265         0.2728         0.2521         1.0000        -0.2728         0.1939        -0.2521         0.2521        -0.2521         0.2265        -0.2728        -0.2521        -1.0000        -0.1939
y_gap_starr            -0.1929         0.1929        -0.2148        -0.1376        -0.1269        -0.2171         0.2721        -0.0297         0.0297        -0.2728         0.1376         0.2148         0.1376         0.1269        -0.2721         0.2171         0.0297        -0.0297         0.2728        -0.1376         0.0000         0.0000         0.0000         0.0000        -0.2181        -0.4268        -0.1341        -0.0519        -0.1304        -0.2229         0.2793         0.0432        -0.2800         0.0000         0.2181         0.4268         0.1341         0.0519         0.1304        -0.2793         0.2229        -0.0432         0.0000         0.2800         0.0000         0.0000         0.0000         0.0000        -1.0000         0.9943        -0.9996        -0.9996         0.9996         0.9980        -1.0000        -0.9996        -0.2728         1.0000        -0.9943         0.9996        -0.9996         0.9996        -0.9980         1.0000         0.9996         0.2728         0.9943
g_gap_starr             0.1371        -0.1371         0.1527         0.0978         0.0902         0.1543        -0.1935         0.0211        -0.0211         0.1939        -0.0978        -0.1527        -0.0978        -0.0902         0.1935        -0.1543        -0.0211         0.0211        -0.1939         0.0978         0.0000         0.0000         0.0000         0.0000         0.1560         0.3518         0.0943         0.0432         0.0938         0.1602        -0.2008        -0.0347         0.2012         0.0000        -0.1560        -0.3518        -0.0943        -0.0432        -0.0938         0.2008        -0.1602         0.0347         0.0000        -0.2012         0.0000         0.0000         0.0000         0.0000         0.9943        -1.0000         0.9969         0.9969        -0.9969        -0.9990         0.9943         0.9969         0.1939        -0.9943         1.0000        -0.9969         0.9969        -0.9969         0.9990        -0.9943        -0.9969        -0.1939        -1.0000
c_gap_starr            -0.1783         0.1783        -0.1985        -0.1271        -0.1173        -0.2006         0.2515        -0.0274         0.0274        -0.2521         0.1271         0.1985         0.1271         0.1173        -0.2515         0.2006         0.0274        -0.0274         0.2521        -0.1271         0.0000         0.0000         0.0000         0.0000        -0.2018        -0.4074        -0.1237        -0.0497        -0.1208        -0.2065         0.2588         0.0410        -0.2594         0.0000         0.2018         0.4074         0.1237         0.0497         0.1208        -0.2588         0.2065        -0.0410         0.0000         0.2594         0.0000         0.0000         0.0000         0.0000        -0.9996         0.9969        -1.0000        -1.0000         1.0000         0.9994        -0.9996        -1.0000        -0.2521         0.9996        -0.9969         1.0000        -1.0000         1.0000        -0.9994         0.9996         1.0000         0.2521         0.9969
c_H_gap_starr           0.1783        -0.1783         0.1985         0.1271         0.1173         0.2006        -0.2515         0.0274        -0.0274         0.2521        -0.1271        -0.1985        -0.1271        -0.1173         0.2515        -0.2006        -0.0274         0.0274        -0.2521         0.1271         0.0000         0.0000         0.0000         0.0000         0.2018         0.4074         0.1237         0.0497         0.1208         0.2065        -0.2588        -0.0410         0.2594         0.0000        -0.2018        -0.4074        -0.1237        -0.0497        -0.1208         0.2588        -0.2065         0.0410         0.0000        -0.2594         0.0000         0.0000         0.0000         0.0000         0.9996        -0.9969         1.0000         1.0000        -1.0000        -0.9994         0.9996         1.0000         0.2521        -0.9996         0.9969        -1.0000         1.0000        -1.0000         0.9994        -0.9996        -1.0000        -0.2521        -0.9969
c_F_gap_starr          -0.1783         0.1783        -0.1985        -0.1271        -0.1173        -0.2006         0.2515        -0.0274         0.0274        -0.2521         0.1271         0.1985         0.1271         0.1173        -0.2515         0.2006         0.0274        -0.0274         0.2521        -0.1271         0.0000         0.0000         0.0000         0.0000        -0.2018        -0.4074        -0.1237        -0.0497        -0.1208        -0.2065         0.2588         0.0410        -0.2594         0.0000         0.2018         0.4074         0.1237         0.0497         0.1208        -0.2588         0.2065        -0.0410         0.0000         0.2594         0.0000         0.0000         0.0000         0.0000        -0.9996         0.9969        -1.0000        -1.0000         1.0000         0.9994        -0.9996        -1.0000        -0.2521         0.9996        -0.9969         1.0000        -1.0000         1.0000        -0.9994         0.9996         1.0000         0.2521         0.9969
f_gap_starr             0.1602        -0.1602         0.1783         0.1142         0.1054         0.1802        -0.2260         0.0247        -0.0247         0.2265        -0.1142        -0.1783        -0.1142        -0.1054         0.2260        -0.1802        -0.0247         0.0247        -0.2265         0.1142         0.0000         0.0000         0.0000         0.0000         0.1817         0.3830         0.1108         0.0469         0.1089         0.1862        -0.2332        -0.0382         0.2338         0.0000        -0.1817        -0.3830        -0.1108        -0.0469        -0.1089         0.2332        -0.1862         0.0382         0.0000        -0.2338         0.0000         0.0000         0.0000         0.0000         0.9980        -0.9990         0.9994         0.9994        -0.9994        -1.0000         0.9980         0.9994         0.2265        -0.9980         0.9990        -0.9994         0.9994        -0.9994         1.0000        -0.9980        -0.9994        -0.2265        -0.9990
n_gap_starr            -0.1929         0.1929        -0.2148        -0.1376        -0.1269        -0.2171         0.2721        -0.0297         0.0297        -0.2728         0.1376         0.2148         0.1376         0.1269        -0.2721         0.2171         0.0297        -0.0297         0.2728        -0.1376         0.0000         0.0000         0.0000         0.0000        -0.2181        -0.4268        -0.1341        -0.0519        -0.1304        -0.2229         0.2793         0.0432        -0.2800         0.0000         0.2181         0.4268         0.1341         0.0519         0.1304        -0.2793         0.2229        -0.0432         0.0000         0.2800         0.0000         0.0000         0.0000         0.0000        -1.0000         0.9943        -0.9996        -0.9996         0.9996         0.9980        -1.0000        -0.9996        -0.2728         1.0000        -0.9943         0.9996        -0.9996         0.9996        -0.9980         1.0000         0.9996         0.2728         0.9943
s_gap_starr            -0.1783         0.1783        -0.1985        -0.1271        -0.1173        -0.2006         0.2515        -0.0274         0.0274        -0.2521         0.1271         0.1985         0.1271         0.1173        -0.2515         0.2006         0.0274        -0.0274         0.2521        -0.1271         0.0000         0.0000         0.0000         0.0000        -0.2018        -0.4074        -0.1237        -0.0497        -0.1208        -0.2065         0.2588         0.0410        -0.2594         0.0000         0.2018         0.4074         0.1237         0.0497         0.1208        -0.2588         0.2065        -0.0410         0.0000         0.2594         0.0000         0.0000         0.0000         0.0000        -0.9996         0.9969        -1.0000        -1.0000         1.0000         0.9994        -0.9996        -1.0000        -0.2521         0.9996        -0.9969         1.0000        -1.0000         1.0000        -0.9994         0.9996         1.0000         0.2521         0.9969
ii_gap_starr           -0.7071         0.7071        -0.7874        -0.5043        -0.4652        -0.7957         0.9976        -0.1088         0.1088        -1.0000         0.5043         0.7874         0.5043         0.4652        -0.9976         0.7957         0.1088        -0.1088         1.0000        -0.5043         0.0000         0.0000         0.0000         0.0000        -0.7878        -0.9865        -0.5038        -0.1148        -0.4659        -0.7963         0.9976         0.1119        -1.0000         0.0000         0.7878         0.9865         0.5038         0.1148         0.4659        -0.9976         0.7963        -0.1119         0.0000         1.0000         0.0000         0.0000         0.0000         0.0000        -0.2728         0.1939        -0.2521        -0.2521         0.2521         0.2265        -0.2728        -0.2521        -1.0000         0.2728        -0.1939         0.2521        -0.2521         0.2521        -0.2265         0.2728         0.2521         1.0000         0.1939
g_gap_r                -0.1371         0.1371        -0.1527        -0.0978        -0.0902        -0.1543         0.1935        -0.0211         0.0211        -0.1939         0.0978         0.1527         0.0978         0.0902        -0.1935         0.1543         0.0211        -0.0211         0.1939        -0.0978         0.0000         0.0000         0.0000         0.0000        -0.1560        -0.3518        -0.0943        -0.0432        -0.0938        -0.1602         0.2008         0.0347        -0.2012         0.0000         0.1560         0.3518         0.0943         0.0432         0.0938        -0.2008         0.1602        -0.0347         0.0000         0.2012         0.0000         0.0000         0.0000         0.0000        -0.9943         1.0000        -0.9969        -0.9969         0.9969         0.9990        -0.9943        -0.9969        -0.1939         0.9943        -1.0000         0.9969        -0.9969         0.9969        -0.9990         0.9943         0.9969         0.1939         1.0000



COEFFICIENTS OF AUTOCORRELATION
Order                 1       2       3       4       5
a                0.9700  0.9409  0.9127  0.8853  0.8587
a_starr          0.9700  0.9409  0.9127  0.8853  0.8587
y_nat            0.9700  0.9409  0.9127  0.8853  0.8587
g_nat            0.9700  0.9409  0.9127  0.8853  0.8587
c_nat            0.9700  0.9409  0.9127  0.8853  0.8587
c_H_nat          0.9700  0.9409  0.9127  0.8853  0.8587
c_F_nat          0.9700  0.9409  0.9127  0.8853  0.8587
n_nat            0.9700  0.9409  0.9127  0.8853  0.8587
f_nat            0.9700  0.9409  0.9127  0.8853  0.8587
s_nat            0.9700  0.9409  0.9127  0.8853  0.8587
r_nat            0.9700  0.9409  0.9127  0.8853  0.8587
y_nat_starr      0.9700  0.9409  0.9127  0.8853  0.8587
g_nat_starr      0.9700  0.9409  0.9127  0.8853  0.8587
c_nat_starr      0.9700  0.9409  0.9127  0.8853  0.8587
c_H_nat_starr    0.9700  0.9409  0.9127  0.8853  0.8587
c_F_nat_starr    0.9700  0.9409  0.9127  0.8853  0.8587
n_nat_starr      0.9700  0.9409  0.9127  0.8853  0.8587
f_nat_starr      0.9700  0.9409  0.9127  0.8853  0.8587
s_nat_starr      0.9700  0.9409  0.9127  0.8853  0.8587
r_nat_starr      0.9700  0.9409  0.9127  0.8853  0.8587
y_nat_cu         0.9700  0.9409  0.9127  0.8853  0.8587
g_nat_cu         0.9700  0.9409  0.9127  0.8853  0.8587
c_nat_cu         0.9700  0.9409  0.9127  0.8853  0.8587
r_nat_cu         0.9700  0.9409  0.9127  0.8853  0.8587
y                0.9705  0.9417  0.9136  0.8863  0.8598
pie              0.9915  0.9749  0.9538  0.9301  0.9052
g                0.9697  0.9404  0.9120  0.8846  0.8580
n                0.9703  0.9414  0.9133  0.8859  0.8594
c                0.9703  0.9414  0.9133  0.8859  0.8594
c_H              0.9709  0.9423  0.9144  0.8872  0.8607
c_F              0.9714  0.9431  0.9154  0.8882  0.8618
f                0.9702  0.9413  0.9131  0.8857  0.8592
s                0.9714  0.9431  0.9154  0.8882  0.8618
ii               0.9700  0.9409  0.9127  0.8853  0.8587
y_starr          0.9705  0.9417  0.9136  0.8863  0.8598
pie_starr        0.9915  0.9749  0.9538  0.9301  0.9052
g_starr          0.9697  0.9404  0.9120  0.8846  0.8580
n_starr          0.9703  0.9414  0.9133  0.8859  0.8594
c_starr          0.9703  0.9414  0.9133  0.8859  0.8594
c_H_starr        0.9714  0.9431  0.9154  0.8882  0.8618
c_F_starr        0.9709  0.9423  0.9144  0.8872  0.8607
f_starr          0.9702  0.9413  0.9131  0.8857  0.8592
ii_starr         0.9700  0.9409  0.9127  0.8853  0.8587
s_starr          0.9714  0.9431  0.9154  0.8882  0.8618
y_cu             0.9700  0.9409  0.9127  0.8853  0.8587
g_cu             0.9700  0.9409  0.9127  0.8853  0.8587
c_cu             0.9700  0.9409  0.9127  0.8853  0.8587
ii_cu            0.9700  0.9409  0.9127  0.8853  0.8587
y_gap            0.6980  0.5067  0.3852  0.3075  0.2573
g_gap            0.6299  0.4124  0.2847  0.2097  0.1653
c_gap            0.6800  0.4816  0.3582  0.2811  0.2323
c_H_gap          0.6800  0.4816  0.3582  0.2811  0.2323
c_F_gap          0.6800  0.4816  0.3582  0.2811  0.2323
f_gap            0.6578  0.4508  0.3254  0.2490  0.2021
n_gap            0.6980  0.5067  0.3852  0.3075  0.2573
s_gap            0.6800  0.4816  0.3582  0.2811  0.2323
ii_gap           0.9700  0.9409  0.9127  0.8853  0.8587
y_gap_starr      0.6980  0.5067  0.3852  0.3075  0.2573
g_gap_starr      0.6299  0.4124  0.2847  0.2097  0.1653
c_gap_starr      0.6800  0.4816  0.3582  0.2811  0.2323
c_H_gap_starr    0.6800  0.4816  0.3582  0.2811  0.2323
c_F_gap_starr    0.6800  0.4816  0.3582  0.2811  0.2323
f_gap_starr      0.6578  0.4508  0.3254  0.2490  0.2021
n_gap_starr      0.6980  0.5067  0.3852  0.3075  0.2573
s_gap_starr      0.6800  0.4816  0.3582  0.2811  0.2323
ii_gap_starr     0.9700  0.9409  0.9127  0.8853  0.8587
g_gap_r          0.6299  0.4124  0.2847  0.2097  0.1653

pol_name = 

    "RAMSEY - POP_WEIGHT"


calibration_name = 

    "h_50 - ALPHA_bar_10 - THETA_75 - THETA_starr_75 - DELTA_25"


folder_name = 

    "OUTPUT/h_50 - ALPHA_bar_10 - THETA_75 - THETA_starr_75 - DELTA_25/POP_WEIGHT/RAMSEY"


T_irf =

   200


CEV_table =

  212 <a href="matlab:helpPopup table" style="font-weight:bold">table</a>

             <strong>CEV_Cons</strong>    <strong>CEV_ConsGov</strong>
             <strong>________</strong>    <strong>___________</strong>

    <strong>0.0% </strong>    -47.864       -47.864  
    <strong>0.5% </strong>    -48.096       -48.156  
    <strong>1.0% </strong>    -48.332       -48.453  
    <strong>1.5% </strong>    -48.572       -48.753  
    <strong>2.0% </strong>    -48.815       -49.058  

      :         :             :     

    <strong>8.0% </strong>     -52.05       -53.053  
    <strong>8.5% </strong>    -52.348       -53.417  
    <strong>9.0% </strong>    -52.652       -53.787  
    <strong>9.5% </strong>     -52.96       -54.162  
    <strong>10.0%</strong>    -53.274       -54.542  

	<a href="matlab:if exist('CEV_table','var'),displayWholeObj(CEV_table),else,fprintf('Unable to display variable CEV_table because it no longer exists.\n');end">Display all 21 rows.</a>


W_000_nat =

  -47.8632


T_plot =

    40


figure_name = 

    "National_gaps"


figure_name = 

    "Union_gaps"


figure_name = 

    "y_c_g"


figure_name = 

    "n_y_c_g"

Total computing time : 0h00m07s
Note: warning(s) encountered in MATLAB/Octave code
