Starting Dynare (version 5.0).
Calling Dynare with arguments: none
Starting preprocessing of the model file ...
WARNING: in the 'steady_state_model' block, variable 'a_cu' is not assigned a value
Ramsey Problem: added 80 Multipliers.
Found 80 equation(s).
Found 163 FOC equation(s) for Ramsey Problem.
Evaluating expressions...done
Computing static model derivatives (order 1).
Computing dynamic model derivatives (order 2).
Computing dynamic model derivatives (order 2).
Computing static model derivatives (order 3).
Processing outputs ...
done
Preprocessing completed.


STEADY-STATE RESULTS:

a             		 0
a_starr       		 0
a_cu          		 0
y_nat         		 0
g_nat         		 0
c_nat         		 0
c_H_nat       		 0
c_F_nat       		 0
n_nat         		 0
f_nat         		 0
s_nat         		 0
r_nat         		 0
y_nat_starr   		 0
g_nat_starr   		 0
c_nat_starr   		 0
c_H_nat_starr 		 0
c_F_nat_starr 		 0
n_nat_starr   		 0
f_nat_starr   		 0
s_nat_starr   		 0
r_nat_starr   		 0
y_nat_cu      		 0
g_nat_cu      		 0
c_nat_cu      		 0
c_H_nat_cu    		 0
c_F_nat_cu    		 0
r_nat_cu      		 0
f_nat_cu      		 0
y             		 0
pie           		 0
g             		 0
n             		 0
c             		 0
c_H           		 0
c_F           		 0
f             		 0
s             		 0
ii            		 0
y_starr       		 0
pie_starr     		 0
g_starr       		 0
n_starr       		 0
c_starr       		 0
c_H_starr     		 0
c_F_starr     		 0
f_starr       		 0
ii_starr      		 0
s_starr       		 0
y_cu          		 0
g_cu          		 0
c_cu          		 0
c_H_cu        		 0
c_F_cu        		 0
ii_cu         		 0
pie_cu        		 0
f_cu          		 0
y_gap         		 0
g_gap         		 0
c_gap         		 0
c_H_gap       		 0
c_F_gap       		 0
f_gap         		 0
n_gap         		 0
s_gap         		 0
ii_gap        		 0
y_gap_starr   		 0
g_gap_starr   		 0
c_gap_starr   		 0
c_H_gap_starr 		 0
c_F_gap_starr 		 0
f_gap_starr   		 0
n_gap_starr   		 0
s_gap_starr   		 0
ii_gap_starr  		 0
y_gap_cu      		 0
g_gap_cu      		 0
c_gap_cu      		 0
c_H_gap_cu    		 0
c_F_gap_cu    		 0
ii_gap_cu     		 0
n_gap_cu      		 0
f_gap_cu      		 0
g_gap_r       		 0

EIGENVALUES:
         Modulus             Real        Imaginary

       9.812e-17       -9.812e-17                0
       3.479e-15       -3.479e-15                0
        1.31e-14         1.31e-14                0
          0.1429           0.1429                0
          0.5065           0.5065                0
          0.6838           0.6838                0
            0.95             0.95                0
            0.95             0.95                0
           1.063            1.063                0
           1.063            1.063                0
           1.477            1.477                0
           1.994            1.994                0
           7.069            7.069                0
       1.671e+16       -1.671e+16                0
       2.937e+16        2.937e+16                0
       4.209e+16        4.209e+16                0
       6.797e+16        6.797e+16                0
       1.216e+17       -1.216e+17                0
        2.13e+17         2.13e+17                0
       4.729e+18        4.729e+18                0


There are 12 eigenvalue(s) larger than 1 in modulus 
for 12 forward-looking variable(s)

The rank condition is verified.


MODEL SUMMARY

  Number of variables:         163
  Number of stochastic shocks: 2
  Number of state variables:   8
  Number of jumpers:           12
  Number of static variables:  145


MATRIX OF COVARIANCE OF EXOGENOUS SHOCKS
Variables            eps_a  eps_a_starr
eps_a             1.000000     0.000000
eps_a_starr       0.000000     1.000000

POLICY AND TRANSITION FUNCTIONS
                                   a         a_starr            a_cu           y_nat           g_nat           c_nat         c_H_nat         c_F_nat           n_nat           f_nat           s_nat           r_nat     y_nat_starr     g_nat_starr     c_nat_starr   c_H_nat_starr   c_F_nat_starr     n_nat_starr     f_nat_starr     s_nat_starr     r_nat_starr        y_nat_cu        g_nat_cu        c_nat_cu      c_H_nat_cu      c_F_nat_cu        r_nat_cu        f_nat_cu               y             pie               g               n               c             c_H             c_F               f               s              ii         y_starr       pie_starr         g_starr         n_starr         c_starr       c_H_starr       c_F_starr         f_starr        ii_starr         s_starr            y_cu            g_cu            c_cu          c_H_cu          c_F_cu           ii_cu          pie_cu            f_cu           y_gap           g_gap           c_gap         c_H_gap         c_F_gap           f_gap           n_gap           s_gap          ii_gap     y_gap_starr     g_gap_starr     c_gap_starr   c_H_gap_starr   c_F_gap_starr     f_gap_starr     n_gap_starr     s_gap_starr    ii_gap_starr        y_gap_cu        g_gap_cu        c_gap_cu      c_H_gap_cu      c_F_gap_cu       ii_gap_cu        n_gap_cu        f_gap_cu         g_gap_r
MULT_26(-1)                        0               0               0               0               0               0               0               0               0               0               0               0               0               0               0               0               0               0               0               0               0               0               0               0               0               0               0               0        0.020744        0.010658       -0.032140        0.020744        0.020364        0.031941       -0.025943       -0.052885        0.012863       -0.048180       -0.012568        0.001603       -0.049623       -0.012568        0.017792        0.064099        0.006215       -0.037055       -0.048180       -0.012863        0.004088       -0.040882        0.019078        0.048020       -0.009864       -0.048180        0.006131       -0.044970        0.020744       -0.032140        0.020364        0.031941       -0.025943       -0.052885        0.020744        0.012863       -0.048180       -0.012568       -0.049623        0.017792        0.064099        0.006215       -0.037055       -0.012568       -0.012863       -0.048180        0.004088       -0.040882        0.019078        0.048020       -0.009864       -0.048180        0.004088       -0.044970        0.017482
MULT_27(-1)                        0               0               0               0               0               0               0               0               0               0               0               0               0               0               0               0               0               0               0               0               0               0               0               0               0               0               0               0       -0.012568        0.001603       -0.049623       -0.012568        0.017792        0.006215        0.064099       -0.037055       -0.012863       -0.048180        0.020744        0.010658       -0.032140        0.020744        0.020364       -0.025943        0.031941       -0.052885       -0.048180        0.012863        0.004088       -0.040882        0.019078       -0.009864        0.048020       -0.048180        0.006131       -0.044970       -0.012568       -0.049623        0.017792        0.006215        0.064099       -0.037055       -0.012568       -0.012863       -0.048180        0.020744       -0.032140        0.020364       -0.025943        0.031941       -0.052885        0.020744        0.012863       -0.048180        0.004088       -0.040882        0.019078       -0.009864        0.048020       -0.048180        0.004088       -0.044970       -0.017482
MULT_28(-1)                        0               0               0               0               0               0               0               0               0               0               0               0               0               0               0               0               0               0               0               0               0               0               0               0               0               0               0               0        0.013965        0.033784       -0.607353        0.013965        0.198091        0.212864        0.139000       -0.621318        0.016414       -0.815699       -0.016352        0.023821       -0.580894       -0.016352        0.194808        0.253899        0.180035       -0.564542       -0.815699       -0.016414       -0.001194       -0.594123        0.196449        0.233381        0.159517       -0.815699        0.028802       -0.592930        0.013965       -0.607353        0.198091        0.212864        0.139000       -0.621318        0.013965        0.016414       -0.815699       -0.016352       -0.580894        0.194808        0.253899        0.180035       -0.564542       -0.016352       -0.016414       -0.815699       -0.001194       -0.594123        0.196449        0.233381        0.159517       -0.815699       -0.001194       -0.592930       -0.026459
MULT_29(-1)                        0               0               0               0               0               0               0               0               0               0               0               0               0               0               0               0               0               0               0               0               0               0               0               0               0               0               0               0       -0.016352        0.023821       -0.580894       -0.016352        0.194808        0.180035        0.253899       -0.564542       -0.016414       -0.815699        0.013965        0.033784       -0.607353        0.013965        0.198091        0.139000        0.212864       -0.621318       -0.815699        0.016414       -0.001194       -0.594123        0.196449        0.159517        0.233381       -0.815699        0.028802       -0.592930       -0.016352       -0.580894        0.194808        0.180035        0.253899       -0.564542       -0.016352       -0.016414       -0.815699        0.013965       -0.607353        0.198091        0.139000        0.212864       -0.621318        0.013965        0.016414       -0.815699       -0.001194       -0.594123        0.196449        0.159517        0.233381       -0.815699       -0.001194       -0.592930        0.026459
a(-1)                       0.950000               0        0.475000        0.995238        0.904762        0.265397        0.753968       -1.688889        0.045238       -0.090476        0.542857       -0.045238       -0.361905        0.361905        0.156825        2.111111       -0.331746       -0.361905        0.723810       -0.542857       -0.018095        0.316667        0.633333        0.211111        1.432540       -1.010317       -0.031667        0.316667        0.939820       -0.005970        0.951301       -0.010180        0.259437        0.694366       -1.480280        0.011481        0.483254       -0.031667       -0.306486        0.005970        0.315366       -0.306486        0.162786        1.902502       -0.272143        0.621852       -0.031667       -0.483254        0.316667        0.633333        0.211111        1.298434       -0.876211       -0.031667               0        0.316667       -0.055418        0.046539       -0.005960       -0.059603        0.208609        0.101957       -0.055418       -0.059603        0.013571        0.055418       -0.046539        0.005960       -0.208609        0.059603       -0.101957        0.055418        0.059603       -0.013571               0               0               0       -0.134106        0.134106               0               0               0        0.093078
a_starr(-1)                        0        0.950000        0.475000       -0.361905        0.361905        0.156825       -0.331746        2.111111       -0.361905        0.723810       -0.542857       -0.018095        0.995238        0.904762        0.265397       -1.688889        0.753968        0.045238       -0.090476        0.542857       -0.045238        0.316667        0.633333        0.211111       -1.010317        1.432540       -0.031667        0.316667       -0.306486        0.005970        0.315366       -0.306486        0.162786       -0.272143        1.902502        0.621852       -0.483254       -0.031667        0.939820       -0.005970        0.951301       -0.010180        0.259437       -1.480280        0.694366        0.011481       -0.031667        0.483254        0.316667        0.633333        0.211111       -0.876211        1.298434       -0.031667               0        0.316667        0.055418       -0.046539        0.005960        0.059603       -0.208609       -0.101957        0.055418        0.059603       -0.013571       -0.055418        0.046539       -0.005960        0.208609       -0.059603        0.101957       -0.055418       -0.059603        0.013571               0               0               0        0.134106       -0.134106               0               0               0       -0.093078
eps_a                      -1.000000               0       -0.500000       -1.047619       -0.952381       -0.279365       -0.793651        1.777778       -0.047619        0.095238       -0.571429        0.047619        0.380952       -0.380952       -0.165079       -2.222222        0.349206        0.380952       -0.761905        0.571429        0.019048       -0.333333       -0.666667       -0.222222       -1.507937        1.063492        0.033333       -0.333333       -0.989284        0.006285       -1.001369        0.010716       -0.273091       -0.730911        1.558189       -0.012085       -0.508689        0.033333        0.322617       -0.006285       -0.331964        0.322617       -0.171353       -2.002633        0.286467       -0.654581        0.033333        0.508689       -0.333333       -0.666667       -0.222222       -1.366772        0.922328        0.033333               0       -0.333333        0.058335       -0.048988        0.006274        0.062740       -0.219589       -0.107323        0.058335        0.062740       -0.014286       -0.058335        0.048988       -0.006274        0.219589       -0.062740        0.107323       -0.058335       -0.062740        0.014286               0               0               0        0.141164       -0.141164               0               0               0       -0.097977
eps_a_starr                        0       -1.000000       -0.500000        0.380952       -0.380952       -0.165079        0.349206       -2.222222        0.380952       -0.761905        0.571429        0.019048       -1.047619       -0.952381       -0.279365        1.777778       -0.793651       -0.047619        0.095238       -0.571429        0.047619       -0.333333       -0.666667       -0.222222        1.063492       -1.507937        0.033333       -0.333333        0.322617       -0.006285       -0.331964        0.322617       -0.171353        0.286467       -2.002633       -0.654581        0.508689        0.033333       -0.989284        0.006285       -1.001369        0.010716       -0.273091        1.558189       -0.730911       -0.012085        0.033333       -0.508689       -0.333333       -0.666667       -0.222222        0.922328       -1.366772        0.033333               0       -0.333333       -0.058335        0.048988       -0.006274       -0.062740        0.219589        0.107323       -0.058335       -0.062740        0.014286        0.058335       -0.048988        0.006274       -0.219589        0.062740       -0.107323        0.058335        0.062740       -0.014286               0               0               0       -0.141164        0.141164               0               0               0        0.097977

pol_name = 

    "RAMSEY - POP_WEIGHT"


calibration_name = 

    "h_50 - ALPHA_bar_40 - THETA_75 - DELTA_25"


folder_name = 

    "OUTPUT/h_50 - ALPHA_bar_40 - THETA_75 - DELTA_25/POP_WEIGHT/RAMSEY"

[Warning: Directory already exists.] 
[> In <a href="matlab:matlab.internal.language.introspective.errorDocCallback('Model_Main_8.driver', 'C:\Users\33689\Documents\GitHub\Master-Thesis\MAIN\+Model_Main_8\driver.m', 1350)" style="font-weight:bold">Model_Main_8.driver</a> (<a href="matlab: opentoline('C:\Users\33689\Documents\GitHub\Master-Thesis\MAIN\+Model_Main_8\driver.m',1350,0)">line 1350</a>)
In <a href="matlab:matlab.internal.language.introspective.errorDocCallback('dynare', 'C:\dynare\5.0\matlab\dynare.m', 281)" style="font-weight:bold">dynare</a> (<a href="matlab: opentoline('C:\dynare\5.0\matlab\dynare.m',281,0)">line 281</a>)] 

T_irf =

   200


T_plot =

   100


figure_name = 

    "IRFs_Summmary"


figure_name = 

    "IRFs_Detail_c_cH_cF"


figure_name = 

    "IRFs_Detail_g_y_f"


figure_name = 

    "n_y_c_g"

Total computing time : 0h00m10s
Note: 1 warning(s) encountered in the preprocessor
Note: warning(s) encountered in MATLAB/Octave code
