Starting Dynare (version 5.0).
Calling Dynare with arguments: none
Starting preprocessing of the model file ...
WARNING: You have more than one osr_params statement in the .mod file.
Found 85 equation(s).
Evaluating expressions...done
Computing static model derivatives (order 1).
Computing dynamic model derivatives (order 2).
Processing outputs ...
done
Preprocessing completed.

31.4% of the prior support gives unique saddle-path solution.
 3.8% of the prior support gives explosive dynamics.
64.8% of the prior support gives indeterminacy.




Smirnov statistics in driving unique solution
Parameter                  d-stat         p-value
FP_s_gapH                   0.170           0.000
FP_s_gapF_starr             0.119           0.000
FP_c_gapF                   0.100           0.000

No correlation term with pvalue <1e-05 and |corr. coef.| >0 found for NO unique Stable Saddle-Path




Smirnov statistics in driving indeterminacy
Parameter                  d-stat         p-value
FP_s_gapH                   0.188           0.000
FP_s_gapF_starr             0.151           0.000
FP_c_gapF                   0.125           0.000
FP_c_gapH_starr             0.104           0.000

No correlation term with pvalue <1e-05 and |corr. coef.| >0 found for indeterminacy




Smirnov statistics in driving instability
Parameter                  d-stat         p-value
FP_c_gapH                   0.276           0.000
FP_s_gapF_starr             0.273           0.000
FP_c_gapH_starr             0.264           0.000
FP_c_gapF_starr             0.255           0.000
FP_c_gapF                   0.236           0.000

No correlation term with pvalue <1e-05 and |corr. coef.| >0 found for NO explosive solution

No correlation term with pvalue <1e-05 and |corr. coef.| >0 found for explosive solution


OPTIMAL SIMPLE RULE


OSR: Initial value of the objective function: 0.322405 

  n=6: (4,9)-CMA-ES(w=[53 29 14 4]%, mu_eff=2.6) on function osr_obj
Iterat, #Fevals:   Function Value    (median,worst) |Axis Ratio|idx:Min SD idx:Max SD
    1 ,     10 : 3.2011256964087e-01 +(1e+08,1e+08) | 1.03e+00 |  1:3.3e+00  2:3.3e+00
    2 ,     19 : 3.2868967209207e-01 +(1e+08,1e+08) | 1.09e+00 |  2:2.9e+00  6:3.0e+00
   10 ,     91 : 3.0652775375649e-01 +(5e-03,1e+08) | 1.42e+00 |  1:1.3e+00  6:1.5e+00
   20 ,    181 : 3.0196220882220e-01 +(9e-03,5e-01) | 1.90e+00 |  1:7.0e-01  4:9.1e-01
   30 ,    271 : 2.6310066226825e-01 +(8e-02,1e+08) | 2.17e+00 |  1:3.8e-01  5:5.9e-01
   40 ,    361 : 2.5504228255549e-01 +(3e-02,5e-02) | 3.68e+00 |  1:3.3e-01  5:7.0e-01
   50 ,    451 : 2.3224344299054e-01 +(3e-02,1e+08) | 4.19e+00 |  1:1.2e-01  5:3.2e-01
   60 ,    541 : 2.3522619313042e-01 +(8e-03,1e+08) | 5.02e+00 |  1:5.1e-02  5:1.5e-01
   70 ,    631 : 2.2859461283526e-01 +(4e-03,1e+08) | 5.29e+00 |  1:1.9e-02  5:5.7e-02
   80 ,    721 : 2.2727332941726e-01 +(4e-03,1e+08) | 6.88e+00 |  1:1.9e-02  5:6.1e-02
   90 ,    811 : 2.2676528309391e-01 +(8e-04,1e+08) | 9.53e+00 |  1:9.4e-03  5:3.4e-02
Iterat, #Fevals:   Function Value    (median,worst) |Axis Ratio|idx:Min SD idx:Max SD
  100 ,    901 : 2.2668265003032e-01 +(5e-04,1e+08) | 1.19e+01 |  2:6.1e-03  5:2.0e-02
  110 ,    991 : 2.2663891169281e-01 +(4e-04,1e+08) | 1.48e+01 |  2:5.4e-03  5:1.9e-02
  120 ,   1081 : 2.2672293516891e-01 +(2e-04,1e+08) | 1.88e+01 |  2:4.0e-03  5:1.5e-02
  130 ,   1171 : 2.2666369610616e-01 +(2e-04,1e+08) | 2.26e+01 |  2:3.2e-03  5:1.1e-02
  140 ,   1261 : 2.2661061869497e-01 +(3e-04,1e+08) | 3.28e+01 |  2:2.3e-03  5:9.8e-03
  150 ,   1351 : 2.2655639334509e-01 +(5e-05,1e+08) | 3.82e+01 |  2:1.3e-03  5:6.0e-03
  160 ,   1441 : 2.2656309122454e-01 +(3e-05,1e+08) | 5.69e+01 |  2:1.6e-03  5:8.2e-03
  170 ,   1531 : 2.2652157257064e-01 +(4e-05,1e+08) | 9.14e+01 |  2:1.9e-03  5:1.3e-02
  180 ,   1621 : 2.2651533930446e-01 +(5e-05,1e+08) | 1.01e+02 |  2:4.7e-03  5:2.7e-02
  190 ,   1711 : 2.2637859898598e-01 +(8e-05,1e+08) | 1.23e+02 |  2:4.8e-03  5:2.2e-02
Iterat, #Fevals:   Function Value    (median,worst) |Axis Ratio|idx:Min SD idx:Max SD
  200 ,   1801 : 2.2627291843504e-01 +(2e-05,1e+08) | 1.83e+02 |  1:5.2e-03  5:2.8e-02
  210 ,   1891 : 2.2599435261350e-01 +(2e-04,1e+08) | 2.34e+02 |  1:8.3e-03  5:5.4e-02
  220 ,   1981 : 2.2579429752428e-01 +(1e-04,1e+08) | 2.91e+02 |  1:1.0e-02  5:7.2e-02
  230 ,   2071 : 2.2536904726808e-01 +(5e-04,1e+08) | 4.39e+02 |  1:1.9e-02  6:1.7e-01
  240 ,   2161 : 2.2541307373505e-01 +(9e-05,1e+08) | 4.35e+02 |  1:7.4e-03  6:7.4e-02
  250 ,   2251 : 2.2536737794366e-01 +(5e-05,1e+08) | 4.67e+02 |  1:2.9e-03  6:3.0e-02
  260 ,   2341 : 2.2536412330970e-01 +(5e-05,1e+08) | 4.03e+02 |  1:1.7e-03  6:1.7e-02
  270 ,   2431 : 2.2535914406006e-01 +(1e-05,1e+08) | 4.70e+02 |  1:1.6e-03  6:1.7e-02
  280 ,   2521 : 2.2534614110324e-01 +(1e-05,1e+08) | 5.77e+02 |  1:1.4e-03  6:1.5e-02
  290 ,   2611 : 2.2534709383983e-01 +(1e+08,1e+08) | 6.74e+02 |  1:9.8e-04  6:1.1e-02
Iterat, #Fevals:   Function Value    (median,worst) |Axis Ratio|idx:Min SD idx:Max SD
  300 ,   2701 : 2.2533893713604e-01 +(5e-06,1e+08) | 8.34e+02 |  1:1.4e-03  6:1.9e-02
  310 ,   2791 : 2.2533604468910e-01 +(7e-06,1e+08) | 9.20e+02 |  1:1.2e-03  6:1.2e-02
  320 ,   2881 : 2.2533416071553e-01 +(1e-06,1e+08) | 1.03e+03 |  1:4.4e-04  6:4.5e-03
  330 ,   2971 : 2.2532910471479e-01 +(1e+08,1e+08) | 1.37e+03 |  1:1.0e-03  6:1.0e-02
  340 ,   3061 : 2.2530554355018e-01 +(9e-06,1e+08) | 1.46e+03 |  1:4.4e-03  6:3.2e-02
  350 ,   3151 : 2.2521957360093e-01 +(5e-05,1e+08) | 1.40e+03 |  1:1.6e-02  6:8.2e-02
  360 ,   3241 : 2.2525498153184e-01 +(7e-05,1e+08) | 1.31e+03 |  1:2.8e-02  6:1.4e-01
  370 ,   3331 : 2.2513027273499e-01 +(4e-05,1e+08) | 1.27e+03 |  1:2.1e-02  6:1.1e-01
  380 ,   3421 : 2.2506976792534e-01 +(4e-05,1e+08) | 1.45e+03 |  1:1.1e-02  6:6.1e-02
  390 ,   3511 : 2.2503335857375e-01 +(7e-05,1e+08) | 1.34e+03 |  1:9.2e-03  6:4.8e-02
Iterat, #Fevals:   Function Value    (median,worst) |Axis Ratio|idx:Min SD idx:Max SD
  400 ,   3601 : 2.2498750951313e-01 +(3e-05,1e+08) | 1.65e+03 |  1:7.9e-03  6:4.0e-02
  410 ,   3691 : 2.2493838922759e-01 +(2e-05,1e+08) | 1.88e+03 |  4:1.2e-02  6:5.7e-02
  420 ,   3781 : 2.2488928602650e-01 +(4e-05,1e+08) | 2.13e+03 |  4:1.2e-02  6:6.4e-02
  430 ,   3871 : 2.2470807543396e-01 +(2e-04,1e+08) | 2.32e+03 |  4:2.3e-02  6:1.0e-01
  440 ,   3961 : 2.2449596430138e-01 +(2e-04,2e-04) | 2.28e+03 |  4:2.5e-02  6:1.0e-01
  450 ,   4051 : 2.2443698573722e-01 +(8e-05,1e+08) | 1.87e+03 |  1:3.1e-02  6:1.0e-01
  460 ,   4141 : 2.2419345092767e-01 +(3e-04,1e+08) | 1.74e+03 |  1:4.5e-02  6:1.6e-01
  470 ,   4231 : 2.2385052918553e-01 +(3e-04,8e-04) | 1.69e+03 |  1:2.7e-02  6:9.3e-02
  480 ,   4321 : 2.2374755798731e-01 +(4e-05,1e+08) | 1.51e+03 |  1:1.2e-02  6:3.8e-02
  490 ,   4411 : 2.2362904834601e-01 +(4e-05,9e-05) | 1.49e+03 |  1:7.3e-03  6:2.4e-02
Iterat, #Fevals:   Function Value    (median,worst) |Axis Ratio|idx:Min SD idx:Max SD
  500 ,   4501 : 2.2357842973947e-01 +(3e-05,1e+08) | 1.48e+03 |  1:3.4e-03  6:1.1e-02
  510 ,   4591 : 2.2346347529601e-01 +(7e-05,1e+08) | 2.65e+03 |  1:1.1e-02  5:3.2e-02
  520 ,   4681 : 2.2300286883546e-01 +(4e-04,1e+08) | 5.53e+03 |  1:9.4e-02  5:2.6e-01
  530 ,   4771 : 2.2306268755472e-01 +(1e-04,1e+08) | 4.94e+03 |  1:6.5e-02  5:1.8e-01
  540 ,   4861 : 2.2286892437645e-01 +(1e-04,1e+08) | 4.20e+03 |  1:3.5e-02  5:9.8e-02
  550 ,   4951 : 2.2285747417098e-01 +(1e-05,1e+08) | 3.95e+03 |  1:2.1e-02  5:5.7e-02
  560 ,   5041 : 2.2283148181585e-01 +(1e+08,1e+08) | 3.94e+03 |  1:1.7e-02  6:4.7e-02
  570 ,   5131 : 2.2283198957051e-01 +(7e-06,1e+08) | 3.68e+03 |  1:5.9e-03  6:1.6e-02
  580 ,   5221 : 2.2283322492858e-01 +(5e-06,1e+08) | 3.95e+03 |  1:4.6e-03  6:1.3e-02
  590 ,   5311 : 2.2282928509641e-01 +(1e+08,1e+08) | 3.64e+03 |  1:3.8e-03  6:1.0e-02
Iterat, #Fevals:   Function Value    (median,worst) |Axis Ratio|idx:Min SD idx:Max SD
  600 ,   5401 : 2.2282896084092e-01 +(4e-06,1e+08) | 3.63e+03 |  1:5.0e-03  6:1.4e-02
  610 ,   5491 : 2.2282926387486e-01 +(3e-06,1e+08) | 3.79e+03 |  1:2.8e-03  6:7.8e-03
  620 ,   5581 : 2.2282833481481e-01 +(7e-07,1e+08) | 4.45e+03 |  1:2.5e-03  6:6.9e-03
  630 ,   5671 : 2.2282787924812e-01 +(3e-07,1e+08) | 4.88e+03 |  1:8.7e-04  6:2.4e-03
  640 ,   5761 : 2.2282774008029e-01 +(1e-07,1e+08) | 6.06e+03 |  1:5.9e-04  6:1.6e-03
  650 ,   5851 : 2.2282772193223e-01 +(6e-08,1e+08) | 8.02e+03 |  1:3.8e-04  6:1.0e-03
  660 ,   5941 : 2.2282769418764e-01 +(5e-08,1e+08) | 1.12e+04 |  1:4.3e-04  6:1.2e-03
  670 ,   6031 : 2.2282772613785e-01 +(2e-08,1e+08) | 1.21e+04 |  1:2.2e-04  6:6.0e-04
  680 ,   6121 : 2.2282769966518e-01 +(2e-08,1e+08) | 1.36e+04 |  1:1.3e-04  6:3.6e-04
  690 ,   6211 : 2.2282769541558e-01 +(3e-09,1e+08) | 1.52e+04 |  1:4.4e-05  6:1.2e-04
  692 ,   6229 : 2.2282769472505e-01 +(3e-09,5e-09) | 1.65e+04 |  1:4.4e-05  6:1.2e-04
#Fevals:   f(returned x)   |    bestever.f     | stopflag (saved to variablescmaes.mat)
   6230: 2.22827694725e-01 | 2.22827691007e-01 | tolfun
mean solution: +2.3e+00 -4.0e+00 +3.9e+00 -2.6e+00 +3.9e+00 +4.0e+00
std deviation:  4.4e-05  7.1e-05  7.4e-05  7.4e-05  1.2e-04  1.2e-04
use plotcmaesdat.m for plotting the output at any time (option LogModulo must not be zero)

OPTIMAL VALUE OF THE PARAMETERS:

       FP_c_gapH          2.28704

       FP_c_gapF         -4.04125

       FP_s_gapH          3.90233

 FP_c_gapH_starr         -2.58912

 FP_c_gapF_starr          3.90002

 FP_s_gapF_starr          4.00393

Objective function :         0.222828



MODEL SUMMARY

  Number of variables:         85
  Number of stochastic shocks: 2
  Number of state variables:   4
  Number of jumpers:           10
  Number of static variables:  73


MATRIX OF COVARIANCE OF EXOGENOUS SHOCKS
Variables            eps_a  eps_a_starr
eps_a             1.000000     0.000000
eps_a_starr       0.000000     1.000000

POLICY AND TRANSITION FUNCTIONS
                                   a         a_starr            a_cu           y_nat           g_nat           c_nat         c_H_nat         c_F_nat           n_nat           f_nat           s_nat           r_nat     y_nat_starr     g_nat_starr     c_nat_starr   c_H_nat_starr   c_F_nat_starr     n_nat_starr     f_nat_starr     s_nat_starr     r_nat_starr        y_nat_cu        g_nat_cu        c_nat_cu      c_H_nat_cu      c_F_nat_cu        r_nat_cu        f_nat_cu        n_nat_cu               y             pie               g               n               c             c_H             c_F               f               s              ii         y_starr       pie_starr         g_starr         n_starr         c_starr       c_H_starr       c_F_starr         f_starr        ii_starr         s_starr            y_cu            g_cu            c_cu          c_H_cu          c_F_cu           ii_cu          pie_cu            f_cu            n_cu           y_gap           g_gap           c_gap         c_H_gap         c_F_gap           f_gap           n_gap           s_gap          ii_gap     y_gap_starr     g_gap_starr     c_gap_starr   c_H_gap_starr   c_F_gap_starr     f_gap_starr     n_gap_starr     s_gap_starr    ii_gap_starr        y_gap_cu        g_gap_cu        c_gap_cu      c_H_gap_cu      c_F_gap_cu       ii_gap_cu        n_gap_cu        f_gap_cu         g_gap_r
f_gap(-1)                          0               0               0               0               0               0               0               0               0               0               0               0               0               0               0               0               0               0               0               0               0               0               0               0               0               0               0               0               0     -145.166583      -45.133185       91.337370     -145.166583      -14.627021     -149.224729      523.763814      236.503953     -149.553010       -0.120301      144.115136       45.323266      -97.512841      144.115136       15.283581     -523.107253      149.881290     -241.627977       -0.120301      149.553010       -0.525724       -3.087736        0.328280     -336.165991      336.822552       -0.120301        0.095041       -2.562012       -0.525724     -145.166583       91.337370      -14.627021     -149.224729      523.763814      236.503953     -145.166583     -149.553010       -0.120301      144.115136      -97.512841       15.283581     -523.107253      149.881290     -241.627977      144.115136      149.553010       -0.120301       -0.525724       -3.087736        0.328280     -336.165991      336.822552       -0.120301       -0.525724       -2.562012      188.850211
f_gap_starr(-1)                    0               0               0               0               0               0               0               0               0               0               0               0               0               0               0               0               0               0               0               0               0               0               0               0               0               0               0               0               0     -141.797074      -44.065971       88.775915     -141.797074      -14.278126     -145.663090      511.261732      230.572989     -145.983294       -0.116939      140.772563       44.251556      -94.795180      140.772563       14.918533     -510.621325      146.303497     -235.567743       -0.116939      145.983294       -0.512255       -3.009633        0.320204     -328.142208      328.782615       -0.116939        0.092793       -2.497377       -0.512255     -141.797074       88.775915      -14.278126     -145.663090      511.261732      230.572989     -141.797074     -145.983294       -0.116939      140.772563      -94.795180       14.918533     -510.621325      146.303497     -235.567743      140.772563      145.983294       -0.116939       -0.512255       -3.009633        0.320204     -328.142208      328.782615       -0.116939       -0.512255       -2.497377      183.571095
a(-1)                       0.950000               0        0.475000        0.995238        0.904762        0.265397        0.753968       -1.688889        0.045238       -0.090476        0.542857       -0.045238       -0.361905        0.361905        0.156825        2.111111       -0.331746       -0.361905        0.723810       -0.542857       -0.018095        0.316667        0.633333        0.211111        1.432540       -1.010317       -0.031667        0.316667       -0.158333        0.947994       -0.002444        0.934149       -0.002006        0.260660        0.705485       -1.518637       -0.013845        0.494249       -0.031729       -0.315076        0.002499        0.330110       -0.315076        0.161810        1.941108       -0.283014        0.645186       -0.031729       -0.494249        0.316459        0.632129        0.211235        1.323296       -0.900825       -0.031729        0.000028        0.315670       -0.158541       -0.047244        0.029387       -0.004737       -0.048484        0.170252        0.076631       -0.047244       -0.048608        0.013509        0.046828       -0.031795        0.004985       -0.170003        0.048732       -0.078624        0.046828        0.048608       -0.013634       -0.000208       -0.001204        0.000124       -0.109244        0.109492       -0.000062       -0.000208       -0.000996        0.061182
a_starr(-1)                        0        0.950000        0.475000       -0.361905        0.361905        0.156825       -0.331746        2.111111       -0.361905        0.723810       -0.542857       -0.018095        0.995238        0.904762        0.265397       -1.688889        0.753968        0.045238       -0.090476        0.542857       -0.045238        0.316667        0.633333        0.211111       -1.010317        1.432540       -0.031667        0.316667       -0.158333       -0.314661        0.002444        0.332518       -0.314661        0.161562       -0.283262        1.940859        0.647179       -0.494249       -0.031605        0.948410       -0.002499        0.936557       -0.001590        0.260412       -1.518885        0.705236       -0.011853       -0.031605        0.494249        0.316874        0.634537        0.210987       -0.901074        1.323048       -0.031605       -0.000028        0.317663       -0.158126        0.047244       -0.029387        0.004737        0.048484       -0.170252       -0.076631        0.047244        0.048608       -0.013509       -0.046828        0.031795       -0.004985        0.170003       -0.048732        0.078624       -0.046828       -0.048608        0.013634        0.000208        0.001204       -0.000124        0.109244       -0.109492        0.000062        0.000208        0.000996       -0.061182
eps_a                      -1.000000               0       -0.500000       -1.047619       -0.952381       -0.279365       -0.793651        1.777778       -0.047619        0.095238       -0.571429        0.047619        0.380952       -0.380952       -0.165079       -2.222222        0.349206        0.380952       -0.761905        0.571429        0.019048       -0.333333       -0.666667       -0.222222       -1.507937        1.063492        0.033333       -0.333333        0.166667       -0.997889        0.002572       -0.983315        0.002111       -0.274379       -0.742615        1.598565        0.014574       -0.520262        0.033399        0.331659       -0.002631       -0.347484        0.331659       -0.170327       -2.043271        0.297909       -0.679143        0.033399        0.520262       -0.333115       -0.665399       -0.222353       -1.392943        0.948237        0.033399       -0.000029       -0.332285        0.166885        0.049730       -0.030934        0.004986        0.051035       -0.179213       -0.080664        0.049730        0.051166       -0.014220       -0.049293        0.033469       -0.005247        0.178951       -0.051297        0.082762       -0.049293       -0.051166        0.014351        0.000219        0.001268       -0.000131        0.114993       -0.115255        0.000065        0.000219        0.001049       -0.064402
eps_a_starr                        0       -1.000000       -0.500000        0.380952       -0.380952       -0.165079        0.349206       -2.222222        0.380952       -0.761905        0.571429        0.019048       -1.047619       -0.952381       -0.279365        1.777778       -0.793651       -0.047619        0.095238       -0.571429        0.047619       -0.333333       -0.666667       -0.222222        1.063492       -1.507937        0.033333       -0.333333        0.166667        0.331222       -0.002572       -0.350019        0.331222       -0.170065        0.298171       -2.043010       -0.681241        0.520262        0.033268       -0.998326        0.002631       -0.985850        0.001674       -0.274118        1.598827       -0.742354        0.012477        0.033268       -0.520262       -0.333552       -0.667934       -0.222091        0.948499       -1.392682        0.033268        0.000029       -0.334382        0.166448       -0.049730        0.030934       -0.004986       -0.051035        0.179213        0.080664       -0.049730       -0.051166        0.014220        0.049293       -0.033469        0.005247       -0.178951        0.051297       -0.082762        0.049293        0.051166       -0.014351       -0.000219       -0.001268        0.000131       -0.114993        0.115255       -0.000065       -0.000219       -0.001049        0.064402
[Warning: Directory already exists.] 
[> In <a href="matlab:matlab.internal.language.introspective.errorDocCallback('MODEL_MAIN_9.driver', 'C:\Users\33689\Documents\GitHub\Master-Thesis\MAIN\+MODEL_MAIN_9\driver.m', 833)" style="font-weight:bold">MODEL_MAIN_9.driver</a> (<a href="matlab: opentoline('C:\Users\33689\Documents\GitHub\Master-Thesis\MAIN\+MODEL_MAIN_9\driver.m',833,0)">line 833</a>)
In <a href="matlab:matlab.internal.language.introspective.errorDocCallback('dynare', 'C:\dynare\5.0\matlab\dynare.m', 281)" style="font-weight:bold">dynare</a> (<a href="matlab: opentoline('C:\dynare\5.0\matlab\dynare.m',281,0)">line 281</a>)] 

T_plot =

   100


my_annotation =

    'OSR, POP WEIGHT, TAYLOR, MB, FOREIGN UNCONSTRAINED, $$h$$ = 0.5, $$\bar{\alpha}$$ =0.4, $$\theta$$ = 0.75'

31.5% of the prior support gives unique saddle-path solution.
 3.9% of the prior support gives explosive dynamics.
64.6% of the prior support gives indeterminacy.




Smirnov statistics in driving unique solution
Parameter                  d-stat         p-value
FP_s_gapH                   0.147           0.000
FP_s_gapF_starr             0.139           0.000
FP_c_gapF                   0.095           0.001
FP_c_gapF_starr             0.092           0.001

No correlation term with pvalue <1e-05 and |corr. coef.| >0 found for NO unique Stable Saddle-Path



Smirnov statistics in driving indeterminacy
Parameter                  d-stat         p-value
FP_s_gapF_starr             0.178           0.000
FP_s_gapH                   0.156           0.000
FP_c_gapF                   0.127           0.000
FP_c_gapF_starr             0.107           0.000
FP_c_gapH_starr             0.103           0.000

No correlation term with pvalue <1e-05 and |corr. coef.| >0 found for indeterminacy



Smirnov statistics in driving instability
Parameter                  d-stat         p-value
FP_c_gapH                   0.321           0.000
FP_s_gapF_starr             0.320           0.000
FP_c_gapF                   0.281           0.000

No correlation term with pvalue <1e-05 and |corr. coef.| >0 found for NO explosive solution

No correlation term with pvalue <1e-05 and |corr. coef.| >0 found for explosive solution

OPTIMAL SIMPLE RULE


OSR: Initial value of the objective function: 0.236511 

  n=6: (4,9)-CMA-ES(w=[53 29 14 4]%, mu_eff=2.6) on function osr_obj
Iterat, #Fevals:   Function Value    (median,worst) |Axis Ratio|idx:Min SD idx:Max SD
    1 ,     10 : 2.4304023710879e-01 +(5e+00,1e+08) | 1.07e+00 |  2:3.5e+00  5:3.6e+00
    2 ,     19 : 2.3847524634934e-01 +(1e+08,1e+08) | 1.18e+00 |  2:3.3e+00  6:3.8e+00
   10 ,     91 : 2.3160458728949e-01 +(2e-02,4e-02) | 1.49e+00 |  1:2.0e+00  6:2.4e+00
   20 ,    181 : 2.3187128448491e-01 +(4e-03,6e-02) | 2.03e+00 |  4:1.4e+00  5:1.8e+00
   30 ,    271 : 2.2594719011324e-01 +(8e-03,1e+08) | 2.03e+00 |  4:5.8e-01  5:7.7e-01
   40 ,    361 : 2.1439601644285e-01 +(1e-02,1e+08) | 2.50e+00 |  5:5.7e-01  1:7.0e-01
   50 ,    451 : 1.9393255030312e-01 +(3e-02,8e-02) | 3.53e+00 |  5:3.9e-01  4:5.8e-01
   60 ,    541 : 1.7999434215684e-01 +(2e-02,1e+08) | 5.00e+00 |  2:3.3e-01  4:4.8e-01
   70 ,    631 : 1.8486839072376e-01 +(8e-03,1e+08) | 5.20e+00 |  6:1.2e-01  4:1.7e-01
   80 ,    721 : 1.7058300825596e-01 +(5e-03,1e+08) | 5.26e+00 |  2:7.9e-02  4:8.9e-02
   90 ,    811 : 1.7007221567196e-01 +(6e-04,1e+08) | 6.73e+00 |  6:5.1e-02  4:5.6e-02
Iterat, #Fevals:   Function Value    (median,worst) |Axis Ratio|idx:Min SD idx:Max SD
  100 ,    901 : 1.6966316668851e-01 +(7e-04,1e+08) | 8.12e+00 |  6:2.5e-02  4:3.0e-02
  110 ,    991 : 1.6972314291012e-01 +(8e-04,1e+08) | 1.36e+01 |  3:2.2e-02  2:3.3e-02
  120 ,   1081 : 1.6978729662653e-01 +(5e-04,1e+08) | 2.41e+01 |  3:2.0e-02  5:3.8e-02
  130 ,   1171 : 1.6952349453523e-01 +(3e-04,1e+08) | 2.84e+01 |  3:2.0e-02  4:3.8e-02
  140 ,   1261 : 1.6936840264607e-01 +(2e-04,1e+08) | 3.80e+01 |  3:1.9e-02  4:4.1e-02
  150 ,   1351 : 1.6942208355811e-01 +(2e-04,1e+08) | 4.82e+01 |  3:1.4e-02  4:3.3e-02
  160 ,   1441 : 1.6944609110263e-01 +(2e-04,1e+08) | 7.20e+01 |  3:1.2e-02  4:3.2e-02
  170 ,   1531 : 1.6933987918812e-01 +(1e-04,1e+08) | 8.38e+01 |  3:9.1e-03  4:2.2e-02
  180 ,   1621 : 1.6933954531753e-01 +(5e-05,1e+08) | 9.16e+01 |  3:5.3e-03  4:1.2e-02
  190 ,   1711 : 1.6933162696873e-01 +(2e-05,1e+08) | 1.22e+02 |  3:2.6e-03  4:6.3e-03
Iterat, #Fevals:   Function Value    (median,worst) |Axis Ratio|idx:Min SD idx:Max SD
  200 ,   1801 : 1.6931399070991e-01 +(1e+08,1e+08) | 1.83e+02 |  6:5.6e-03  4:1.5e-02
  210 ,   1891 : 1.6929678552633e-01 +(3e-05,1e+08) | 2.23e+02 |  6:8.8e-03  4:2.2e-02
  220 ,   1981 : 1.6926542573885e-01 +(8e-05,1e+08) | 2.18e+02 |  6:2.3e-02  3:4.2e-02
  230 ,   2071 : 1.6921615128214e-01 +(7e-05,1e+08) | 2.01e+02 |  6:1.5e-02  3:2.9e-02
  240 ,   2161 : 1.6920453682157e-01 +(7e-05,1e+08) | 2.18e+02 |  1:6.8e-03  3:1.4e-02
  250 ,   2251 : 1.6917514154968e-01 +(6e-05,1e+08) | 2.53e+02 |  1:9.9e-03  3:2.5e-02
  260 ,   2341 : 1.6912952714810e-01 +(3e-05,1e+08) | 2.60e+02 |  1:4.1e-03  3:1.2e-02
  270 ,   2431 : 1.6910836642120e-01 +(3e-05,1e+08) | 2.84e+02 |  1:3.4e-03  3:1.1e-02
  280 ,   2521 : 1.6906158282592e-01 +(5e-05,1e+08) | 4.70e+02 |  1:7.2e-03  3:3.1e-02
  290 ,   2611 : 1.6902145398237e-01 +(4e-05,8e-05) | 5.07e+02 |  1:5.9e-03  3:2.6e-02
Iterat, #Fevals:   Function Value    (median,worst) |Axis Ratio|idx:Min SD idx:Max SD
  300 ,   2701 : 1.6900876259027e-01 +(1e-05,1e+08) | 5.43e+02 |  1:4.0e-03  3:2.1e-02
  310 ,   2791 : 1.6898663207076e-01 +(3e-05,1e+08) | 6.25e+02 |  1:7.9e-03  3:4.0e-02
  320 ,   2881 : 1.6898122035022e-01 +(2e-05,1e+08) | 6.98e+02 |  1:3.6e-03  3:1.8e-02
  330 ,   2971 : 1.6895516275227e-01 +(1e+08,1e+08) | 8.22e+02 |  1:6.1e-03  3:2.6e-02
  340 ,   3061 : 1.6887492125408e-01 +(8e-05,1e+08) | 1.06e+03 |  1:1.6e-02  3:6.1e-02
  350 ,   3151 : 1.6882131081476e-01 +(1e-05,1e+08) | 9.77e+02 |  1:9.5e-03  3:3.4e-02
  360 ,   3241 : 1.6878130601610e-01 +(4e-05,1e+08) | 1.07e+03 |  2:9.1e-03  3:3.0e-02
  370 ,   3331 : 1.6870607171617e-01 +(3e-05,5e-05) | 1.31e+03 |  6:1.6e-02  3:5.6e-02
  380 ,   3421 : 1.6852903574598e-01 +(1e-04,4e-04) | 1.50e+03 |  6:3.0e-02  3:1.2e-01
  390 ,   3511 : 1.6834904193097e-01 +(5e-05,4e-04) | 1.80e+03 |  6:3.0e-02  3:1.3e-01
Iterat, #Fevals:   Function Value    (median,worst) |Axis Ratio|idx:Min SD idx:Max SD
  400 ,   3601 : 1.6797367431963e-01 +(1e-04,1e+08) | 1.99e+03 |  6:2.4e-02  3:1.2e-01
  410 ,   3691 : 1.6773989101323e-01 +(2e-04,1e+08) | 1.99e+03 |  6:1.1e-02  3:6.1e-02
  420 ,   3781 : 1.6771350476748e-01 +(5e-05,7e-05) | 2.04e+03 |  6:5.2e-03  3:3.1e-02
  430 ,   3871 : 1.6763600329283e-01 +(5e-05,1e+08) | 2.37e+03 |  6:4.6e-03  3:3.0e-02
  440 ,   3961 : 1.6756545387035e-01 +(4e-05,1e+08) | 3.20e+03 |  6:6.2e-03  3:5.2e-02
  450 ,   4051 : 1.6747222108885e-01 +(4e-05,1e+08) | 3.40e+03 |  6:5.5e-03  3:5.5e-02
  460 ,   4141 : 1.6743683674469e-01 +(6e-05,1e+08) | 3.11e+03 |  6:3.9e-03  3:4.0e-02
  470 ,   4231 : 1.6744370774300e-01 +(8e-06,1e+08) | 3.44e+03 |  6:2.7e-03  3:3.2e-02
  480 ,   4321 : 1.6743232526157e-01 +(7e-06,1e+08) | 3.94e+03 |  6:1.5e-03  3:2.1e-02
  490 ,   4411 : 1.6743195683492e-01 +(2e-06,1e+08) | 4.21e+03 |  6:1.3e-03  3:2.2e-02
Iterat, #Fevals:   Function Value    (median,worst) |Axis Ratio|idx:Min SD idx:Max SD
  500 ,   4501 : 1.6743157835882e-01 +(2e-06,1e+08) | 3.94e+03 |  6:1.0e-03  3:1.6e-02
  510 ,   4591 : 1.6742820756674e-01 +(1e-06,1e+08) | 3.96e+03 |  6:6.6e-04  3:1.1e-02
  520 ,   4681 : 1.6742772676207e-01 +(8e-07,1e+08) | 4.42e+03 |  6:4.6e-04  3:7.6e-03
  530 ,   4771 : 1.6742682295851e-01 +(1e-06,1e+08) | 4.56e+03 |  6:2.1e-04  3:3.5e-03
  540 ,   4861 : 1.6742683568784e-01 +(1e-07,1e+08) | 5.91e+03 |  6:1.3e-04  3:2.4e-03
  550 ,   4951 : 1.6742642501224e-01 +(1e+08,1e+08) | 6.94e+03 |  6:2.3e-04  3:3.9e-03
  560 ,   5041 : 1.6742547148487e-01 +(6e-07,1e-06) | 6.87e+03 |  6:3.8e-04  3:5.9e-03
  570 ,   5131 : 1.6742041244270e-01 +(3e-06,4e-06) | 7.20e+03 |  6:1.5e-03  3:1.6e-02
  580 ,   5221 : 1.6740327427825e-01 +(8e-06,1e+08) | 7.21e+03 |  6:8.2e-03  3:4.9e-02
  590 ,   5311 : 1.6735429080599e-01 +(7e-05,1e+08) | 6.90e+03 |  5:2.3e-02  3:9.7e-02
Iterat, #Fevals:   Function Value    (median,worst) |Axis Ratio|idx:Min SD idx:Max SD
  600 ,   5401 : 1.6730333781468e-01 +(2e-05,1e-04) | 6.26e+03 |  5:3.1e-02  3:8.9e-02
  610 ,   5491 : 1.6729574238436e-01 +(1e-05,7e-05) | 5.45e+03 |  5:1.7e-02  3:4.5e-02
  620 ,   5581 : 1.6729370346370e-01 +(1e+08,1e+08) | 4.48e+03 |  5:1.5e-02  3:3.5e-02
  630 ,   5671 : 1.6728878691566e-01 +(6e-06,1e+08) | 4.02e+03 |  5:9.9e-03  3:2.2e-02
  640 ,   5761 : 1.6728888514533e-01 +(3e-06,1e+08) | 3.49e+03 |  5:7.4e-03  3:1.3e-02
  650 ,   5851 : 1.6728582817624e-01 +(9e-07,1e+08) | 3.05e+03 |  5:2.6e-03  3:4.4e-03
  660 ,   5941 : 1.6728564329265e-01 +(7e-07,1e+08) | 3.77e+03 |  5:2.1e-03  3:3.4e-03
  670 ,   6031 : 1.6728553486507e-01 +(3e-07,1e+08) | 3.94e+03 |  5:2.1e-03  3:3.5e-03
  680 ,   6121 : 1.6728540845075e-01 +(1e-07,1e+08) | 4.34e+03 |  5:8.8e-04  3:1.5e-03
  690 ,   6211 : 1.6728524847273e-01 +(1e-07,1e+08) | 5.12e+03 |  5:6.5e-04  3:1.2e-03
Iterat, #Fevals:   Function Value    (median,worst) |Axis Ratio|idx:Min SD idx:Max SD
  700 ,   6301 : 1.6728514816411e-01 +(6e-08,1e+08) | 6.19e+03 |  5:5.4e-04  3:1.0e-03
  710 ,   6391 : 1.6728504509651e-01 +(8e-08,1e+08) | 8.26e+03 |  5:5.2e-04  3:1.2e-03
  720 ,   6481 : 1.6728486104200e-01 +(1e-07,1e+08) | 1.27e+04 |  5:9.9e-04  3:2.5e-03
  730 ,   6571 : 1.6728464155749e-01 +(1e-07,1e+08) | 1.65e+04 |  5:1.1e-03  3:3.3e-03
  740 ,   6661 : 1.6728457795416e-01 +(6e-08,1e+08) | 1.89e+04 |  5:5.6e-04  3:1.7e-03
  750 ,   6751 : 1.6728439894300e-01 +(7e-08,1e+08) | 2.57e+04 |  5:8.2e-04  3:2.5e-03
  760 ,   6841 : 1.6728376154387e-01 +(3e-07,1e+08) | 2.53e+04 |  5:2.9e-03  3:8.7e-03
  770 ,   6931 : 1.6728126608789e-01 +(7e-07,1e+08) | 2.35e+04 |  5:4.0e-03  3:1.1e-02
  780 ,   7021 : 1.6727291027587e-01 +(1e+08,1e+08) | 2.09e+04 |  5:1.2e-02  6:2.4e-02
  790 ,   7111 : 1.6725315598966e-01 +(1e-05,1e+08) | 2.57e+04 |  2:3.7e-02  6:7.5e-02
Iterat, #Fevals:   Function Value    (median,worst) |Axis Ratio|idx:Min SD idx:Max SD
  800 ,   7201 : 1.6721112119643e-01 +(3e-05,1e+08) | 2.91e+04 |  2:3.9e-02  6:8.9e-02
  810 ,   7291 : 1.6715048301785e-01 +(4e-05,1e-04) | 4.01e+04 |  2:6.4e-02  6:1.8e-01
  820 ,   7381 : 1.6712904483420e-01 +(8e-05,1e+08) | 4.58e+04 |  2:3.6e-02  6:1.1e-01
  830 ,   7471 : 1.6709857877717e-01 +(2e-05,1e+08) | 4.17e+04 |  1:4.3e-02  6:1.5e-01
  840 ,   7561 : 1.6708153343832e-01 +(8e-05,1e+08) | 4.90e+04 |  1:6.5e-02  6:2.5e-01
  850 ,   7651 : 1.6706574853336e-01 +(3e-05,1e+08) | 4.84e+04 |  1:4.7e-02  6:1.8e-01
  860 ,   7741 : 1.6704734524049e-01 +(9e-06,1e+08) | 5.53e+04 |  1:2.8e-02  6:1.1e-01
  870 ,   7831 : 1.6701426404372e-01 +(2e-05,1e+08) | 9.45e+04 |  1:5.4e-02  6:2.2e-01
  880 ,   7921 : 1.6699733273978e-01 +(3e-05,1e+08) | 1.10e+05 |  1:6.8e-02  6:2.7e-01
  890 ,   8011 : 1.6697959111463e-01 +(1e-05,1e+08) | 1.30e+05 |  1:4.9e-02  6:1.9e-01
Iterat, #Fevals:   Function Value    (median,worst) |Axis Ratio|idx:Min SD idx:Max SD
  900 ,   8101 : 1.6697897646489e-01 +(2e-06,1e+08) | 1.39e+05 |  1:2.6e-02  6:1.0e-01
  910 ,   8191 : 1.6697437113835e-01 +(3e-06,1e+08) | 1.42e+05 |  1:2.0e-02  6:7.7e-02
  920 ,   8281 : 1.6697401916333e-01 +(1e+08,1e+08) | 1.22e+05 |  1:8.6e-03  6:3.4e-02
  930 ,   8371 : 1.6697319946556e-01 +(7e-07,1e+08) | 1.30e+05 |  1:7.2e-03  6:2.9e-02
  940 ,   8461 : 1.6697302124701e-01 +(5e-07,1e-05) | 1.13e+05 |  1:4.5e-03  6:1.8e-02
  950 ,   8551 : 1.6697284889252e-01 +(2e-07,7e-07) | 9.72e+04 |  1:2.4e-03  6:9.3e-03
  960 ,   8641 : 1.6697248506516e-01 +(2e-07,1e+08) | 9.11e+04 |  1:1.6e-03  6:5.8e-03
  970 ,   8731 : 1.6697243323268e-01 +(9e-08,5e-07) | 6.38e+04 |  1:7.6e-04  6:2.6e-03
  980 ,   8821 : 1.6697241794396e-01 +(2e-07,1e+08) | 5.80e+04 |  1:1.1e-03  5:3.4e-03
  990 ,   8911 : 1.6697243838750e-01 +(4e-08,1e+08) | 5.78e+04 |  3:8.1e-04  5:2.6e-03
Iterat, #Fevals:   Function Value    (median,worst) |Axis Ratio|idx:Min SD idx:Max SD
 1000 ,   9001 : 1.6697237535282e-01 +(8e-08,1e+08) | 6.31e+04 |  3:5.6e-04  4:2.4e-03
 1010 ,   9091 : 1.6697239425740e-01 +(3e-08,1e+08) | 5.77e+04 |  3:5.5e-04  4:2.2e-03
 1020 ,   9181 : 1.6697234769946e-01 +(2e-08,4e-08) | 6.44e+04 |  3:2.5e-04  4:1.1e-03
 1030 ,   9271 : 1.6697233930104e-01 +(1e-08,4e-08) | 6.75e+04 |  3:1.0e-04  4:5.1e-04
 1040 ,   9361 : 1.6697233457564e-01 +(5e-09,1e+08) | 5.54e+04 |  3:6.2e-05  4:3.4e-04
 1050 ,   9451 : 1.6697233542050e-01 +(2e-09,6e-09) | 4.87e+04 |  3:4.2e-05  4:2.6e-04
 1060 ,   9541 : 1.6697233269848e-01 +(3e-09,1e+08) | 5.07e+04 |  3:1.3e-05  4:8.7e-05
 1070 ,   9631 : 1.6697233219741e-01 +(2e-09,1e+08) | 5.90e+04 |  3:1.1e-05  4:9.3e-05
 1080 ,   9721 : 1.6697233188280e-01 +(5e-10,1e-09) | 7.70e+04 |  3:7.4e-06  4:7.7e-05
 1090 ,   9811 : 1.6697232967516e-01 +(2e-09,1e+08) | 9.01e+04 |  3:1.5e-05  4:2.4e-04
Iterat, #Fevals:   Function Value    (median,worst) |Axis Ratio|idx:Min SD idx:Max SD
 1100 ,   9901 : 1.6697232727780e-01 +(1e-09,1e+08) | 1.07e+05 |  3:1.4e-05  4:2.1e-04
 1110 ,   9991 : 1.6697232472233e-01 +(2e-09,1e+08) | 1.37e+05 |  3:2.2e-05  4:3.7e-04
 1112 ,  10009 : 1.6697232551891e-01 +(2e-09,3e-09) | 1.27e+05 |  3:2.7e-05  4:4.6e-04
#Fevals:   f(returned x)   |    bestever.f     | stopflag (saved to variablescmaes.mat)
  10010: 1.66972325427e-01 | 1.66972324722e-01 | tolfun
mean solution: +2.5e+00 -2.8e+00 +3.5e+00 -8.0e+00 +7.7e+00 +1.0e+01
std deviation:  1.6e-04  1.5e-04  2.7e-05  4.6e-04  4.6e-04  6.4e-05
use plotcmaesdat.m for plotting the output at any time (option LogModulo must not be zero)

OPTIMAL VALUE OF THE PARAMETERS:

       FP_c_gapH          2.51939

       FP_c_gapF         -2.75027

       FP_s_gapH          3.47032

 FP_c_gapH_starr          -7.9631

 FP_c_gapF_starr          7.69678

 FP_s_gapF_starr               10

Objective function :         0.166972



MODEL SUMMARY

  Number of variables:         85
  Number of stochastic shocks: 2
  Number of state variables:   4
  Number of jumpers:           10
  Number of static variables:  73


MATRIX OF COVARIANCE OF EXOGENOUS SHOCKS
Variables            eps_a  eps_a_starr
eps_a             1.000000     0.000000
eps_a_starr       0.000000     1.000000

POLICY AND TRANSITION FUNCTIONS
                                   a         a_starr            a_cu           y_nat           g_nat           c_nat         c_H_nat         c_F_nat           n_nat           f_nat           s_nat           r_nat     y_nat_starr     g_nat_starr     c_nat_starr   c_H_nat_starr   c_F_nat_starr     n_nat_starr     f_nat_starr     s_nat_starr     r_nat_starr        y_nat_cu        g_nat_cu        c_nat_cu      c_H_nat_cu      c_F_nat_cu        r_nat_cu        f_nat_cu        n_nat_cu               y             pie               g               n               c             c_H             c_F               f               s              ii         y_starr       pie_starr         g_starr         n_starr         c_starr       c_H_starr       c_F_starr         f_starr        ii_starr         s_starr            y_cu            g_cu            c_cu          c_H_cu          c_F_cu           ii_cu          pie_cu            f_cu            n_cu           y_gap           g_gap           c_gap         c_H_gap         c_F_gap           f_gap           n_gap           s_gap          ii_gap     y_gap_starr     g_gap_starr     c_gap_starr   c_H_gap_starr   c_F_gap_starr     f_gap_starr     n_gap_starr     s_gap_starr    ii_gap_starr        y_gap_cu        g_gap_cu        c_gap_cu      c_H_gap_cu      c_F_gap_cu       ii_gap_cu        n_gap_cu        f_gap_cu         g_gap_r
f_gap(-1)                          0               0               0               0               0               0               0               0               0               0               0               0               0               0               0               0               0               0               0               0               0               0               0               0               0               0               0               0               0       95.610103       31.833337      -95.981002       95.610103       11.177657      106.510895     -846.821486     -191.591105      211.851640       -0.342435     -291.162304      -94.969174      263.594132     -291.162304      -31.192671      636.139995     -317.192386      554.756435       -0.342435     -211.851640       -1.082999       -6.087219        0.585075      238.918170     -714.414211       -0.342435        0.132709       -5.004220       -1.082999       95.610103      -95.981002       11.177657      106.510895     -846.821486     -191.591105       95.610103      211.851640       -0.342435     -291.162304      263.594132      -31.192671      636.139995     -317.192386      554.756435     -291.162304     -211.851640       -0.342435       -1.082999       -6.087219        0.585075      238.918170     -714.414211       -0.342435       -1.082999       -5.004220     -359.575134
f_gap_starr(-1)                    0               0               0               0               0               0               0               0               0               0               0               0               0               0               0               0               0               0               0               0               0               0               0               0               0               0               0               0               0       33.106786       11.028454      -33.353502       33.106786        3.873355       36.907765     -293.436336      -66.460288       73.409800       -0.118957     -100.823646      -32.901484       91.612971     -100.823646      -10.808605      220.432266     -109.911835      192.436617       -0.118957      -73.409800       -0.375822       -2.111884        0.202865       82.788890     -247.555210       -0.118957        0.045969       -1.736062       -0.375822       33.106786      -33.353502        3.873355       36.907765     -293.436336      -66.460288       33.106786       73.409800       -0.118957     -100.823646       91.612971      -10.808605      220.432266     -109.911835      192.436617     -100.823646      -73.409800       -0.118957       -0.375822       -2.111884        0.202865       82.788890     -247.555210       -0.118957       -0.375822       -1.736062     -124.966473
a(-1)                       0.950000               0        0.712500        0.814286        1.085714        0.343810        0.588095       -1.854762       -0.135714        0.271429        0.542857       -0.054286       -0.542857        0.542857        0.235238        1.945238       -0.497619       -0.542857        1.085714       -0.542857       -0.027143        0.475000        0.950000        0.316667        0.927381       -1.515476       -0.047500        0.475000       -0.237500        0.792176       -0.001257        1.108182       -0.157824        0.341202        0.563398       -1.658562        0.316006        0.493769       -0.047388       -0.475364        0.003681        0.481945       -0.475364        0.242448        1.797821       -0.424140        0.957309       -0.047388       -0.493769        0.475291        0.951623        0.316514        0.872004       -1.349957       -0.047388       -0.000023        0.476332       -0.237209       -0.022110        0.022468       -0.002607       -0.024697        0.196200        0.044578       -0.022110       -0.049088        0.006897        0.067494       -0.060912        0.007210       -0.147417        0.073479       -0.128406        0.067494        0.049088       -0.020246        0.000291        0.001623       -0.000153       -0.055377        0.165520        0.000112        0.000291        0.001332        0.083380
a_starr(-1)                        0        0.950000        0.237500       -0.180952        0.180952        0.078413       -0.165873        2.276984       -0.180952        0.361905       -0.542857       -0.009048        1.176190        0.723810        0.186984       -1.523016        0.919841        0.226190       -0.452381        0.542857       -0.036190        0.158333        0.316667        0.105556       -0.505159        1.937698       -0.015833        0.158333       -0.079167       -0.158843        0.001257        0.158484       -0.158843        0.081020       -0.141176        2.080784        0.317327       -0.493769       -0.015945        1.108697       -0.003681        0.784721        0.158697        0.179774       -1.375598        0.846362       -0.323975       -0.015945        0.493769        0.158042        0.315044        0.105709       -0.449782        1.772179       -0.015945        0.000023        0.157001       -0.079458        0.022110       -0.022468        0.002607        0.024697       -0.196200       -0.044578        0.022110        0.049088       -0.006897       -0.067494        0.060912       -0.007210        0.147417       -0.073479        0.128406       -0.067494       -0.049088        0.020246       -0.000291       -0.001623        0.000153        0.055377       -0.165520       -0.000112       -0.000291       -0.001332       -0.083380
eps_a                      -1.000000               0       -0.750000       -0.857143       -1.142857       -0.361905       -0.619048        1.952381        0.142857       -0.285714       -0.571429        0.057143        0.571429       -0.571429       -0.247619       -2.047619        0.523810        0.571429       -1.142857        0.571429        0.028571       -0.500000       -1.000000       -0.333333       -0.976190        1.595238        0.050000       -0.500000        0.250000       -0.833869        0.001323       -1.166508        0.166131       -0.359160       -0.593051        1.745855       -0.332638       -0.519757        0.049883        0.500383       -0.003875       -0.507311        0.500383       -0.255209       -1.892443        0.446463       -1.007693        0.049883        0.519757       -0.500306       -1.001708       -0.333172       -0.917899        1.421007        0.049883        0.000024       -0.501402        0.249694        0.023273       -0.023650        0.002745        0.025997       -0.206526       -0.046924        0.023273        0.051672       -0.007260       -0.071046        0.064118       -0.007590        0.155176       -0.077347        0.135164       -0.071046       -0.051672        0.021311       -0.000306       -0.001708        0.000161        0.058292       -0.174231       -0.000117       -0.000306       -0.001402       -0.087768
eps_a_starr                        0       -1.000000       -0.250000        0.190476       -0.190476       -0.082540        0.174603       -2.396825        0.190476       -0.380952        0.571429        0.009524       -1.238095       -0.761905       -0.196825        1.603175       -0.968254       -0.238095        0.476190       -0.571429        0.038095       -0.166667       -0.333333       -0.111111        0.531746       -2.039683        0.016667       -0.166667        0.083333        0.167203       -0.001323       -0.166826        0.167203       -0.085284        0.148606       -2.190299       -0.334028        0.519757        0.016784       -1.167049        0.003875       -0.826023       -0.167049       -0.189236        1.447998       -0.890907        0.341027        0.016784       -0.519757       -0.166360       -0.331625       -0.111272        0.473454       -1.865451        0.016784       -0.000024       -0.165265        0.083640       -0.023273        0.023650       -0.002745       -0.025997        0.206526        0.046924       -0.023273       -0.051672        0.007260        0.071046       -0.064118        0.007590       -0.155176        0.077347       -0.135164        0.071046        0.051672       -0.021311        0.000306        0.001708       -0.000161       -0.058292        0.174231        0.000117        0.000306        0.001402        0.087768

T_plot =

   100


my_annotation =

    'OSR, POP WEIGHT, TAYLOR, MB, FOREIGN UNCONSTRAINED, $$h$$ = 0.75, $$\bar{\alpha}$$ =0.4, $$\theta$$ = 0.75'

Total computing time : 0h01m42s
Note: warning(s) encountered in MATLAB/Octave code
