Starting Dynare (version 5.0).
Calling Dynare with arguments: none
Starting preprocessing of the model file ...
Found 72 equation(s).
Evaluating expressions...done
Computing static model derivatives (order 1).
Computing dynamic model derivatives (order 2).
Processing outputs ...
done
Preprocessing completed.

46.1% of the prior support gives unique saddle-path solution.
 0.0% of the prior support gives explosive dynamics.
53.9% of the prior support gives indeterminacy.




Smirnov statistics in driving unique solution
Parameter                  d-stat         p-value
FP_s_gapH                   0.504           0.000
FP_s_gapF_starr             0.504           0.000




Smirnov statistics in driving indeterminacy
Parameter                  d-stat         p-value
FP_s_gapH                   0.504           0.000
FP_s_gapF_starr             0.504           0.000


STEADY-STATE RESULTS:

a             		 0
a_starr       		 0
y_nat         		 0
g_nat         		 0
c_nat         		 0
c_H_nat       		 0
c_F_nat       		 0
n_nat         		 0
f_nat         		 0
s_nat         		 0
r_nat         		 0
y_nat_starr   		 0
g_nat_starr   		 0
c_nat_starr   		 0
c_H_nat_starr 		 0
c_F_nat_starr 		 0
n_nat_starr   		 0
f_nat_starr   		 0
s_nat_starr   		 0
r_nat_starr   		 0
y_nat_cu      		 0
g_nat_cu      		 0
c_nat_cu      		 0
r_nat_cu      		 0
y             		 0
pie           		 0
g             		 0
n             		 0
c             		 0
c_H           		 0
c_F           		 0
f             		 0
s             		 0
ii            		 0
y_starr       		 0
pie_starr     		 0
g_starr       		 0
n_starr       		 0
c_starr       		 0
c_H_starr     		 0
c_F_starr     		 0
f_starr       		 0
ii_starr      		 0
s_starr       		 0
y_cu          		 0
g_cu          		 0
c_cu          		 0
ii_cu         		 0
pie_cu        		 0
y_gap         		 0
g_gap         		 0
c_gap         		 0
c_H_gap       		 0
c_F_gap       		 0
f_gap         		 0
n_gap         		 0
s_gap         		 0
ii_gap        		 0
y_gap_starr   		 0
g_gap_starr   		 0
c_gap_starr   		 0
c_H_gap_starr 		 0
c_F_gap_starr 		 0
f_gap_starr   		 0
n_gap_starr   		 0
s_gap_starr   		 0
ii_gap_starr  		 0
y_gap_cu      		 0
g_gap_cu      		 0
c_gap_cu      		 0
ii_gap_cu     		 0
g_gap_r       		 0

EIGENVALUES:
         Modulus             Real        Imaginary

          0.5306           0.5306                0
            0.85             0.85                0
            0.97             0.97                0
            0.97             0.97                0
           1.163            1.146           0.1952
           1.163            1.146          -0.1952
           1.272            1.185           0.4635
           1.272            1.185          -0.4635
       3.779e+16       -3.779e+16                0
       6.565e+16        6.565e+16                0
       7.099e+32        7.099e+32                0
             Inf              Inf                0
             Inf              Inf                0
             Inf              Inf                0


There are 10 eigenvalue(s) larger than 1 in modulus 
for 10 forward-looking variable(s)

The rank condition is verified.


OPTIMAL SIMPLE RULE


OSR: Initial value of the objective function: 0.512366 

  n=2: (3,6)-CMA-ES(w=[64 28 8]%, mu_eff=2.0) on function osr_obj
Iterat, #Fevals:   Function Value    (median,worst) |Axis Ratio|idx:Min SD idx:Max SD
    1 ,      7 : 5.7398921836481e-01 +(5e+07,1e+08) | 1.22e+00 |  1:4.0e+00  2:4.2e+00
    2 ,     13 : 5.1579509733910e-01 +(5e-02,1e+08) | 1.36e+00 |  2:3.7e+00  1:4.0e+00
   10 ,     61 : 5.1120728318545e-01 +(8e-03,5e-02) | 1.30e+00 |  2:6.4e-01  1:8.3e-01
   20 ,    121 : 4.8530019030897e-01 +(1e-02,2e-02) | 2.44e+00 |  1:3.0e-01  2:3.5e-01
   30 ,    181 : 4.7908057231764e-01 +(8e-04,1e-03) | 2.48e+00 |  1:2.9e-02  2:3.8e-02
   40 ,    241 : 4.7906584166655e-01 +(2e-05,7e-05) | 1.34e+00 |  2:6.8e-03  1:7.9e-03
   50 ,    301 : 4.7905477596258e-01 +(6e-07,8e-07) | 1.69e+00 |  2:4.4e-04  1:5.1e-04
   60 ,    361 : 4.7905474460104e-01 +(8e-09,1e-08) | 1.61e+00 |  2:4.5e-05  1:5.0e-05
   70 ,    421 : 4.7905474366920e-01 +(6e-11,1e-09) | 1.83e+00 |  2:8.0e-06  1:1.1e-05
   71 ,    427 : 4.7905474365899e-01 +(6e-11,4e-10) | 1.75e+00 |  2:5.9e-06  1:8.0e-06
#Fevals:   f(returned x)   |    bestever.f     | stopflag (saved to variablescmaes.mat)
    428: 4.79054743659e-01 | 4.79054743659e-01 | tolfun
mean solution: -5.8e-01 -5.8e-01
std deviation:  8.0e-06  5.9e-06
use plotcmaesdat.m for plotting the output at any time (option LogModulo must not be zero)

OPTIMAL VALUE OF THE PARAMETERS:

       FP_s_gapH         -0.57726

 FP_s_gapF_starr         -0.57726

Objective function :         0.479055



MODEL SUMMARY

  Number of variables:         72
  Number of stochastic shocks: 2
  Number of state variables:   4
  Number of jumpers:           10
  Number of static variables:  60


MATRIX OF COVARIANCE OF EXOGENOUS SHOCKS
Variables            eps_a  eps_a_starr
eps_a             1.000000     0.000000
eps_a_starr       0.000000     1.000000

POLICY AND TRANSITION FUNCTIONS
                                   a         a_starr           y_nat           g_nat           c_nat         c_H_nat         c_F_nat           n_nat           f_nat           s_nat           r_nat     y_nat_starr     g_nat_starr     c_nat_starr   c_H_nat_starr   c_F_nat_starr     n_nat_starr     f_nat_starr     s_nat_starr     r_nat_starr        y_nat_cu        g_nat_cu        c_nat_cu        r_nat_cu               y             pie               g               n               c             c_H             c_F               f               s              ii         y_starr       pie_starr         g_starr         n_starr         c_starr       c_H_starr       c_F_starr         f_starr        ii_starr         s_starr            y_cu            g_cu            c_cu           ii_cu          pie_cu           y_gap           g_gap           c_gap         c_H_gap         c_F_gap           f_gap           n_gap           s_gap          ii_gap     y_gap_starr     g_gap_starr     c_gap_starr   c_H_gap_starr   c_F_gap_starr     f_gap_starr     n_gap_starr     s_gap_starr    ii_gap_starr        y_gap_cu        g_gap_cu        c_gap_cu       ii_gap_cu         g_gap_r
f_gap(-1)                          0               0               0               0               0               0               0               0               0               0               0               0               0               0               0               0               0               0               0               0               0               0               0               0        0.310988        0.035664        1.038008        0.310988       -0.019231        0.028703       -0.929979        0.727020        0.213040       -0.006003       -0.130029       -0.103988       -0.007050       -0.130029       -0.083144        0.827604       -0.131078        0.122980       -0.006003       -0.213040        0.090479        0.515479       -0.051187       -0.006003       -0.034162        0.310988        1.038008       -0.019231        0.028703       -0.929979        0.727020        0.310988        0.213040       -0.006003       -0.130029       -0.007050       -0.083144        0.827604       -0.131078        0.122980       -0.130029       -0.213040       -0.006003        0.090479        0.515479       -0.051187       -0.006003        1.045058
f_gap_starr(-1)                    0               0               0               0               0               0               0               0               0               0               0               0               0               0               0               0               0               0               0               0               0               0               0               0       -0.130029       -0.103988       -0.007050       -0.130029       -0.083144       -0.131078        0.827604        0.122980       -0.213040       -0.006003        0.310988        0.035664        1.038008        0.310988       -0.019231       -0.929979        0.028703        0.727020       -0.006003        0.213040        0.090479        0.515479       -0.051188       -0.006003       -0.034162       -0.130029       -0.007050       -0.083144       -0.131078        0.827604        0.122980       -0.130029       -0.213040       -0.006003        0.310988        1.038008       -0.019231       -0.929979        0.028703        0.727020        0.310988        0.213040       -0.006003        0.090479        0.515479       -0.051188       -0.006003       -1.045058
a(-1)                       0.970000               0        0.830050        1.109950        0.354541        0.563018       -3.606534       -0.139950        0.279900        0.926567       -0.033299       -0.183383        0.183383        0.076570        4.037645       -0.131907       -0.183383        0.366766       -0.926567       -0.005501        0.323333        0.646667        0.215556       -0.019400        0.815092        0.005220        1.118324       -0.154908        0.348478        0.547862       -3.439811        0.303232        0.886150       -0.019400       -0.168425       -0.005220        0.175009       -0.168425        0.082633        3.870922       -0.116751        0.343435       -0.019400       -0.886150        0.323333        0.646667        0.215556       -0.019400               0       -0.014958        0.008374       -0.006063       -0.015157        0.166723        0.023332       -0.014958       -0.040418        0.013899        0.014958       -0.008374        0.006063       -0.166723        0.015157       -0.023331        0.014958        0.040418       -0.013899               0               0               0               0        0.016747
a_starr(-1)                        0        0.970000       -0.183383        0.183383        0.076570       -0.131907        4.037645       -0.183383        0.366766       -0.926567       -0.005501        0.830050        1.109950        0.354541       -3.606534        0.563018       -0.139950        0.279900        0.926567       -0.033299        0.323333        0.646667        0.215556       -0.019400       -0.168425       -0.005220        0.175009       -0.168425        0.082633       -0.116751        3.870922        0.343435       -0.886150       -0.019400        0.815092        0.005220        1.118324       -0.154908        0.348478       -3.439811        0.547862        0.303232       -0.019400        0.886150        0.323333        0.646667        0.215556       -0.019400               0        0.014958       -0.008374        0.006063        0.015157       -0.166723       -0.023332        0.014958        0.040418       -0.013899       -0.014958        0.008374       -0.006063        0.166723       -0.015157        0.023331       -0.014958       -0.040418        0.013899               0               0               0               0       -0.016747
eps_a                      -1.000000               0       -0.855721       -1.144279       -0.365506       -0.580431        3.718076        0.144279       -0.288557       -0.955224        0.034328        0.189055       -0.189055       -0.078939       -4.162521        0.135987        0.189055       -0.378109        0.955224        0.005672       -0.333333       -0.666667       -0.222222        0.020000       -0.840301       -0.005381       -1.152911        0.159699       -0.359256       -0.564806        3.546197       -0.312610       -0.913556        0.020000        0.173634        0.005381       -0.180422        0.173634       -0.085189       -3.990642        0.120361       -0.354056        0.020000        0.913556       -0.333333       -0.666667       -0.222222        0.020000               0        0.015420       -0.008633        0.006250        0.015625       -0.171879       -0.024053        0.015420        0.041668       -0.014328       -0.015420        0.008633       -0.006250        0.171879       -0.015625        0.024053       -0.015420       -0.041668        0.014328               0               0               0               0       -0.017265
eps_a_starr                        0       -1.000000        0.189055       -0.189055       -0.078939        0.135987       -4.162521        0.189055       -0.378109        0.955224        0.005672       -0.855721       -1.144279       -0.365506        3.718076       -0.580431        0.144279       -0.288557       -0.955224        0.034328       -0.333333       -0.666667       -0.222222        0.020000        0.173634        0.005381       -0.180422        0.173634       -0.085189        0.120361       -3.990642       -0.354056        0.913556        0.020000       -0.840301       -0.005381       -1.152911        0.159699       -0.359256        3.546197       -0.564806       -0.312610        0.020000       -0.913556       -0.333333       -0.666667       -0.222222        0.020000               0       -0.015420        0.008633       -0.006250       -0.015625        0.171879        0.024053       -0.015420       -0.041668        0.014328        0.015420       -0.008633        0.006250       -0.171879        0.015625       -0.024053        0.015420        0.041668       -0.014328               0               0               0               0        0.017265

pol_name = 

    "OSR - POP_WEIGHT - NATIONAL"


calibration_name = 

    "h_50 - ALPHA_bar_10 - THETA_75 - THETA_starr_75 - DELTA_25"


folder_name = 

    "OUTPUT/h_50 - ALPHA_bar_10 - THETA_75 - THETA_starr_75 - DELTA_25/POP_WEIGHT/OSR - NATIONAL"


benchmark_folder_name = 

    "OUTPUT/h_50 - ALPHA_bar_10 - THETA_75 - THETA_starr_75 - DELTA_25/POP_WEIGHT/RAMSEY"

[Warning: Directory already exists.] 
[> In <a href="matlab:matlab.internal.language.introspective.errorDocCallback('Model_Main_6.driver', 'C:\Users\33689\Documents\GitHub\Master-Thesis\MAIN\+Model_Main_6\driver.m', 762)" style="font-weight:bold">Model_Main_6.driver</a> (<a href="matlab: opentoline('C:\Users\33689\Documents\GitHub\Master-Thesis\MAIN\+Model_Main_6\driver.m',762,0)">line 762</a>)
In <a href="matlab:matlab.internal.language.introspective.errorDocCallback('dynare', 'C:\dynare\5.0\matlab\dynare.m', 281)" style="font-weight:bold">dynare</a> (<a href="matlab: opentoline('C:\dynare\5.0\matlab\dynare.m',281,0)">line 281</a>)] 

T_irf =

   200


T_plot =

   100


figure_name = 

    "National_gaps"


figure_name = 

    "Union_gaps"


figure_name = 

    "y_c_g"


figure_name = 

    "n_y_c_g"

Total computing time : 0h00m45s
Note: warning(s) encountered in MATLAB/Octave code
