Starting Dynare (version 5.0).
Calling Dynare with arguments: none
Starting preprocessing of the model file ...
WARNING: in the 'steady_state_model' block, variable 'y_2' is not assigned a value
Found 25 equation(s).
Evaluating expressions...done
Computing static model derivatives (order 1).
Computing dynamic model derivatives (order 1).
Processing outputs ...
done
Preprocessing completed.





Residuals of the static equations:

Equation number 1 : 0 : 1
Equation number 2 : 0 : 2
Equation number 3 : 0 : 3
Equation number 4 : 0 : 4
Equation number 5 : 0 : 5
Equation number 6 : 0 : 6
Equation number 7 : 0 : 7
Equation number 8 : 0 : 8
Equation number 9 : 0 : 9
Equation number 10 : 0 : 10
Equation number 11 : 0 : Y
Equation number 12 : 0 : Y_starr
Equation number 13 : 0 : A
Equation number 14 : 0 : A_starr
Equation number 15 : 0 : y
Equation number 16 : 0 : g
Equation number 17 : 0 : c
Equation number 18 : 0 : c_H
Equation number 19 : 0 : c_F
Equation number 20 : 0 : y_starr
Equation number 21 : 0 : g_starr
Equation number 22 : 0 : c_starr
Equation number 23 : 0 : c_H_starr
Equation number 24 : 0 : c_F_starr
Equation number 25 : 0 : y_2



STEADY-STATE RESULTS:

C         		 0.4
C_H       		 0.36
C_F       		 0.04
N         		 0.5
Y         		 0.5
G         		 0.1
A         		 1
C_starr   		 0.4
C_H_starr 		 0.04
C_F_starr 		 0.36
N_starr   		 0.5
Y_starr   		 0.5
G_starr   		 0.1
A_starr   		 1
y         		 0
y_2       		 0
g         		 0
c         		 0
c_H       		 0
c_F       		 0
y_starr   		 0
g_starr   		 0
c_starr   		 0
c_H_starr 		 0
c_F_starr 		 0

MODEL SUMMARY

  Number of variables:         25
  Number of stochastic shocks: 2
  Number of state variables:   2
  Number of jumpers:           0
  Number of static variables:  23


MATRIX OF COVARIANCE OF EXOGENOUS SHOCKS
Variables            eps_a  eps_a_starr
eps_a             0.000000     0.000000
eps_a_starr       0.000000     1.000000

POLICY AND TRANSITION FUNCTIONS
                                   C             C_H             C_F               N               Y               G               A         C_starr       C_H_starr       C_F_starr         N_starr         Y_starr         G_starr         A_starr               y             y_2               g               c             c_H             c_F         y_starr         g_starr         c_starr       c_H_starr       c_F_starr
Constant                    0.400000        0.360000        0.040000        0.500000        0.500000        0.100000        1.000000        0.400000        0.040000        0.360000        0.500000        0.500000        0.100000        1.000000               0               0               0               0               0               0               0               0               0               0               0
A(-1)                       0.111273        0.203420       -0.092148       -0.024148        0.400852        0.089830        0.850000        0.043273        0.107602       -0.064330       -0.130398       -0.130398        0.026080               0        0.801705        0.801705        0.898295        0.278182        0.565057       -2.303693       -0.260795        0.260795        0.108182        2.690057       -0.178693
A_starr(-1)                 0.043273       -0.064330        0.107602       -0.130398       -0.130398        0.026080               0        0.111273       -0.092148        0.203420       -0.024148        0.400852        0.089830        0.850000       -0.260795       -0.260795        0.260795        0.108182       -0.178693        2.690057        0.801705        0.898295        0.278182       -2.303693        0.565057
eps_a                       0.130909        0.239318       -0.108409       -0.028409        0.471591        0.105682        1.000000        0.050909        0.126591       -0.075682       -0.153409       -0.153409        0.030682               0        0.943182        0.943182        1.056818        0.327273        0.664773       -2.710227       -0.306818        0.306818        0.127273        3.164773       -0.210227
eps_a_starr                -0.050909        0.075682       -0.126591        0.153409        0.153409       -0.030682               0       -0.130909        0.108409       -0.239318        0.028409       -0.471591       -0.105682       -1.000000        0.306818        0.306818       -0.306818       -0.127273        0.210227       -3.164773       -0.943182       -1.056818       -0.327273        2.710227       -0.664773


THEORETICAL MOMENTS
VARIABLE          MEAN  STD. DEV.   VARIANCE
C               0.4000     0.0966     0.0093
C_H             0.3600     0.1437     0.0206
C_F             0.0400     0.2403     0.0577
N               0.5000     0.2912     0.0848
Y               0.5000     0.2912     0.0848
G               0.1000     0.0582     0.0034
A               1.0000     0.0000     0.0000
C_starr         0.4000     0.2485     0.0618
C_H_starr       0.0400     0.2058     0.0424
C_F_starr       0.3600     0.4543     0.2064
N_starr         0.5000     0.0539     0.0029
Y_starr         0.5000     0.8952     0.8014
G_starr         0.1000     0.2006     0.0402
A_starr         1.0000     1.8983     3.6036
y               0.0000     0.5824     0.3392
y_2             0.0000     0.5824     0.3392
g               0.0000     0.5824     0.3392
c               0.0000     0.2416     0.0584
c_H             0.0000     0.3991     0.1593
c_F             0.0000     6.0077    36.0929
y_starr         0.0000     1.7905     3.2057
g_starr         0.0000     2.0062     4.0247
c_starr         0.0000     0.6213     0.3860
c_H_starr       0.0000     5.1449    26.4697
c_F_starr       0.0000     1.2619     1.5925



VARIANCE DECOMPOSITION (in percent)
                   eps_a  eps_a_starr
C                   0.00       100.00
C_H                 0.00       100.00
C_F                 0.00       100.00
N                   0.00       100.00
Y                   0.00       100.00
G                   0.00       100.00
A                 100.00         0.00
C_starr             0.00       100.00
C_H_starr           0.00       100.00
C_F_starr           0.00       100.00
N_starr             0.00       100.00
Y_starr             0.00       100.00
G_starr             0.00       100.00
A_starr             0.00       100.00
y                   0.00       100.00
y_2                 0.00       100.00
g                   0.00       100.00
c                   0.00       100.00
c_H                 0.00       100.00
c_F                 0.00       100.00
y_starr             0.00       100.00
g_starr             0.00       100.00
c_starr             0.00       100.00
c_H_starr           0.00       100.00
c_F_starr           0.00       100.00



MATRIX OF CORRELATIONS
Variables            C        C_H        C_F          N          Y          G    C_starr  C_H_starr  C_F_starr    N_starr    Y_starr    G_starr    A_starr          y        y_2          g          c        c_H        c_F    y_starr    g_starr    c_starr  c_H_starr  c_F_starr
C               1.0000    -1.0000     1.0000    -1.0000    -1.0000     1.0000     1.0000    -1.0000     1.0000    -1.0000     1.0000     1.0000     1.0000    -1.0000    -1.0000     1.0000     1.0000    -1.0000     1.0000     1.0000     1.0000     1.0000    -1.0000     1.0000
C_H            -1.0000     1.0000    -1.0000     1.0000     1.0000    -1.0000    -1.0000     1.0000    -1.0000     1.0000    -1.0000    -1.0000    -1.0000     1.0000     1.0000    -1.0000    -1.0000     1.0000    -1.0000    -1.0000    -1.0000    -1.0000     1.0000    -1.0000
C_F             1.0000    -1.0000     1.0000    -1.0000    -1.0000     1.0000     1.0000    -1.0000     1.0000    -1.0000     1.0000     1.0000     1.0000    -1.0000    -1.0000     1.0000     1.0000    -1.0000     1.0000     1.0000     1.0000     1.0000    -1.0000     1.0000
N              -1.0000     1.0000    -1.0000     1.0000     1.0000    -1.0000    -1.0000     1.0000    -1.0000     1.0000    -1.0000    -1.0000    -1.0000     1.0000     1.0000    -1.0000    -1.0000     1.0000    -1.0000    -1.0000    -1.0000    -1.0000     1.0000    -1.0000
Y              -1.0000     1.0000    -1.0000     1.0000     1.0000    -1.0000    -1.0000     1.0000    -1.0000     1.0000    -1.0000    -1.0000    -1.0000     1.0000     1.0000    -1.0000    -1.0000     1.0000    -1.0000    -1.0000    -1.0000    -1.0000     1.0000    -1.0000
G               1.0000    -1.0000     1.0000    -1.0000    -1.0000     1.0000     1.0000    -1.0000     1.0000    -1.0000     1.0000     1.0000     1.0000    -1.0000    -1.0000     1.0000     1.0000    -1.0000     1.0000     1.0000     1.0000     1.0000    -1.0000     1.0000
C_starr         1.0000    -1.0000     1.0000    -1.0000    -1.0000     1.0000     1.0000    -1.0000     1.0000    -1.0000     1.0000     1.0000     1.0000    -1.0000    -1.0000     1.0000     1.0000    -1.0000     1.0000     1.0000     1.0000     1.0000    -1.0000     1.0000
C_H_starr      -1.0000     1.0000    -1.0000     1.0000     1.0000    -1.0000    -1.0000     1.0000    -1.0000     1.0000    -1.0000    -1.0000    -1.0000     1.0000     1.0000    -1.0000    -1.0000     1.0000    -1.0000    -1.0000    -1.0000    -1.0000     1.0000    -1.0000
C_F_starr       1.0000    -1.0000     1.0000    -1.0000    -1.0000     1.0000     1.0000    -1.0000     1.0000    -1.0000     1.0000     1.0000     1.0000    -1.0000    -1.0000     1.0000     1.0000    -1.0000     1.0000     1.0000     1.0000     1.0000    -1.0000     1.0000
N_starr        -1.0000     1.0000    -1.0000     1.0000     1.0000    -1.0000    -1.0000     1.0000    -1.0000     1.0000    -1.0000    -1.0000    -1.0000     1.0000     1.0000    -1.0000    -1.0000     1.0000    -1.0000    -1.0000    -1.0000    -1.0000     1.0000    -1.0000
Y_starr         1.0000    -1.0000     1.0000    -1.0000    -1.0000     1.0000     1.0000    -1.0000     1.0000    -1.0000     1.0000     1.0000     1.0000    -1.0000    -1.0000     1.0000     1.0000    -1.0000     1.0000     1.0000     1.0000     1.0000    -1.0000     1.0000
G_starr         1.0000    -1.0000     1.0000    -1.0000    -1.0000     1.0000     1.0000    -1.0000     1.0000    -1.0000     1.0000     1.0000     1.0000    -1.0000    -1.0000     1.0000     1.0000    -1.0000     1.0000     1.0000     1.0000     1.0000    -1.0000     1.0000
A_starr         1.0000    -1.0000     1.0000    -1.0000    -1.0000     1.0000     1.0000    -1.0000     1.0000    -1.0000     1.0000     1.0000     1.0000    -1.0000    -1.0000     1.0000     1.0000    -1.0000     1.0000     1.0000     1.0000     1.0000    -1.0000     1.0000
y              -1.0000     1.0000    -1.0000     1.0000     1.0000    -1.0000    -1.0000     1.0000    -1.0000     1.0000    -1.0000    -1.0000    -1.0000     1.0000     1.0000    -1.0000    -1.0000     1.0000    -1.0000    -1.0000    -1.0000    -1.0000     1.0000    -1.0000
y_2            -1.0000     1.0000    -1.0000     1.0000     1.0000    -1.0000    -1.0000     1.0000    -1.0000     1.0000    -1.0000    -1.0000    -1.0000     1.0000     1.0000    -1.0000    -1.0000     1.0000    -1.0000    -1.0000    -1.0000    -1.0000     1.0000    -1.0000
g               1.0000    -1.0000     1.0000    -1.0000    -1.0000     1.0000     1.0000    -1.0000     1.0000    -1.0000     1.0000     1.0000     1.0000    -1.0000    -1.0000     1.0000     1.0000    -1.0000     1.0000     1.0000     1.0000     1.0000    -1.0000     1.0000
c               1.0000    -1.0000     1.0000    -1.0000    -1.0000     1.0000     1.0000    -1.0000     1.0000    -1.0000     1.0000     1.0000     1.0000    -1.0000    -1.0000     1.0000     1.0000    -1.0000     1.0000     1.0000     1.0000     1.0000    -1.0000     1.0000
c_H            -1.0000     1.0000    -1.0000     1.0000     1.0000    -1.0000    -1.0000     1.0000    -1.0000     1.0000    -1.0000    -1.0000    -1.0000     1.0000     1.0000    -1.0000    -1.0000     1.0000    -1.0000    -1.0000    -1.0000    -1.0000     1.0000    -1.0000
c_F             1.0000    -1.0000     1.0000    -1.0000    -1.0000     1.0000     1.0000    -1.0000     1.0000    -1.0000     1.0000     1.0000     1.0000    -1.0000    -1.0000     1.0000     1.0000    -1.0000     1.0000     1.0000     1.0000     1.0000    -1.0000     1.0000
y_starr         1.0000    -1.0000     1.0000    -1.0000    -1.0000     1.0000     1.0000    -1.0000     1.0000    -1.0000     1.0000     1.0000     1.0000    -1.0000    -1.0000     1.0000     1.0000    -1.0000     1.0000     1.0000     1.0000     1.0000    -1.0000     1.0000
g_starr         1.0000    -1.0000     1.0000    -1.0000    -1.0000     1.0000     1.0000    -1.0000     1.0000    -1.0000     1.0000     1.0000     1.0000    -1.0000    -1.0000     1.0000     1.0000    -1.0000     1.0000     1.0000     1.0000     1.0000    -1.0000     1.0000
c_starr         1.0000    -1.0000     1.0000    -1.0000    -1.0000     1.0000     1.0000    -1.0000     1.0000    -1.0000     1.0000     1.0000     1.0000    -1.0000    -1.0000     1.0000     1.0000    -1.0000     1.0000     1.0000     1.0000     1.0000    -1.0000     1.0000
c_H_starr      -1.0000     1.0000    -1.0000     1.0000     1.0000    -1.0000    -1.0000     1.0000    -1.0000     1.0000    -1.0000    -1.0000    -1.0000     1.0000     1.0000    -1.0000    -1.0000     1.0000    -1.0000    -1.0000    -1.0000    -1.0000     1.0000    -1.0000
c_F_starr       1.0000    -1.0000     1.0000    -1.0000    -1.0000     1.0000     1.0000    -1.0000     1.0000    -1.0000     1.0000     1.0000     1.0000    -1.0000    -1.0000     1.0000     1.0000    -1.0000     1.0000     1.0000     1.0000     1.0000    -1.0000     1.0000



COEFFICIENTS OF AUTOCORRELATION
Order             1       2       3       4       5
C            0.8500  0.7225  0.6141  0.5220  0.4437
C_H          0.8500  0.7225  0.6141  0.5220  0.4437
C_F          0.8500  0.7225  0.6141  0.5220  0.4437
N            0.8500  0.7225  0.6141  0.5220  0.4437
Y            0.8500  0.7225  0.6141  0.5220  0.4437
G            0.8500  0.7225  0.6141  0.5220  0.4437
C_starr      0.8500  0.7225  0.6141  0.5220  0.4437
C_H_starr    0.8500  0.7225  0.6141  0.5220  0.4437
C_F_starr    0.8500  0.7225  0.6141  0.5220  0.4437
N_starr      0.8500  0.7225  0.6141  0.5220  0.4437
Y_starr      0.8500  0.7225  0.6141  0.5220  0.4437
G_starr      0.8500  0.7225  0.6141  0.5220  0.4437
A_starr      0.8500  0.7225  0.6141  0.5220  0.4437
y            0.8500  0.7225  0.6141  0.5220  0.4437
y_2          0.8500  0.7225  0.6141  0.5220  0.4437
g            0.8500  0.7225  0.6141  0.5220  0.4437
c            0.8500  0.7225  0.6141  0.5220  0.4437
c_H          0.8500  0.7225  0.6141  0.5220  0.4437
c_F          0.8500  0.7225  0.6141  0.5220  0.4437
y_starr      0.8500  0.7225  0.6141  0.5220  0.4437
g_starr      0.8500  0.7225  0.6141  0.5220  0.4437
c_starr      0.8500  0.7225  0.6141  0.5220  0.4437
c_H_starr    0.8500  0.7225  0.6141  0.5220  0.4437
c_F_starr    0.8500  0.7225  0.6141  0.5220  0.4437
Total computing time : 0h00m04s
Note: 1 warning(s) encountered in the preprocessor
