Starting Dynare (version 5.0).
Calling Dynare with arguments: none
Starting preprocessing of the model file ...
WARNING: in the 'steady_state_model' block, variable 'c_nat' is not assigned a value
WARNING: in the 'steady_state_model' block, variable 'c_H_nat' is not assigned a value
WARNING: in the 'steady_state_model' block, variable 'c_F_nat' is not assigned a value
WARNING: in the 'steady_state_model' block, variable 'y_nat' is not assigned a value
WARNING: in the 'steady_state_model' block, variable 'g_nat' is not assigned a value
WARNING: in the 'steady_state_model' block, variable 'c_nat_starr' is not assigned a value
WARNING: in the 'steady_state_model' block, variable 'c_H_nat_starr' is not assigned a value
WARNING: in the 'steady_state_model' block, variable 'c_F_nat_starr' is not assigned a value
WARNING: in the 'steady_state_model' block, variable 'y_nat_starr' is not assigned a value
WARNING: in the 'steady_state_model' block, variable 'g_nat_starr' is not assigned a value
WARNING: in the 'steady_state_model' block, variable 's_nat' is not assigned a value
Found 23 equation(s).
Evaluating expressions...done
Computing static model derivatives (order 1).
Computing dynamic model derivatives (order 1).
Processing outputs ...
done
Preprocessing completed.





Residuals of the static equations:

Equation number 1 : 0 : c_H
Equation number 2 : 0 : c_F
Equation number 3 : 0 : c_F_starr
Equation number 4 : 0 : c_H_starr
Equation number 5 : 0 : 5
Equation number 6 : 0 : 6
Equation number 7 : 0 : y
Equation number 8 : 0 : y_starr
Equation number 9 : 0 : c
Equation number 10 : 0 : c_starr
Equation number 11 : 0 : c_H_nat
Equation number 12 : 0 : c_F_nat
Equation number 13 : 0 : c_F_nat_starr
Equation number 14 : 0 : c_H_nat_starr
Equation number 15 : 0 : 15
Equation number 16 : 0 : 16
Equation number 17 : 0 : 17
Equation number 18 : 0 : 18
Equation number 19 : 0 : s_nat
Equation number 20 : 0 : 20
Equation number 21 : 0 : 21
Equation number 22 : 0 : a
Equation number 23 : 0 : a_starr



STEADY-STATE RESULTS:

a             		 0
a_starr       		 0
c             		 0
c_H           		 0
c_F           		 0
y             		 0
g             		 0
c_starr       		 0
c_H_starr     		 0
c_F_starr     		 0
y_starr       		 0
g_starr       		 0
c_nat         		 0
c_H_nat       		 0
c_F_nat       		 0
y_nat         		 0
g_nat         		 0
c_nat_starr   		 0
c_H_nat_starr 		 0
c_F_nat_starr 		 0
y_nat_starr   		 0
g_nat_starr   		 0
s_nat         		 0

MODEL SUMMARY

  Number of variables:         23
  Number of stochastic shocks: 2
  Number of state variables:   2
  Number of jumpers:           0
  Number of static variables:  21


MATRIX OF COVARIANCE OF EXOGENOUS SHOCKS
Variables            eps_a  eps_a_starr
eps_a             0.000000     0.000000
eps_a_starr       0.000000     1.000000

POLICY AND TRANSITION FUNCTIONS
                                   a         a_starr               c             c_H             c_F               y               g         c_starr       c_H_starr       c_F_starr         y_starr         g_starr           c_nat         c_H_nat         c_F_nat           y_nat           g_nat     c_nat_starr   c_H_nat_starr   c_F_nat_starr     y_nat_starr     g_nat_starr           s_nat
a(-1)                       0.850000               0        0.326960        0.496436       -2.328179        0.681460        1.018540        0.159575        2.588744       -0.235871       -0.390848        0.390848        0.326960        0.496436       -2.328179        0.681460        1.018540        0.159575        2.588744       -0.235871       -0.390848        0.390848        0.627692
a_starr(-1)                        0        0.850000        0.068389       -0.101088        2.723528       -0.167506        0.167506        0.235774       -2.193395        0.631220        0.904801        0.795199        0.068389       -0.101088        2.723528       -0.167506        0.167506        0.235774       -2.193395        0.631220        0.904801        0.795199       -0.627692
eps_a                       1.000000               0        0.384658        0.584043       -2.739034        0.801717        1.198283        0.187735        3.045581       -0.277496       -0.459821        0.459821        0.384658        0.584043       -2.739034        0.801717        1.198283        0.187735        3.045581       -0.277496       -0.459821        0.459821        0.738462
eps_a_starr                        0        1.000000        0.080458       -0.118927        3.204150       -0.197066        0.197066        0.277381       -2.580465        0.742612        1.064472        0.935528        0.080458       -0.118927        3.204150       -0.197066        0.197066        0.277381       -2.580465        0.742612        1.064472        0.935528       -0.738462


THEORETICAL MOMENTS
VARIABLE              MEAN  STD. DEV.   VARIANCE
a                   0.0000     0.0000     0.0000
a_starr             0.0000     1.8983     3.6036
c                   0.0000     0.1527     0.0233
c_H                 0.0000     0.2258     0.0510
c_F                 0.0000     6.0825    36.9967
y                   0.0000     0.3741     0.1399
g                   0.0000     0.3741     0.1399
c_starr             0.0000     0.5266     0.2773
c_H_starr           0.0000     4.8985    23.9957
c_F_starr           0.0000     1.4097     1.9873
y_starr             0.0000     2.0207     4.0832
g_starr             0.0000     1.7759     3.1539
c_nat               0.0000     0.1527     0.0233
c_H_nat             0.0000     0.2258     0.0510
c_F_nat             0.0000     6.0825    36.9967
y_nat               0.0000     0.3741     0.1399
g_nat               0.0000     0.3741     0.1399
c_nat_starr         0.0000     0.5266     0.2773
c_H_nat_starr       0.0000     4.8985    23.9957
c_F_nat_starr       0.0000     1.4097     1.9873
y_nat_starr         0.0000     2.0207     4.0832
g_nat_starr         0.0000     1.7759     3.1539
s_nat               0.0000     1.4018     1.9651



VARIANCE DECOMPOSITION (in percent)
                       eps_a  eps_a_starr
a                     100.00         0.00
a_starr                 0.00       100.00
c                       0.00       100.00
c_H                     0.00       100.00
c_F                     0.00       100.00
y                       0.00       100.00
g                       0.00       100.00
c_starr                 0.00       100.00
c_H_starr               0.00       100.00
c_F_starr               0.00       100.00
y_starr                 0.00       100.00
g_starr                 0.00       100.00
c_nat                   0.00       100.00
c_H_nat                 0.00       100.00
c_F_nat                 0.00       100.00
y_nat                   0.00       100.00
g_nat                   0.00       100.00
c_nat_starr             0.00       100.00
c_H_nat_starr           0.00       100.00
c_F_nat_starr           0.00       100.00
y_nat_starr             0.00       100.00
g_nat_starr             0.00       100.00
s_nat                   0.00       100.00



MATRIX OF CORRELATIONS
Variables              a_starr              c            c_H            c_F              y              g        c_starr      c_H_starr      c_F_starr        y_starr        g_starr          c_nat        c_H_nat        c_F_nat          y_nat          g_nat    c_nat_starr  c_H_nat_starr  c_F_nat_starr    y_nat_starr    g_nat_starr          s_nat
a_starr                 1.0000         1.0000        -1.0000         1.0000        -1.0000         1.0000         1.0000        -1.0000         1.0000         1.0000         1.0000         1.0000        -1.0000         1.0000        -1.0000         1.0000         1.0000        -1.0000         1.0000         1.0000         1.0000        -1.0000
c                       1.0000         1.0000        -1.0000         1.0000        -1.0000         1.0000         1.0000        -1.0000         1.0000         1.0000         1.0000         1.0000        -1.0000         1.0000        -1.0000         1.0000         1.0000        -1.0000         1.0000         1.0000         1.0000        -1.0000
c_H                    -1.0000        -1.0000         1.0000        -1.0000         1.0000        -1.0000        -1.0000         1.0000        -1.0000        -1.0000        -1.0000        -1.0000         1.0000        -1.0000         1.0000        -1.0000        -1.0000         1.0000        -1.0000        -1.0000        -1.0000         1.0000
c_F                     1.0000         1.0000        -1.0000         1.0000        -1.0000         1.0000         1.0000        -1.0000         1.0000         1.0000         1.0000         1.0000        -1.0000         1.0000        -1.0000         1.0000         1.0000        -1.0000         1.0000         1.0000         1.0000        -1.0000
y                      -1.0000        -1.0000         1.0000        -1.0000         1.0000        -1.0000        -1.0000         1.0000        -1.0000        -1.0000        -1.0000        -1.0000         1.0000        -1.0000         1.0000        -1.0000        -1.0000         1.0000        -1.0000        -1.0000        -1.0000         1.0000
g                       1.0000         1.0000        -1.0000         1.0000        -1.0000         1.0000         1.0000        -1.0000         1.0000         1.0000         1.0000         1.0000        -1.0000         1.0000        -1.0000         1.0000         1.0000        -1.0000         1.0000         1.0000         1.0000        -1.0000
c_starr                 1.0000         1.0000        -1.0000         1.0000        -1.0000         1.0000         1.0000        -1.0000         1.0000         1.0000         1.0000         1.0000        -1.0000         1.0000        -1.0000         1.0000         1.0000        -1.0000         1.0000         1.0000         1.0000        -1.0000
c_H_starr              -1.0000        -1.0000         1.0000        -1.0000         1.0000        -1.0000        -1.0000         1.0000        -1.0000        -1.0000        -1.0000        -1.0000         1.0000        -1.0000         1.0000        -1.0000        -1.0000         1.0000        -1.0000        -1.0000        -1.0000         1.0000
c_F_starr               1.0000         1.0000        -1.0000         1.0000        -1.0000         1.0000         1.0000        -1.0000         1.0000         1.0000         1.0000         1.0000        -1.0000         1.0000        -1.0000         1.0000         1.0000        -1.0000         1.0000         1.0000         1.0000        -1.0000
y_starr                 1.0000         1.0000        -1.0000         1.0000        -1.0000         1.0000         1.0000        -1.0000         1.0000         1.0000         1.0000         1.0000        -1.0000         1.0000        -1.0000         1.0000         1.0000        -1.0000         1.0000         1.0000         1.0000        -1.0000
g_starr                 1.0000         1.0000        -1.0000         1.0000        -1.0000         1.0000         1.0000        -1.0000         1.0000         1.0000         1.0000         1.0000        -1.0000         1.0000        -1.0000         1.0000         1.0000        -1.0000         1.0000         1.0000         1.0000        -1.0000
c_nat                   1.0000         1.0000        -1.0000         1.0000        -1.0000         1.0000         1.0000        -1.0000         1.0000         1.0000         1.0000         1.0000        -1.0000         1.0000        -1.0000         1.0000         1.0000        -1.0000         1.0000         1.0000         1.0000        -1.0000
c_H_nat                -1.0000        -1.0000         1.0000        -1.0000         1.0000        -1.0000        -1.0000         1.0000        -1.0000        -1.0000        -1.0000        -1.0000         1.0000        -1.0000         1.0000        -1.0000        -1.0000         1.0000        -1.0000        -1.0000        -1.0000         1.0000
c_F_nat                 1.0000         1.0000        -1.0000         1.0000        -1.0000         1.0000         1.0000        -1.0000         1.0000         1.0000         1.0000         1.0000        -1.0000         1.0000        -1.0000         1.0000         1.0000        -1.0000         1.0000         1.0000         1.0000        -1.0000
y_nat                  -1.0000        -1.0000         1.0000        -1.0000         1.0000        -1.0000        -1.0000         1.0000        -1.0000        -1.0000        -1.0000        -1.0000         1.0000        -1.0000         1.0000        -1.0000        -1.0000         1.0000        -1.0000        -1.0000        -1.0000         1.0000
g_nat                   1.0000         1.0000        -1.0000         1.0000        -1.0000         1.0000         1.0000        -1.0000         1.0000         1.0000         1.0000         1.0000        -1.0000         1.0000        -1.0000         1.0000         1.0000        -1.0000         1.0000         1.0000         1.0000        -1.0000
c_nat_starr             1.0000         1.0000        -1.0000         1.0000        -1.0000         1.0000         1.0000        -1.0000         1.0000         1.0000         1.0000         1.0000        -1.0000         1.0000        -1.0000         1.0000         1.0000        -1.0000         1.0000         1.0000         1.0000        -1.0000
c_H_nat_starr          -1.0000        -1.0000         1.0000        -1.0000         1.0000        -1.0000        -1.0000         1.0000        -1.0000        -1.0000        -1.0000        -1.0000         1.0000        -1.0000         1.0000        -1.0000        -1.0000         1.0000        -1.0000        -1.0000        -1.0000         1.0000
c_F_nat_starr           1.0000         1.0000        -1.0000         1.0000        -1.0000         1.0000         1.0000        -1.0000         1.0000         1.0000         1.0000         1.0000        -1.0000         1.0000        -1.0000         1.0000         1.0000        -1.0000         1.0000         1.0000         1.0000        -1.0000
y_nat_starr             1.0000         1.0000        -1.0000         1.0000        -1.0000         1.0000         1.0000        -1.0000         1.0000         1.0000         1.0000         1.0000        -1.0000         1.0000        -1.0000         1.0000         1.0000        -1.0000         1.0000         1.0000         1.0000        -1.0000
g_nat_starr             1.0000         1.0000        -1.0000         1.0000        -1.0000         1.0000         1.0000        -1.0000         1.0000         1.0000         1.0000         1.0000        -1.0000         1.0000        -1.0000         1.0000         1.0000        -1.0000         1.0000         1.0000         1.0000        -1.0000
s_nat                  -1.0000        -1.0000         1.0000        -1.0000         1.0000        -1.0000        -1.0000         1.0000        -1.0000        -1.0000        -1.0000        -1.0000         1.0000        -1.0000         1.0000        -1.0000        -1.0000         1.0000        -1.0000        -1.0000        -1.0000         1.0000



COEFFICIENTS OF AUTOCORRELATION
Order                 1       2       3       4       5
a_starr          0.8500  0.7225  0.6141  0.5220  0.4437
c                0.8500  0.7225  0.6141  0.5220  0.4437
c_H              0.8500  0.7225  0.6141  0.5220  0.4437
c_F              0.8500  0.7225  0.6141  0.5220  0.4437
y                0.8500  0.7225  0.6141  0.5220  0.4437
g                0.8500  0.7225  0.6141  0.5220  0.4437
c_starr          0.8500  0.7225  0.6141  0.5220  0.4437
c_H_starr        0.8500  0.7225  0.6141  0.5220  0.4437
c_F_starr        0.8500  0.7225  0.6141  0.5220  0.4437
y_starr          0.8500  0.7225  0.6141  0.5220  0.4437
g_starr          0.8500  0.7225  0.6141  0.5220  0.4437
c_nat            0.8500  0.7225  0.6141  0.5220  0.4437
c_H_nat          0.8500  0.7225  0.6141  0.5220  0.4437
c_F_nat          0.8500  0.7225  0.6141  0.5220  0.4437
y_nat            0.8500  0.7225  0.6141  0.5220  0.4437
g_nat            0.8500  0.7225  0.6141  0.5220  0.4437
c_nat_starr      0.8500  0.7225  0.6141  0.5220  0.4437
c_H_nat_starr    0.8500  0.7225  0.6141  0.5220  0.4437
c_F_nat_starr    0.8500  0.7225  0.6141  0.5220  0.4437
y_nat_starr      0.8500  0.7225  0.6141  0.5220  0.4437
g_nat_starr      0.8500  0.7225  0.6141  0.5220  0.4437
s_nat            0.8500  0.7225  0.6141  0.5220  0.4437
Total computing time : 0h00m04s
Note: 11 warning(s) encountered in the preprocessor
