Starting Dynare (version 5.0).
Calling Dynare with arguments: none
Starting preprocessing of the model file ...
Ramsey Problem: added 16 Multipliers.
Substitution of exo leads: added 4 auxiliary variables and equations.
Found 16 equation(s).
Found 40 FOC equation(s) for Ramsey Problem.
Evaluating expressions...done
Computing static model derivatives (order 1).
Computing dynamic model derivatives (order 1).
Computing static model derivatives (order 3).
Processing outputs ...
done
Preprocessing completed.





Residuals of the static equations:

Equation number 1 : 0
Equation number 2 : 0
Equation number 3 : 0
Equation number 4 : 0
Equation number 5 : 0
Equation number 6 : 0
Equation number 7 : 0
Equation number 8 : 0
Equation number 9 : 0
Equation number 10 : 0
Equation number 11 : 0
Equation number 12 : 0
Equation number 13 : 0
Equation number 14 : 0
Equation number 15 : 0
Equation number 16 : 0



STEADY-STATE RESULTS:

C                		 0.375
N                		 0.5
Y                		 0.5
G                		 0.125
A                		 1
XI               		 1
C_starr          		 0.375
N_starr          		 0.5
Y_starr          		 0.5
G_starr          		 0.125
A_starr          		 1
XI_starr         		 1
G_cap            		 0.25
G_cap_starr      		 0.25
C_cap            		 0.75
C_cap_starr      		 0.75
N_cap            		 1
N_cap_starr      		 1
U                		 -0.531168
U_starr          		 -0.531168

MODEL SUMMARY

  Number of variables:         40
  Number of stochastic shocks: 4
  Number of state variables:   4
  Number of jumpers:           4
  Number of static variables:  32


MATRIX OF COVARIANCE OF EXOGENOUS SHOCKS
Variables              eps_a   eps_a_starr        eps_xi  eps_xi_starr
eps_a               0.000000      0.000000      0.000000      0.000000
eps_a_starr         0.000000      1.000000      0.000000      0.000000
eps_xi              0.000000      0.000000      0.000000      0.000000
eps_xi_starr        0.000000      0.000000      0.000000      0.000000

POLICY AND TRANSITION FUNCTIONS
                                   C               N               Y               G               A              XI         C_starr         N_starr         Y_starr         G_starr         A_starr        XI_starr           G_cap     G_cap_starr           C_cap     C_cap_starr           N_cap     N_cap_starr               U         U_starr
Constant                    0.375000        0.500000        0.500000        0.125000        1.000000        1.000000        0.375000        0.500000        0.500000        0.125000        1.000000        1.000000        0.250000        0.250000        0.750000        0.750000        1.000000        1.000000       -0.531168       -0.531168
A(-1)                       0.311939       -0.021315        0.403685        0.111579        0.850000               0        0.006811        0.021315        0.021315       -0.005329               0               0        0.223158       -0.010658        0.623879        0.013621       -0.042630        0.042630        0.444833       -0.019833
XI(-1)                     -0.155970       -0.201842       -0.201842       -0.055789               0        0.850000       -0.003405       -0.010658       -0.010658        0.002664               0               0       -0.111579        0.005329       -0.311939       -0.006811       -0.403685       -0.021315       -0.222417        0.009917
A_starr(-1)                 0.006811        0.021315        0.021315       -0.005329               0               0        0.311939       -0.021315        0.403685        0.111579        0.850000               0       -0.010658        0.223158        0.013621        0.623879        0.042630       -0.042630       -0.019833        0.444833
XI_starr(-1)               -0.003405       -0.010658       -0.010658        0.002664               0               0       -0.155970       -0.201842       -0.201842       -0.055789               0        0.850000        0.005329       -0.111579       -0.006811       -0.311939       -0.021315       -0.403685        0.009917       -0.222417
eps_a                       0.366988       -0.025077        0.474923        0.131269        1.000000               0        0.008012        0.025077        0.025077       -0.006269               0               0        0.262538       -0.012538        0.733975        0.016025       -0.050153        0.050153        0.523333       -0.023333
eps_a_starr                 0.008012        0.025077        0.025077       -0.006269               0               0        0.366988       -0.025077        0.474923        0.131269        1.000000               0       -0.012538        0.262538        0.016025        0.733975        0.050153       -0.050153       -0.023333        0.523333
eps_xi                     -0.183494       -0.237462       -0.237462       -0.065635               0        1.000000       -0.004006       -0.012538       -0.012538        0.003135               0               0       -0.131269        0.006269       -0.366988       -0.008012       -0.474923       -0.025077       -0.261667        0.011667
eps_xi_starr               -0.004006       -0.012538       -0.012538        0.003135               0               0       -0.183494       -0.237462       -0.237462       -0.065635               0        1.000000        0.006269       -0.131269       -0.008012       -0.366988       -0.025077       -0.474923        0.011667       -0.261667


THEORETICAL MOMENTS
VARIABLE            MEAN  STD. DEV.   VARIANCE
C                 0.3750     0.0152     0.0002
N                 0.5000     0.0476     0.0023
Y                 0.5000     0.0476     0.0023
G                 0.1250     0.0119     0.0001
A                 1.0000     0.0000     0.0000
XI                1.0000     0.0000     0.0000
C_starr           0.3750     0.6967     0.4853
N_starr           0.5000     0.0476     0.0023
Y_starr           0.5000     0.9016     0.8128
G_starr           0.1250     0.2492     0.0621
A_starr           1.0000     1.8983     3.6036
XI_starr          1.0000     0.0000     0.0000
G_cap             0.2500     0.0238     0.0006
G_cap_starr       0.2500     0.4984     0.2484
C_cap             0.7500     0.0304     0.0009
C_cap_starr       0.7500     1.3933     1.9413
N_cap             1.0000     0.0952     0.0091
N_cap_starr       1.0000     0.0952     0.0091
U                -0.5312     0.0443     0.0020
U_starr          -0.5312     0.9935     0.9869



VARIANCE DECOMPOSITION (in percent)
                      eps_a   eps_a_starr        eps_xi  eps_xi_starr
C                      0.00        100.00          0.00          0.00
N                      0.00        100.00          0.00          0.00
Y                      0.00        100.00          0.00          0.00
G                      0.00        100.00          0.00          0.00
A                    100.00          0.00          0.00          0.00
XI                     0.00          0.00        100.00          0.00
C_starr                0.00        100.00          0.00          0.00
N_starr                0.00        100.00          0.00          0.00
Y_starr                0.00        100.00          0.00          0.00
G_starr                0.00        100.00          0.00          0.00
A_starr                0.00        100.00          0.00          0.00
XI_starr               0.00          0.00          0.00        100.00
G_cap                  0.00        100.00          0.00          0.00
G_cap_starr            0.00        100.00          0.00          0.00
C_cap                  0.00        100.00          0.00          0.00
C_cap_starr            0.00        100.00          0.00          0.00
N_cap                  0.00        100.00          0.00          0.00
N_cap_starr            0.00        100.00          0.00          0.00
U                      0.00        100.00          0.00          0.00
U_starr                0.00        100.00          0.00          0.00



MATRIX OF CORRELATIONS
Variables                C            N            Y            G      C_starr      N_starr      Y_starr      G_starr      A_starr        G_cap  G_cap_starr        C_cap  C_cap_starr        N_cap  N_cap_starr            U      U_starr
C                   1.0000       1.0000       1.0000      -1.0000       1.0000      -1.0000       1.0000       1.0000       1.0000      -1.0000       1.0000       1.0000       1.0000       1.0000      -1.0000      -1.0000       1.0000
N                   1.0000       1.0000       1.0000      -1.0000       1.0000      -1.0000       1.0000       1.0000       1.0000      -1.0000       1.0000       1.0000       1.0000       1.0000      -1.0000      -1.0000       1.0000
Y                   1.0000       1.0000       1.0000      -1.0000       1.0000      -1.0000       1.0000       1.0000       1.0000      -1.0000       1.0000       1.0000       1.0000       1.0000      -1.0000      -1.0000       1.0000
G                  -1.0000      -1.0000      -1.0000       1.0000      -1.0000       1.0000      -1.0000      -1.0000      -1.0000       1.0000      -1.0000      -1.0000      -1.0000      -1.0000       1.0000       1.0000      -1.0000
C_starr             1.0000       1.0000       1.0000      -1.0000       1.0000      -1.0000       1.0000       1.0000       1.0000      -1.0000       1.0000       1.0000       1.0000       1.0000      -1.0000      -1.0000       1.0000
N_starr            -1.0000      -1.0000      -1.0000       1.0000      -1.0000       1.0000      -1.0000      -1.0000      -1.0000       1.0000      -1.0000      -1.0000      -1.0000      -1.0000       1.0000       1.0000      -1.0000
Y_starr             1.0000       1.0000       1.0000      -1.0000       1.0000      -1.0000       1.0000       1.0000       1.0000      -1.0000       1.0000       1.0000       1.0000       1.0000      -1.0000      -1.0000       1.0000
G_starr             1.0000       1.0000       1.0000      -1.0000       1.0000      -1.0000       1.0000       1.0000       1.0000      -1.0000       1.0000       1.0000       1.0000       1.0000      -1.0000      -1.0000       1.0000
A_starr             1.0000       1.0000       1.0000      -1.0000       1.0000      -1.0000       1.0000       1.0000       1.0000      -1.0000       1.0000       1.0000       1.0000       1.0000      -1.0000      -1.0000       1.0000
G_cap              -1.0000      -1.0000      -1.0000       1.0000      -1.0000       1.0000      -1.0000      -1.0000      -1.0000       1.0000      -1.0000      -1.0000      -1.0000      -1.0000       1.0000       1.0000      -1.0000
G_cap_starr         1.0000       1.0000       1.0000      -1.0000       1.0000      -1.0000       1.0000       1.0000       1.0000      -1.0000       1.0000       1.0000       1.0000       1.0000      -1.0000      -1.0000       1.0000
C_cap               1.0000       1.0000       1.0000      -1.0000       1.0000      -1.0000       1.0000       1.0000       1.0000      -1.0000       1.0000       1.0000       1.0000       1.0000      -1.0000      -1.0000       1.0000
C_cap_starr         1.0000       1.0000       1.0000      -1.0000       1.0000      -1.0000       1.0000       1.0000       1.0000      -1.0000       1.0000       1.0000       1.0000       1.0000      -1.0000      -1.0000       1.0000
N_cap               1.0000       1.0000       1.0000      -1.0000       1.0000      -1.0000       1.0000       1.0000       1.0000      -1.0000       1.0000       1.0000       1.0000       1.0000      -1.0000      -1.0000       1.0000
N_cap_starr        -1.0000      -1.0000      -1.0000       1.0000      -1.0000       1.0000      -1.0000      -1.0000      -1.0000       1.0000      -1.0000      -1.0000      -1.0000      -1.0000       1.0000       1.0000      -1.0000
U                  -1.0000      -1.0000      -1.0000       1.0000      -1.0000       1.0000      -1.0000      -1.0000      -1.0000       1.0000      -1.0000      -1.0000      -1.0000      -1.0000       1.0000       1.0000      -1.0000
U_starr             1.0000       1.0000       1.0000      -1.0000       1.0000      -1.0000       1.0000       1.0000       1.0000      -1.0000       1.0000       1.0000       1.0000       1.0000      -1.0000      -1.0000       1.0000



COEFFICIENTS OF AUTOCORRELATION
Order               1       2       3       4       5
C              0.8500  0.7225  0.6141  0.5220  0.4437
N              0.8500  0.7225  0.6141  0.5220  0.4437
Y              0.8500  0.7225  0.6141  0.5220  0.4437
G              0.8500  0.7225  0.6141  0.5220  0.4437
C_starr        0.8500  0.7225  0.6141  0.5220  0.4437
N_starr        0.8500  0.7225  0.6141  0.5220  0.4437
Y_starr        0.8500  0.7225  0.6141  0.5220  0.4437
G_starr        0.8500  0.7225  0.6141  0.5220  0.4437
A_starr        0.8500  0.7225  0.6141  0.5220  0.4437
G_cap          0.8500  0.7225  0.6141  0.5220  0.4437
G_cap_starr    0.8500  0.7225  0.6141  0.5220  0.4437
C_cap          0.8500  0.7225  0.6141  0.5220  0.4437
C_cap_starr    0.8500  0.7225  0.6141  0.5220  0.4437
N_cap          0.8500  0.7225  0.6141  0.5220  0.4437
N_cap_starr    0.8500  0.7225  0.6141  0.5220  0.4437
U              0.8500  0.7225  0.6141  0.5220  0.4437
U_starr        0.8500  0.7225  0.6141  0.5220  0.4437
Total computing time : 0h00m03s
